[0.122s] Invoking command in '/home/edsols/Ed-dogws/build/eddog_description': AMENT_PREFIX_PATH=/home/edsols/Ed-dogws/install/eddog_msgs:${AMENT_PREFIX_PATH} CMAKE_PREFIX_PATH=/home/edsols/Ed-dogws/install/eddog_msgs:/home/edsols/pup/install/eddog_teleop:/home/edsols/pup/install/eddog_description:/home/edsols/pup/install/eddog_cam:/home/edsols/pup/install/eddog_msgs:/home/edsols/pup/install/eddog_controller:/opt/ros/humble LD_LIBRARY_PATH=/home/edsols/Ed-dogws/install/eddog_msgs/lib:${LD_LIBRARY_PATH} PYTHONPATH=/home/edsols/Ed-dogws/install/eddog_msgs/local/lib/python3.10/dist-packages:${PYTHONPATH} /usr/bin/cmake /home/edsols/Ed-dogws/eddog_description -DCMAKE_INSTALL_PREFIX=/home/edsols/Ed-dogws/install/eddog_description
[0.175s] -- The C compiler identification is GNU 11.4.0
[0.233s] -- The CXX compiler identification is GNU 11.4.0
[0.239s] -- Detecting C compiler ABI info
[0.298s] -- Detecting C compiler ABI info - done
[0.304s] -- Check for working C compiler: /usr/bin/cc - skipped
[0.305s] -- Detecting C compile features
[0.305s] -- Detecting C compile features - done
[0.308s] -- Detecting CXX compiler ABI info
[0.375s] -- Detecting CXX compiler ABI info - done
[0.381s] -- Check for working CXX compiler: /usr/bin/c++ - skipped
[0.383s] -- Detecting CXX compile features
[0.383s] -- Detecting CXX compile features - done
[0.385s] -- Found ament_cmake: 1.3.6 (/opt/ros/humble/share/ament_cmake/cmake)
[0.547s] -- Found Python3: /usr/bin/python3.10 (found version "3.10.12") found components: Interpreter 
[0.633s] -- Found eddog_msgs: 0.0.0 (/home/edsols/Ed-dogws/install/eddog_msgs/share/eddog_msgs/cmake)
[0.669s] -- Found rosidl_generator_c: 3.1.5 (/opt/ros/humble/share/rosidl_generator_c/cmake)
[0.675s] -- Found rosidl_adapter: 3.1.5 (/opt/ros/humble/share/rosidl_adapter/cmake)
[0.683s] -- Found rosidl_generator_cpp: 3.1.5 (/opt/ros/humble/share/rosidl_generator_cpp/cmake)
[0.696s] -- Using all available rosidl_typesupport_c: rosidl_typesupport_fastrtps_c;rosidl_typesupport_introspection_c
[0.714s] -- Using all available rosidl_typesupport_cpp: rosidl_typesupport_fastrtps_cpp;rosidl_typesupport_introspection_cpp
[1.024s] -- Found rclpy: 3.3.11 (/opt/ros/humble/share/rclpy/cmake)
[1.026s] -- Found nav_msgs: 4.2.3 (/opt/ros/humble/share/nav_msgs/cmake)
[1.252s] -- Configuring done
[1.260s] -- Generating done
[1.261s] -- Build files have been written to: /home/edsols/Ed-dogws/build/eddog_description
[1.268s] Invoked command in '/home/edsols/Ed-dogws/build/eddog_description' returned '0': AMENT_PREFIX_PATH=/home/edsols/Ed-dogws/install/eddog_msgs:${AMENT_PREFIX_PATH} CMAKE_PREFIX_PATH=/home/edsols/Ed-dogws/install/eddog_msgs:/home/edsols/pup/install/eddog_teleop:/home/edsols/pup/install/eddog_description:/home/edsols/pup/install/eddog_cam:/home/edsols/pup/install/eddog_msgs:/home/edsols/pup/install/eddog_controller:/opt/ros/humble LD_LIBRARY_PATH=/home/edsols/Ed-dogws/install/eddog_msgs/lib:${LD_LIBRARY_PATH} PYTHONPATH=/home/edsols/Ed-dogws/install/eddog_msgs/local/lib/python3.10/dist-packages:${PYTHONPATH} /usr/bin/cmake /home/edsols/Ed-dogws/eddog_description -DCMAKE_INSTALL_PREFIX=/home/edsols/Ed-dogws/install/eddog_description
[1.269s] Invoking command in '/home/edsols/Ed-dogws/build/eddog_description': AMENT_PREFIX_PATH=/home/edsols/Ed-dogws/install/eddog_msgs:${AMENT_PREFIX_PATH} CMAKE_PREFIX_PATH=/home/edsols/Ed-dogws/install/eddog_msgs:/home/edsols/pup/install/eddog_teleop:/home/edsols/pup/install/eddog_description:/home/edsols/pup/install/eddog_cam:/home/edsols/pup/install/eddog_msgs:/home/edsols/pup/install/eddog_controller:/opt/ros/humble LD_LIBRARY_PATH=/home/edsols/Ed-dogws/install/eddog_msgs/lib:${LD_LIBRARY_PATH} PYTHONPATH=/home/edsols/Ed-dogws/install/eddog_msgs/local/lib/python3.10/dist-packages:${PYTHONPATH} /usr/bin/cmake --build /home/edsols/Ed-dogws/build/eddog_description -- -j6 -l6
[1.322s] Built target ament_cmake_python_copy_src
[1.542s] running egg_info
[1.542s] creating src.egg-info
[1.542s] writing src.egg-info/PKG-INFO
[1.542s] writing dependency_links to src.egg-info/dependency_links.txt
[1.542s] writing top-level names to src.egg-info/top_level.txt
[1.542s] writing manifest file 'src.egg-info/SOURCES.txt'
[1.543s] reading manifest file 'src.egg-info/SOURCES.txt'
[1.543s] writing manifest file 'src.egg-info/SOURCES.txt'
[1.566s] Built target ament_cmake_python_build_src_egg
[1.576s] Invoked command in '/home/edsols/Ed-dogws/build/eddog_description' returned '0': AMENT_PREFIX_PATH=/home/edsols/Ed-dogws/install/eddog_msgs:${AMENT_PREFIX_PATH} CMAKE_PREFIX_PATH=/home/edsols/Ed-dogws/install/eddog_msgs:/home/edsols/pup/install/eddog_teleop:/home/edsols/pup/install/eddog_description:/home/edsols/pup/install/eddog_cam:/home/edsols/pup/install/eddog_msgs:/home/edsols/pup/install/eddog_controller:/opt/ros/humble LD_LIBRARY_PATH=/home/edsols/Ed-dogws/install/eddog_msgs/lib:${LD_LIBRARY_PATH} PYTHONPATH=/home/edsols/Ed-dogws/install/eddog_msgs/local/lib/python3.10/dist-packages:${PYTHONPATH} /usr/bin/cmake --build /home/edsols/Ed-dogws/build/eddog_description -- -j6 -l6
[1.630s] Invoking command in '/home/edsols/Ed-dogws/build/eddog_description': AMENT_PREFIX_PATH=/home/edsols/Ed-dogws/install/eddog_msgs:${AMENT_PREFIX_PATH} CMAKE_PREFIX_PATH=/home/edsols/Ed-dogws/install/eddog_msgs:/home/edsols/pup/install/eddog_teleop:/home/edsols/pup/install/eddog_description:/home/edsols/pup/install/eddog_cam:/home/edsols/pup/install/eddog_msgs:/home/edsols/pup/install/eddog_controller:/opt/ros/humble LD_LIBRARY_PATH=/home/edsols/Ed-dogws/install/eddog_msgs/lib:${LD_LIBRARY_PATH} PYTHONPATH=/home/edsols/Ed-dogws/install/eddog_msgs/local/lib/python3.10/dist-packages:${PYTHONPATH} /usr/bin/cmake --install /home/edsols/Ed-dogws/build/eddog_description
[1.636s] -- Install configuration: ""
[1.636s] -- Installing: /home/edsols/Ed-dogws/install/eddog_description/share/eddog_description/environment/pythonpath.sh
[1.637s] -- Installing: /home/edsols/Ed-dogws/install/eddog_description/share/eddog_description/environment/pythonpath.dsv
[1.637s] -- Installing: /home/edsols/Ed-dogws/install/eddog_description/local/lib/python3.10/dist-packages/src-0.0.0-py3.10.egg-info
[1.637s] -- Installing: /home/edsols/Ed-dogws/install/eddog_description/local/lib/python3.10/dist-packages/src-0.0.0-py3.10.egg-info/dependency_links.txt
[1.637s] -- Installing: /home/edsols/Ed-dogws/install/eddog_description/local/lib/python3.10/dist-packages/src-0.0.0-py3.10.egg-info/PKG-INFO
[1.637s] -- Installing: /home/edsols/Ed-dogws/install/eddog_description/local/lib/python3.10/dist-packages/src-0.0.0-py3.10.egg-info/SOURCES.txt
[1.637s] -- Installing: /home/edsols/Ed-dogws/install/eddog_description/local/lib/python3.10/dist-packages/src-0.0.0-py3.10.egg-info/top_level.txt
[1.637s] -- Installing: /home/edsols/Ed-dogws/install/eddog_description/local/lib/python3.10/dist-packages/src
[1.637s] -- Installing: /home/edsols/Ed-dogws/install/eddog_description/local/lib/python3.10/dist-packages/src/fake_oden.py
[1.637s] -- Installing: /home/edsols/Ed-dogws/install/eddog_description/local/lib/python3.10/dist-packages/src/__init__.py
[1.638s] -- Installing: /home/edsols/Ed-dogws/install/eddog_description/local/lib/python3.10/dist-packages/src/eddog_gazebo_joint_controller.py
[1.666s] Listing '/home/edsols/Ed-dogws/install/eddog_description/local/lib/python3.10/dist-packages/src'...
[1.666s] Compiling '/home/edsols/Ed-dogws/install/eddog_description/local/lib/python3.10/dist-packages/src/__init__.py'...
[1.666s] Compiling '/home/edsols/Ed-dogws/install/eddog_description/local/lib/python3.10/dist-packages/src/eddog_gazebo_joint_controller.py'...
[1.666s] Compiling '/home/edsols/Ed-dogws/install/eddog_description/local/lib/python3.10/dist-packages/src/fake_oden.py'...
[1.670s] -- Installing: /home/edsols/Ed-dogws/install/eddog_description/lib/eddog_description/fake_oden.py
[1.670s] -- Installing: /home/edsols/Ed-dogws/install/eddog_description/lib/eddog_description/eddog_gazebo_joint_controller.py
[1.670s] -- Installing: /home/edsols/Ed-dogws/install/eddog_description/share/eddog_description/meshes
[1.671s] -- Installing: /home/edsols/Ed-dogws/install/eddog_description/share/eddog_description/meshes/right_leg.stl
[1.692s] -- Installing: /home/edsols/Ed-dogws/install/eddog_description/share/eddog_description/meshes/body.stl
[1.699s] -- Installing: /home/edsols/Ed-dogws/install/eddog_description/share/eddog_description/meshes/left_arm.stl
[1.722s] -- Installing: /home/edsols/Ed-dogws/install/eddog_description/share/eddog_description/meshes/foot.stl
[1.724s] -- Installing: /home/edsols/Ed-dogws/install/eddog_description/share/eddog_description/meshes/d415.stl
[1.771s] -- Installing: /home/edsols/Ed-dogws/install/eddog_description/share/eddog_description/meshes/left_leg.stl
[1.795s] -- Installing: /home/edsols/Ed-dogws/install/eddog_description/share/eddog_description/meshes/left_coax.stl
[1.819s] -- Installing: /home/edsols/Ed-dogws/install/eddog_description/share/eddog_description/meshes/right_coax.stl
[1.840s] -- Installing: /home/edsols/Ed-dogws/install/eddog_description/share/eddog_description/meshes/right_arm.stl
[1.865s] -- Installing: /home/edsols/Ed-dogws/install/eddog_description/share/eddog_description/meshes/plug_collision.stl
[1.865s] -- Installing: /home/edsols/Ed-dogws/install/eddog_description/share/eddog_description/urdf
[1.865s] -- Installing: /home/edsols/Ed-dogws/install/eddog_description/share/eddog_description/urdf/eddog_joints.xacro
[1.866s] -- Installing: /home/edsols/Ed-dogws/install/eddog_description/share/eddog_description/urdf/eddog_gazebo.xacro
[1.866s] -- Installing: /home/edsols/Ed-dogws/install/eddog_description/share/eddog_description/urdf/gazebo_ros2_control_plugin.xacro
[1.866s] -- Installing: /home/edsols/Ed-dogws/install/eddog_description/share/eddog_description/urdf/eddog_transmissions.xacro
[1.866s] -- Installing: /home/edsols/Ed-dogws/install/eddog_description/share/eddog_description/urdf/eddog.urdf.xacro
[1.866s] -- Installing: /home/edsols/Ed-dogws/install/eddog_description/share/eddog_description/urdf/eddog_links.xacro
[1.867s] -- Installing: /home/edsols/Ed-dogws/install/eddog_description/share/eddog_description/launch
[1.867s] -- Installing: /home/edsols/Ed-dogws/install/eddog_description/share/eddog_description/launch/gazebo.launch.py
[1.867s] -- Installing: /home/edsols/Ed-dogws/install/eddog_description/share/eddog_description/launch/display.launch.py
[1.867s] -- Installing: /home/edsols/Ed-dogws/install/eddog_description/share/eddog_description/launch/gazebo_allpkgs.launch.py
[1.867s] -- Installing: /home/edsols/Ed-dogws/install/eddog_description/share/eddog_description/config
[1.867s] -- Installing: /home/edsols/Ed-dogws/install/eddog_description/share/eddog_description/config/display.rviz
[1.867s] -- Installing: /home/edsols/Ed-dogws/install/eddog_description/share/eddog_description/config/eddog_controller.yaml
[1.868s] -- Installing: /home/edsols/Ed-dogws/install/eddog_description/share/eddog_description/src
[1.868s] -- Installing: /home/edsols/Ed-dogws/install/eddog_description/share/eddog_description/src/fake_oden.py
[1.868s] -- Installing: /home/edsols/Ed-dogws/install/eddog_description/share/eddog_description/src/__init__.py
[1.868s] -- Installing: /home/edsols/Ed-dogws/install/eddog_description/share/eddog_description/src/eddog_gazebo_joint_controller.py
[1.868s] -- Installing: /home/edsols/Ed-dogws/install/eddog_description/share/eddog_description/world
[1.868s] -- Installing: /home/edsols/Ed-dogws/install/eddog_description/share/eddog_description/world/contact.world
[1.868s] -- Installing: /home/edsols/Ed-dogws/install/eddog_description/share/eddog_description/world/test_world.world
[1.869s] -- Installing: /home/edsols/Ed-dogws/install/eddog_description/share/eddog_description/world/realsense_camera.world
[1.869s] -- Installing: /home/edsols/Ed-dogws/install/eddog_description/share/eddog_description/world/dolly_city.world
[1.870s] -- Installing: /home/edsols/Ed-dogws/install/eddog_description/share/ament_index/resource_index/package_run_dependencies/eddog_description
[1.870s] -- Installing: /home/edsols/Ed-dogws/install/eddog_description/share/ament_index/resource_index/parent_prefix_path/eddog_description
[1.870s] -- Installing: /home/edsols/Ed-dogws/install/eddog_description/share/eddog_description/environment/ament_prefix_path.sh
[1.870s] -- Installing: /home/edsols/Ed-dogws/install/eddog_description/share/eddog_description/environment/ament_prefix_path.dsv
[1.870s] -- Installing: /home/edsols/Ed-dogws/install/eddog_description/share/eddog_description/environment/path.sh
[1.870s] -- Installing: /home/edsols/Ed-dogws/install/eddog_description/share/eddog_description/environment/path.dsv
[1.870s] -- Installing: /home/edsols/Ed-dogws/install/eddog_description/share/eddog_description/local_setup.bash
[1.871s] -- Installing: /home/edsols/Ed-dogws/install/eddog_description/share/eddog_description/local_setup.sh
[1.871s] -- Installing: /home/edsols/Ed-dogws/install/eddog_description/share/eddog_description/local_setup.zsh
[1.871s] -- Installing: /home/edsols/Ed-dogws/install/eddog_description/share/eddog_description/local_setup.dsv
[1.871s] -- Installing: /home/edsols/Ed-dogws/install/eddog_description/share/eddog_description/package.dsv
[1.871s] -- Installing: /home/edsols/Ed-dogws/install/eddog_description/share/ament_index/resource_index/packages/eddog_description
[1.871s] -- Installing: /home/edsols/Ed-dogws/install/eddog_description/share/eddog_description/cmake/eddog_descriptionConfig.cmake
[1.871s] -- Installing: /home/edsols/Ed-dogws/install/eddog_description/share/eddog_description/cmake/eddog_descriptionConfig-version.cmake
[1.871s] -- Installing: /home/edsols/Ed-dogws/install/eddog_description/share/eddog_description/package.xml
[1.873s] Invoked command in '/home/edsols/Ed-dogws/build/eddog_description' returned '0': AMENT_PREFIX_PATH=/home/edsols/Ed-dogws/install/eddog_msgs:${AMENT_PREFIX_PATH} CMAKE_PREFIX_PATH=/home/edsols/Ed-dogws/install/eddog_msgs:/home/edsols/pup/install/eddog_teleop:/home/edsols/pup/install/eddog_description:/home/edsols/pup/install/eddog_cam:/home/edsols/pup/install/eddog_msgs:/home/edsols/pup/install/eddog_controller:/opt/ros/humble LD_LIBRARY_PATH=/home/edsols/Ed-dogws/install/eddog_msgs/lib:${LD_LIBRARY_PATH} PYTHONPATH=/home/edsols/Ed-dogws/install/eddog_msgs/local/lib/python3.10/dist-packages:${PYTHONPATH} /usr/bin/cmake --install /home/edsols/Ed-dogws/build/eddog_description
