Built target ament_cmake_python_copy_src
running egg_info
writing src.egg-info/PKG-INFO
writing dependency_links to src.egg-info/dependency_links.txt
writing top-level names to src.egg-info/top_level.txt
reading manifest file 'src.egg-info/SOURCES.txt'
writing manifest file 'src.egg-info/SOURCES.txt'
Built target ament_cmake_python_build_src_egg
-- Install configuration: ""
-- Up-to-date: /home/edsols/Ed-dogws/install/eddog_teleop/share/eddog_teleop/environment/pythonpath.sh
-- Up-to-date: /home/edsols/Ed-dogws/install/eddog_teleop/share/eddog_teleop/environment/pythonpath.dsv
-- Up-to-date: /home/edsols/Ed-dogws/install/eddog_teleop/local/lib/python3.10/dist-packages/src-0.0.0-py3.10.egg-info
-- Installing: /home/edsols/Ed-dogws/install/eddog_teleop/local/lib/python3.10/dist-packages/src-0.0.0-py3.10.egg-info/dependency_links.txt
-- Installing: /home/edsols/Ed-dogws/install/eddog_teleop/local/lib/python3.10/dist-packages/src-0.0.0-py3.10.egg-info/PKG-INFO
-- Installing: /home/edsols/Ed-dogws/install/eddog_teleop/local/lib/python3.10/dist-packages/src-0.0.0-py3.10.egg-info/SOURCES.txt
-- Installing: /home/edsols/Ed-dogws/install/eddog_teleop/local/lib/python3.10/dist-packages/src-0.0.0-py3.10.egg-info/top_level.txt
-- Up-to-date: /home/edsols/Ed-dogws/install/eddog_teleop/local/lib/python3.10/dist-packages/src
-- Up-to-date: /home/edsols/Ed-dogws/install/eddog_teleop/local/lib/python3.10/dist-packages/src/__init__.py
-- Up-to-date: /home/edsols/Ed-dogws/install/eddog_teleop/local/lib/python3.10/dist-packages/src/eddog_definitions.py
-- Up-to-date: /home/edsols/Ed-dogws/install/eddog_teleop/local/lib/python3.10/dist-packages/src/eddog_teleop_joy.py
-- Up-to-date: /home/edsols/Ed-dogws/install/eddog_teleop/local/lib/python3.10/dist-packages/src/joystick.py
Listing '/home/edsols/Ed-dogws/install/eddog_teleop/local/lib/python3.10/dist-packages/src'...
-- Up-to-date: /home/edsols/Ed-dogws/install/eddog_teleop/lib/eddog_teleop/eddog_definitions.py
-- Up-to-date: /home/edsols/Ed-dogws/install/eddog_teleop/lib/eddog_teleop/eddog_teleop_joy.py
-- Up-to-date: /home/edsols/Ed-dogws/install/eddog_teleop/lib/eddog_teleop/joystick.py
-- Up-to-date: /home/edsols/Ed-dogws/install/eddog_teleop/share/eddog_teleop/launch
-- Up-to-date: /home/edsols/Ed-dogws/install/eddog_teleop/share/eddog_teleop/launch/eddog_teleop.launch.py
-- Up-to-date: /home/edsols/Ed-dogws/install/eddog_teleop/share/eddog_teleop/src
-- Up-to-date: /home/edsols/Ed-dogws/install/eddog_teleop/share/eddog_teleop/src/__init__.py
-- Up-to-date: /home/edsols/Ed-dogws/install/eddog_teleop/share/eddog_teleop/src/eddog_definitions.py
-- Up-to-date: /home/edsols/Ed-dogws/install/eddog_teleop/share/eddog_teleop/src/eddog_teleop_joy.py
-- Up-to-date: /home/edsols/Ed-dogws/install/eddog_teleop/share/eddog_teleop/src/joystick.py
-- Up-to-date: /home/edsols/Ed-dogws/install/eddog_teleop/share/ament_index/resource_index/package_run_dependencies/eddog_teleop
-- Up-to-date: /home/edsols/Ed-dogws/install/eddog_teleop/share/ament_index/resource_index/parent_prefix_path/eddog_teleop
-- Up-to-date: /home/edsols/Ed-dogws/install/eddog_teleop/share/eddog_teleop/environment/ament_prefix_path.sh
-- Up-to-date: /home/edsols/Ed-dogws/install/eddog_teleop/share/eddog_teleop/environment/ament_prefix_path.dsv
-- Up-to-date: /home/edsols/Ed-dogws/install/eddog_teleop/share/eddog_teleop/environment/path.sh
-- Up-to-date: /home/edsols/Ed-dogws/install/eddog_teleop/share/eddog_teleop/environment/path.dsv
-- Up-to-date: /home/edsols/Ed-dogws/install/eddog_teleop/share/eddog_teleop/local_setup.bash
-- Up-to-date: /home/edsols/Ed-dogws/install/eddog_teleop/share/eddog_teleop/local_setup.sh
-- Up-to-date: /home/edsols/Ed-dogws/install/eddog_teleop/share/eddog_teleop/local_setup.zsh
-- Up-to-date: /home/edsols/Ed-dogws/install/eddog_teleop/share/eddog_teleop/local_setup.dsv
-- Up-to-date: /home/edsols/Ed-dogws/install/eddog_teleop/share/eddog_teleop/package.dsv
-- Up-to-date: /home/edsols/Ed-dogws/install/eddog_teleop/share/ament_index/resource_index/packages/eddog_teleop
-- Up-to-date: /home/edsols/Ed-dogws/install/eddog_teleop/share/eddog_teleop/cmake/eddog_teleopConfig.cmake
-- Up-to-date: /home/edsols/Ed-dogws/install/eddog_teleop/share/eddog_teleop/cmake/eddog_teleopConfig-version.cmake
-- Up-to-date: /home/edsols/Ed-dogws/install/eddog_teleop/share/eddog_teleop/package.xml
