-- The C compiler identification is GNU 11.4.0
-- The CXX compiler identification is GNU 11.4.0
-- Detecting C compiler ABI info
-- Detecting C compiler ABI info - done
-- Check for working C compiler: /usr/bin/cc - skipped
-- Detecting C compile features
-- Detecting C compile features - done
-- Detecting CXX compiler ABI info
-- Detecting CXX compiler ABI info - done
-- Check for working CXX compiler: /usr/bin/c++ - skipped
-- Detecting CXX compile features
-- Detecting CXX compile features - done
-- Found ament_cmake: 1.3.6 (/opt/ros/humble/share/ament_cmake/cmake)
-- Found Python3: /usr/bin/python3.10 (found version "3.10.12") found components: Interpreter 
-- Found rclpy: 3.3.11 (/opt/ros/humble/share/rclpy/cmake)
-- Found sensor_msgs: 4.2.3 (/opt/ros/humble/share/sensor_msgs/cmake)
-- Found rosidl_generator_c: 3.1.5 (/opt/ros/humble/share/rosidl_generator_c/cmake)
-- Found rosidl_adapter: 3.1.5 (/opt/ros/humble/share/rosidl_adapter/cmake)
-- Found rosidl_generator_cpp: 3.1.5 (/opt/ros/humble/share/rosidl_generator_cpp/cmake)
-- Using all available rosidl_typesupport_c: rosidl_typesupport_fastrtps_c;rosidl_typesupport_introspection_c
-- Using all available rosidl_typesupport_cpp: rosidl_typesupport_fastrtps_cpp;rosidl_typesupport_introspection_cpp
-- Found eddog_msgs: 0.0.0 (/home/edsols/Ed-dogws/install/eddog_msgs/share/eddog_msgs/cmake)
-- Configuring done
-- Generating done
-- Build files have been written to: /home/edsols/Ed-dogws/build/eddog_teleop
Built target ament_cmake_python_copy_src
running egg_info
creating src.egg-info
writing src.egg-info/PKG-INFO
writing dependency_links to src.egg-info/dependency_links.txt
writing top-level names to src.egg-info/top_level.txt
writing manifest file 'src.egg-info/SOURCES.txt'
reading manifest file 'src.egg-info/SOURCES.txt'
writing manifest file 'src.egg-info/SOURCES.txt'
Built target ament_cmake_python_build_src_egg
-- Install configuration: ""
-- Installing: /home/edsols/Ed-dogws/install/eddog_teleop/share/eddog_teleop/environment/pythonpath.sh
-- Installing: /home/edsols/Ed-dogws/install/eddog_teleop/share/eddog_teleop/environment/pythonpath.dsv
-- Installing: /home/edsols/Ed-dogws/install/eddog_teleop/local/lib/python3.10/dist-packages/src-0.0.0-py3.10.egg-info
-- Installing: /home/edsols/Ed-dogws/install/eddog_teleop/local/lib/python3.10/dist-packages/src-0.0.0-py3.10.egg-info/dependency_links.txt
-- Installing: /home/edsols/Ed-dogws/install/eddog_teleop/local/lib/python3.10/dist-packages/src-0.0.0-py3.10.egg-info/PKG-INFO
-- Installing: /home/edsols/Ed-dogws/install/eddog_teleop/local/lib/python3.10/dist-packages/src-0.0.0-py3.10.egg-info/SOURCES.txt
-- Installing: /home/edsols/Ed-dogws/install/eddog_teleop/local/lib/python3.10/dist-packages/src-0.0.0-py3.10.egg-info/top_level.txt
-- Installing: /home/edsols/Ed-dogws/install/eddog_teleop/local/lib/python3.10/dist-packages/src
-- Installing: /home/edsols/Ed-dogws/install/eddog_teleop/local/lib/python3.10/dist-packages/src/__init__.py
-- Installing: /home/edsols/Ed-dogws/install/eddog_teleop/local/lib/python3.10/dist-packages/src/eddog_definitions.py
-- Installing: /home/edsols/Ed-dogws/install/eddog_teleop/local/lib/python3.10/dist-packages/src/eddog_teleop_joy.py
-- Installing: /home/edsols/Ed-dogws/install/eddog_teleop/local/lib/python3.10/dist-packages/src/joystick.py
Listing '/home/edsols/Ed-dogws/install/eddog_teleop/local/lib/python3.10/dist-packages/src'...
Compiling '/home/edsols/Ed-dogws/install/eddog_teleop/local/lib/python3.10/dist-packages/src/__init__.py'...
Compiling '/home/edsols/Ed-dogws/install/eddog_teleop/local/lib/python3.10/dist-packages/src/eddog_definitions.py'...
Compiling '/home/edsols/Ed-dogws/install/eddog_teleop/local/lib/python3.10/dist-packages/src/eddog_teleop_joy.py'...
Compiling '/home/edsols/Ed-dogws/install/eddog_teleop/local/lib/python3.10/dist-packages/src/joystick.py'...
-- Installing: /home/edsols/Ed-dogws/install/eddog_teleop/lib/eddog_teleop/eddog_definitions.py
-- Installing: /home/edsols/Ed-dogws/install/eddog_teleop/lib/eddog_teleop/eddog_teleop_joy.py
-- Installing: /home/edsols/Ed-dogws/install/eddog_teleop/lib/eddog_teleop/joystick.py
-- Installing: /home/edsols/Ed-dogws/install/eddog_teleop/share/eddog_teleop/launch
-- Installing: /home/edsols/Ed-dogws/install/eddog_teleop/share/eddog_teleop/launch/eddog_teleop.launch.py
-- Installing: /home/edsols/Ed-dogws/install/eddog_teleop/share/eddog_teleop/src
-- Installing: /home/edsols/Ed-dogws/install/eddog_teleop/share/eddog_teleop/src/__init__.py
-- Installing: /home/edsols/Ed-dogws/install/eddog_teleop/share/eddog_teleop/src/eddog_definitions.py
-- Installing: /home/edsols/Ed-dogws/install/eddog_teleop/share/eddog_teleop/src/eddog_teleop_joy.py
-- Installing: /home/edsols/Ed-dogws/install/eddog_teleop/share/eddog_teleop/src/joystick.py
-- Installing: /home/edsols/Ed-dogws/install/eddog_teleop/share/ament_index/resource_index/package_run_dependencies/eddog_teleop
-- Installing: /home/edsols/Ed-dogws/install/eddog_teleop/share/ament_index/resource_index/parent_prefix_path/eddog_teleop
-- Installing: /home/edsols/Ed-dogws/install/eddog_teleop/share/eddog_teleop/environment/ament_prefix_path.sh
-- Installing: /home/edsols/Ed-dogws/install/eddog_teleop/share/eddog_teleop/environment/ament_prefix_path.dsv
-- Installing: /home/edsols/Ed-dogws/install/eddog_teleop/share/eddog_teleop/environment/path.sh
-- Installing: /home/edsols/Ed-dogws/install/eddog_teleop/share/eddog_teleop/environment/path.dsv
-- Installing: /home/edsols/Ed-dogws/install/eddog_teleop/share/eddog_teleop/local_setup.bash
-- Installing: /home/edsols/Ed-dogws/install/eddog_teleop/share/eddog_teleop/local_setup.sh
-- Installing: /home/edsols/Ed-dogws/install/eddog_teleop/share/eddog_teleop/local_setup.zsh
-- Installing: /home/edsols/Ed-dogws/install/eddog_teleop/share/eddog_teleop/local_setup.dsv
-- Installing: /home/edsols/Ed-dogws/install/eddog_teleop/share/eddog_teleop/package.dsv
-- Installing: /home/edsols/Ed-dogws/install/eddog_teleop/share/ament_index/resource_index/packages/eddog_teleop
-- Installing: /home/edsols/Ed-dogws/install/eddog_teleop/share/eddog_teleop/cmake/eddog_teleopConfig.cmake
-- Installing: /home/edsols/Ed-dogws/install/eddog_teleop/share/eddog_teleop/cmake/eddog_teleopConfig-version.cmake
-- Installing: /home/edsols/Ed-dogws/install/eddog_teleop/share/eddog_teleop/package.xml
