[0.064s] Invoking command in '/home/edsols/Ed-dogws/build/realsense2_camera': CMAKE_PREFIX_PATH=${CMAKE_PREFIX_PATH}:/opt/ros/humble /usr/bin/cmake --build /home/edsols/Ed-dogws/build/realsense2_camera -- -j6 -l6
[0.092s] Invoked command in '/home/edsols/Ed-dogws/build/realsense2_camera' returned '0': CMAKE_PREFIX_PATH=${CMAKE_PREFIX_PATH}:/opt/ros/humble /usr/bin/cmake --build /home/edsols/Ed-dogws/build/realsense2_camera -- -j6 -l6
[0.119s] Invoking command in '/home/edsols/Ed-dogws/build/realsense2_camera': CMAKE_PREFIX_PATH=${CMAKE_PREFIX_PATH}:/opt/ros/humble /usr/bin/cmake --install /home/edsols/Ed-dogws/build/realsense2_camera
[0.125s] -- Install configuration: ""
[0.126s] -- Up-to-date: /home/edsols/Ed-dogws/install/realsense2_camera/share/ament_index/resource_index/package_run_dependencies/realsense2_camera
[0.126s] -- Up-to-date: /home/edsols/Ed-dogws/install/realsense2_camera/share/ament_index/resource_index/parent_prefix_path/realsense2_camera
[0.126s] -- Up-to-date: /home/edsols/Ed-dogws/install/realsense2_camera/share/realsense2_camera/environment/ament_prefix_path.sh
[0.126s] -- Up-to-date: /home/edsols/Ed-dogws/install/realsense2_camera/share/realsense2_camera/environment/ament_prefix_path.dsv
[0.126s] -- Up-to-date: /home/edsols/Ed-dogws/install/realsense2_camera/share/realsense2_camera/environment/path.sh
[0.126s] -- Up-to-date: /home/edsols/Ed-dogws/install/realsense2_camera/share/realsense2_camera/environment/path.dsv
[0.126s] -- Up-to-date: /home/edsols/Ed-dogws/install/realsense2_camera/share/realsense2_camera/local_setup.bash
[0.126s] -- Up-to-date: /home/edsols/Ed-dogws/install/realsense2_camera/share/realsense2_camera/local_setup.sh
[0.126s] -- Up-to-date: /home/edsols/Ed-dogws/install/realsense2_camera/share/realsense2_camera/local_setup.zsh
[0.126s] -- Up-to-date: /home/edsols/Ed-dogws/install/realsense2_camera/share/realsense2_camera/local_setup.dsv
[0.126s] -- Up-to-date: /home/edsols/Ed-dogws/install/realsense2_camera/share/realsense2_camera/package.dsv
[0.126s] -- Up-to-date: /home/edsols/Ed-dogws/install/realsense2_camera/share/ament_index/resource_index/packages/realsense2_camera
[0.126s] -- Up-to-date: /home/edsols/Ed-dogws/install/realsense2_camera/share/realsense2_camera/cmake/realsense2_cameraConfig.cmake
[0.126s] -- Up-to-date: /home/edsols/Ed-dogws/install/realsense2_camera/share/realsense2_camera/cmake/realsense2_cameraConfig-version.cmake
[0.126s] -- Up-to-date: /home/edsols/Ed-dogws/install/realsense2_camera/share/realsense2_camera/package.xml
[0.128s] Invoked command in '/home/edsols/Ed-dogws/build/realsense2_camera' returned '0': CMAKE_PREFIX_PATH=${CMAKE_PREFIX_PATH}:/opt/ros/humble /usr/bin/cmake --install /home/edsols/Ed-dogws/build/realsense2_camera
