-- Found ament_cmake: 1.3.6 (/opt/ros/humble/share/ament_cmake/cmake)
-- Found rclcpp: 16.0.7 (/opt/ros/humble/share/rclcpp/cmake)
-- Found rosidl_generator_c: 3.1.5 (/opt/ros/humble/share/rosidl_generator_c/cmake)
-- Found rosidl_adapter: 3.1.5 (/opt/ros/humble/share/rosidl_adapter/cmake)
-- Found rosidl_generator_cpp: 3.1.5 (/opt/ros/humble/share/rosidl_generator_cpp/cmake)
-- Using all available rosidl_typesupport_c: rosidl_typesupport_fastrtps_c;rosidl_typesupport_introspection_c
-- Using all available rosidl_typesupport_cpp: rosidl_typesupport_fastrtps_cpp;rosidl_typesupport_introspection_cpp
-- Found rmw_implementation_cmake: 6.1.1 (/opt/ros/humble/share/rmw_implementation_cmake/cmake)
-- Found rmw_fastrtps_cpp: 6.2.5 (/opt/ros/humble/share/rmw_fastrtps_cpp/cmake)
-- Using RMW implementation 'rmw_fastrtps_cpp' as default
-- Found sensor_msgs: 4.2.3 (/opt/ros/humble/share/sensor_msgs/cmake)
-- Found rosidl_default_generators: 1.2.0 (/opt/ros/humble/share/rosidl_default_generators/cmake)
-- Found ament_cmake_cppcheck: 0.12.9 (/opt/ros/humble/share/ament_cmake_cppcheck/cmake)
-- Found ament_cmake_cpplint: 0.12.9 (/opt/ros/humble/share/ament_cmake_cpplint/cmake)
-- Found ament_cmake_uncrustify: 0.12.9 (/opt/ros/humble/share/ament_cmake_uncrustify/cmake)
-- Found ament_cmake_ros: 0.10.0 (/opt/ros/humble/share/ament_cmake_ros/cmake)
-- Using all available rosidl_typesupport_c: rosidl_typesupport_fastrtps_c;rosidl_typesupport_introspection_c
-- Using all available rosidl_typesupport_cpp: rosidl_typesupport_fastrtps_cpp;rosidl_typesupport_introspection_cpp
-- Found python_cmake_module: 0.10.0 (/opt/ros/humble/share/python_cmake_module/cmake)
-- Using PYTHON_EXECUTABLE: /usr/bin/python3
-- Using PYTHON_INCLUDE_DIRS: /usr/include/python3.10
-- Using PYTHON_LIBRARIES: /usr/lib/x86_64-linux-gnu/libpython3.10.so
-- Found ament_cmake_flake8: 0.12.9 (/opt/ros/humble/share/ament_cmake_flake8/cmake)
-- Found ament_cmake_pep257: 0.12.9 (/opt/ros/humble/share/ament_cmake_pep257/cmake)
-- Configuring done
-- Generating done
-- Build files have been written to: /home/edsols/Ed-dogws/build/eddog_msgs
[  1%] [34m[1mGenerating C code for ROS interfaces[0m
[  2%] [34m[1mGenerating C++ code for ROS interfaces[0m
[  2%] Built target ament_cmake_python_copy_eddog_msgs
running egg_info
creating eddog_msgs.egg-info
writing eddog_msgs.egg-info/PKG-INFO
writing dependency_links to eddog_msgs.egg-info/dependency_links.txt
writing top-level names to eddog_msgs.egg-info/top_level.txt
writing manifest file 'eddog_msgs.egg-info/SOURCES.txt'
reading manifest file 'eddog_msgs.egg-info/SOURCES.txt'
writing manifest file 'eddog_msgs.egg-info/SOURCES.txt'
[  2%] Built target ament_cmake_python_build_eddog_msgs_egg
[  2%] Built target eddog_msgs__cpp
[  3%] [34m[1mGenerating C++ type support for eProsima Fast-RTPS[0m
[  4%] [34m[1mGenerating C++ type support dispatch for ROS interfaces[0m
[  5%] [34m[1mGenerating C++ introspection for ROS interfaces[0m
[  6%] [32mBuilding C object CMakeFiles/eddog_msgs__rosidl_generator_c.dir/rosidl_generator_c/eddog_msgs/msg/detail/limits__functions.c.o[0m
[  8%] [32mBuilding C object CMakeFiles/eddog_msgs__rosidl_generator_c.dir/rosidl_generator_c/eddog_msgs/msg/detail/geometry__functions.c.o[0m
[  9%] [32mBuilding C object CMakeFiles/eddog_msgs__rosidl_generator_c.dir/rosidl_generator_c/eddog_msgs/msg/detail/joy_ctrl_cmds__functions.c.o[0m
[ 10%] [32mBuilding C object CMakeFiles/eddog_msgs__rosidl_generator_c.dir/rosidl_generator_c/eddog_msgs/msg/detail/imu_info__functions.c.o[0m
[ 11%] [32mBuilding C object CMakeFiles/eddog_msgs__rosidl_generator_c.dir/rosidl_generator_c/eddog_msgs/msg/detail/extrinsics__functions.c.o[0m
[ 12%] [32mBuilding C object CMakeFiles/eddog_msgs__rosidl_generator_c.dir/rosidl_generator_c/eddog_msgs/msg/detail/metadata__functions.c.o[0m
[ 13%] [32mBuilding C object CMakeFiles/eddog_msgs__rosidl_generator_c.dir/rosidl_generator_c/eddog_msgs/msg/detail/rgbd__functions.c.o[0m
[ 14%] [32mBuilding C object CMakeFiles/eddog_msgs__rosidl_generator_c.dir/rosidl_generator_c/eddog_msgs/srv/detail/device_info__functions.c.o[0m
[ 16%] [32m[1mLinking C shared library libeddog_msgs__rosidl_generator_c.so[0m
[ 16%] Built target eddog_msgs__rosidl_generator_c
[ 17%] [34m[1mGenerating C introspection for ROS interfaces[0m
[ 18%] [34m[1mGenerating C type support dispatch for ROS interfaces[0m
[ 19%] [34m[1mGenerating C type support for eProsima Fast-RTPS[0m
[ 20%] [32mBuilding CXX object CMakeFiles/eddog_msgs__rosidl_typesupport_cpp.dir/rosidl_typesupport_cpp/eddog_msgs/msg/joy_ctrl_cmds__type_support.cpp.o[0m
[ 21%] [32mBuilding CXX object CMakeFiles/eddog_msgs__rosidl_typesupport_introspection_cpp.dir/rosidl_typesupport_introspection_cpp/eddog_msgs/msg/detail/joy_ctrl_cmds__type_support.cpp.o[0m
[ 22%] [32mBuilding CXX object CMakeFiles/eddog_msgs__rosidl_typesupport_fastrtps_cpp.dir/rosidl_typesupport_fastrtps_cpp/eddog_msgs/msg/detail/dds_fastrtps/joy_ctrl_cmds__type_support.cpp.o[0m
[ 24%] [32mBuilding CXX object CMakeFiles/eddog_msgs__rosidl_typesupport_cpp.dir/rosidl_typesupport_cpp/eddog_msgs/msg/limits__type_support.cpp.o[0m
[ 25%] [32mBuilding CXX object CMakeFiles/eddog_msgs__rosidl_typesupport_c.dir/rosidl_typesupport_c/eddog_msgs/msg/joy_ctrl_cmds__type_support.cpp.o[0m
[ 26%] [32mBuilding CXX object CMakeFiles/eddog_msgs__rosidl_typesupport_c.dir/rosidl_typesupport_c/eddog_msgs/msg/limits__type_support.cpp.o[0m
[ 27%] [32mBuilding CXX object CMakeFiles/eddog_msgs__rosidl_typesupport_c.dir/rosidl_typesupport_c/eddog_msgs/msg/geometry__type_support.cpp.o[0m
[ 28%] [32mBuilding CXX object CMakeFiles/eddog_msgs__rosidl_typesupport_introspection_cpp.dir/rosidl_typesupport_introspection_cpp/eddog_msgs/msg/detail/limits__type_support.cpp.o[0m
[ 29%] [32mBuilding CXX object CMakeFiles/eddog_msgs__rosidl_typesupport_c.dir/rosidl_typesupport_c/eddog_msgs/msg/imu_info__type_support.cpp.o[0m
[ 31%] [32mBuilding CXX object CMakeFiles/eddog_msgs__rosidl_typesupport_c.dir/rosidl_typesupport_c/eddog_msgs/msg/extrinsics__type_support.cpp.o[0m
[ 32%] [32mBuilding CXX object CMakeFiles/eddog_msgs__rosidl_typesupport_cpp.dir/rosidl_typesupport_cpp/eddog_msgs/msg/geometry__type_support.cpp.o[0m
[ 33%] [32mBuilding C object CMakeFiles/eddog_msgs__rosidl_typesupport_introspection_c.dir/rosidl_typesupport_introspection_c/eddog_msgs/msg/detail/joy_ctrl_cmds__type_support.c.o[0m
[ 34%] [32mBuilding CXX object CMakeFiles/eddog_msgs__rosidl_typesupport_c.dir/rosidl_typesupport_c/eddog_msgs/msg/metadata__type_support.cpp.o[0m
[ 35%] [32mBuilding C object CMakeFiles/eddog_msgs__rosidl_typesupport_introspection_c.dir/rosidl_typesupport_introspection_c/eddog_msgs/msg/detail/limits__type_support.c.o[0m
[ 36%] [32mBuilding CXX object CMakeFiles/eddog_msgs__rosidl_typesupport_c.dir/rosidl_typesupport_c/eddog_msgs/msg/rgbd__type_support.cpp.o[0m
[ 37%] [32mBuilding CXX object CMakeFiles/eddog_msgs__rosidl_typesupport_fastrtps_cpp.dir/rosidl_typesupport_fastrtps_cpp/eddog_msgs/msg/detail/dds_fastrtps/limits__type_support.cpp.o[0m
[ 39%] [32mBuilding C object CMakeFiles/eddog_msgs__rosidl_typesupport_introspection_c.dir/rosidl_typesupport_introspection_c/eddog_msgs/msg/detail/geometry__type_support.c.o[0m
[ 40%] [32mBuilding CXX object CMakeFiles/eddog_msgs__rosidl_typesupport_c.dir/rosidl_typesupport_c/eddog_msgs/srv/device_info__type_support.cpp.o[0m
[ 41%] [32mBuilding CXX object CMakeFiles/eddog_msgs__rosidl_typesupport_fastrtps_c.dir/rosidl_typesupport_fastrtps_c/eddog_msgs/msg/detail/joy_ctrl_cmds__type_support_c.cpp.o[0m
[ 42%] [32mBuilding C object CMakeFiles/eddog_msgs__rosidl_typesupport_introspection_c.dir/rosidl_typesupport_introspection_c/eddog_msgs/msg/detail/imu_info__type_support.c.o[0m
[ 43%] [32m[1mLinking CXX shared library libeddog_msgs__rosidl_typesupport_c.so[0m
[ 44%] [32mBuilding C object CMakeFiles/eddog_msgs__rosidl_typesupport_introspection_c.dir/rosidl_typesupport_introspection_c/eddog_msgs/msg/detail/extrinsics__type_support.c.o[0m
[ 45%] [32mBuilding CXX object CMakeFiles/eddog_msgs__rosidl_typesupport_cpp.dir/rosidl_typesupport_cpp/eddog_msgs/msg/imu_info__type_support.cpp.o[0m
[ 45%] Built target eddog_msgs__rosidl_typesupport_c
[ 47%] [32mBuilding C object CMakeFiles/eddog_msgs__rosidl_typesupport_introspection_c.dir/rosidl_typesupport_introspection_c/eddog_msgs/msg/detail/metadata__type_support.c.o[0m
[ 48%] [32mBuilding CXX object CMakeFiles/eddog_msgs__rosidl_typesupport_cpp.dir/rosidl_typesupport_cpp/eddog_msgs/msg/extrinsics__type_support.cpp.o[0m
[ 49%] [32mBuilding CXX object CMakeFiles/eddog_msgs__rosidl_typesupport_introspection_cpp.dir/rosidl_typesupport_introspection_cpp/eddog_msgs/msg/detail/geometry__type_support.cpp.o[0m
[ 50%] [32mBuilding C object CMakeFiles/eddog_msgs__rosidl_typesupport_introspection_c.dir/rosidl_typesupport_introspection_c/eddog_msgs/msg/detail/rgbd__type_support.c.o[0m
[ 51%] [32mBuilding C object CMakeFiles/eddog_msgs__rosidl_typesupport_introspection_c.dir/rosidl_typesupport_introspection_c/eddog_msgs/srv/detail/device_info__type_support.c.o[0m
[ 52%] [32mBuilding CXX object CMakeFiles/eddog_msgs__rosidl_typesupport_fastrtps_cpp.dir/rosidl_typesupport_fastrtps_cpp/eddog_msgs/msg/detail/dds_fastrtps/geometry__type_support.cpp.o[0m
[ 54%] [32mBuilding CXX object CMakeFiles/eddog_msgs__rosidl_typesupport_fastrtps_c.dir/rosidl_typesupport_fastrtps_c/eddog_msgs/msg/detail/limits__type_support_c.cpp.o[0m
[ 55%] [32m[1mLinking C shared library libeddog_msgs__rosidl_typesupport_introspection_c.so[0m
[ 56%] [32mBuilding CXX object CMakeFiles/eddog_msgs__rosidl_typesupport_cpp.dir/rosidl_typesupport_cpp/eddog_msgs/msg/metadata__type_support.cpp.o[0m
[ 57%] [32mBuilding CXX object CMakeFiles/eddog_msgs__rosidl_typesupport_cpp.dir/rosidl_typesupport_cpp/eddog_msgs/msg/rgbd__type_support.cpp.o[0m
[ 57%] Built target eddog_msgs__rosidl_typesupport_introspection_c
[ 58%] [32mBuilding CXX object CMakeFiles/eddog_msgs__rosidl_typesupport_cpp.dir/rosidl_typesupport_cpp/eddog_msgs/srv/device_info__type_support.cpp.o[0m
[ 59%] [32mBuilding CXX object CMakeFiles/eddog_msgs__rosidl_typesupport_introspection_cpp.dir/rosidl_typesupport_introspection_cpp/eddog_msgs/msg/detail/imu_info__type_support.cpp.o[0m
[ 60%] [32mBuilding CXX object CMakeFiles/eddog_msgs__rosidl_typesupport_fastrtps_c.dir/rosidl_typesupport_fastrtps_c/eddog_msgs/msg/detail/geometry__type_support_c.cpp.o[0m
[ 62%] [32mBuilding CXX object CMakeFiles/eddog_msgs__rosidl_typesupport_introspection_cpp.dir/rosidl_typesupport_introspection_cpp/eddog_msgs/msg/detail/extrinsics__type_support.cpp.o[0m
[ 63%] [32mBuilding CXX object CMakeFiles/eddog_msgs__rosidl_typesupport_fastrtps_cpp.dir/rosidl_typesupport_fastrtps_cpp/eddog_msgs/msg/detail/dds_fastrtps/imu_info__type_support.cpp.o[0m
[ 64%] [32mBuilding CXX object CMakeFiles/eddog_msgs__rosidl_typesupport_fastrtps_c.dir/rosidl_typesupport_fastrtps_c/eddog_msgs/msg/detail/imu_info__type_support_c.cpp.o[0m
[ 65%] [32m[1mLinking CXX shared library libeddog_msgs__rosidl_typesupport_cpp.so[0m
[ 66%] [32mBuilding CXX object CMakeFiles/eddog_msgs__rosidl_typesupport_introspection_cpp.dir/rosidl_typesupport_introspection_cpp/eddog_msgs/msg/detail/metadata__type_support.cpp.o[0m
[ 66%] Built target eddog_msgs__rosidl_typesupport_cpp
[ 67%] [32mBuilding CXX object CMakeFiles/eddog_msgs__rosidl_typesupport_introspection_cpp.dir/rosidl_typesupport_introspection_cpp/eddog_msgs/msg/detail/rgbd__type_support.cpp.o[0m
[ 68%] [32mBuilding CXX object CMakeFiles/eddog_msgs__rosidl_typesupport_fastrtps_c.dir/rosidl_typesupport_fastrtps_c/eddog_msgs/msg/detail/extrinsics__type_support_c.cpp.o[0m
[ 71%] [32mBuilding CXX object CMakeFiles/eddog_msgs__rosidl_typesupport_fastrtps_cpp.dir/rosidl_typesupport_fastrtps_cpp/eddog_msgs/msg/detail/dds_fastrtps/extrinsics__type_support.cpp.o[0m
[ 71%] [32mBuilding CXX object CMakeFiles/eddog_msgs__rosidl_typesupport_fastrtps_cpp.dir/rosidl_typesupport_fastrtps_cpp/eddog_msgs/msg/detail/dds_fastrtps/metadata__type_support.cpp.o[0m
[ 72%] [32mBuilding CXX object CMakeFiles/eddog_msgs__rosidl_typesupport_fastrtps_cpp.dir/rosidl_typesupport_fastrtps_cpp/eddog_msgs/msg/detail/dds_fastrtps/rgbd__type_support.cpp.o[0m
[ 73%] [32mBuilding CXX object CMakeFiles/eddog_msgs__rosidl_typesupport_fastrtps_c.dir/rosidl_typesupport_fastrtps_c/eddog_msgs/msg/detail/metadata__type_support_c.cpp.o[0m
[ 74%] [32mBuilding CXX object CMakeFiles/eddog_msgs__rosidl_typesupport_fastrtps_cpp.dir/rosidl_typesupport_fastrtps_cpp/eddog_msgs/srv/detail/dds_fastrtps/device_info__type_support.cpp.o[0m
[ 75%] [32mBuilding CXX object CMakeFiles/eddog_msgs__rosidl_typesupport_introspection_cpp.dir/rosidl_typesupport_introspection_cpp/eddog_msgs/srv/detail/device_info__type_support.cpp.o[0m
[ 77%] [32mBuilding CXX object CMakeFiles/eddog_msgs__rosidl_typesupport_fastrtps_c.dir/rosidl_typesupport_fastrtps_c/eddog_msgs/msg/detail/rgbd__type_support_c.cpp.o[0m
[ 78%] [32mBuilding CXX object CMakeFiles/eddog_msgs__rosidl_typesupport_fastrtps_c.dir/rosidl_typesupport_fastrtps_c/eddog_msgs/srv/detail/device_info__type_support_c.cpp.o[0m
[ 79%] [32m[1mLinking CXX shared library libeddog_msgs__rosidl_typesupport_introspection_cpp.so[0m
[ 80%] [32m[1mLinking CXX shared library libeddog_msgs__rosidl_typesupport_fastrtps_cpp.so[0m
[ 81%] [32m[1mLinking CXX shared library libeddog_msgs__rosidl_typesupport_fastrtps_c.so[0m
[ 81%] Built target eddog_msgs__rosidl_typesupport_introspection_cpp
[ 81%] Built target eddog_msgs__rosidl_typesupport_fastrtps_cpp
[ 81%] Built target eddog_msgs__rosidl_typesupport_fastrtps_c
[ 81%] Built target eddog_msgs
[ 82%] [34m[1mGenerating Python code for ROS interfaces[0m
[ 82%] Built target eddog_msgs__py
[ 86%] [32mBuilding C object CMakeFiles/eddog_msgs__rosidl_generator_py.dir/rosidl_generator_py/eddog_msgs/msg/_geometry_s.c.o[0m
[ 88%] [32mBuilding C object CMakeFiles/eddog_msgs__rosidl_generator_py.dir/rosidl_generator_py/eddog_msgs/msg/_imu_info_s.c.o[0m
[ 88%] [32mBuilding C object CMakeFiles/eddog_msgs__rosidl_generator_py.dir/rosidl_generator_py/eddog_msgs/msg/_extrinsics_s.c.o[0m
[ 86%] [32mBuilding C object CMakeFiles/eddog_msgs__rosidl_generator_py.dir/rosidl_generator_py/eddog_msgs/msg/_limits_s.c.o[0m
[ 88%] [32mBuilding C object CMakeFiles/eddog_msgs__rosidl_generator_py.dir/rosidl_generator_py/eddog_msgs/msg/_joy_ctrl_cmds_s.c.o[0m
[ 89%] [32mBuilding C object CMakeFiles/eddog_msgs__rosidl_generator_py.dir/rosidl_generator_py/eddog_msgs/msg/_metadata_s.c.o[0m
[ 90%] [32mBuilding C object CMakeFiles/eddog_msgs__rosidl_generator_py.dir/rosidl_generator_py/eddog_msgs/msg/_rgbd_s.c.o[0m
[ 91%] [32mBuilding C object CMakeFiles/eddog_msgs__rosidl_generator_py.dir/rosidl_generator_py/eddog_msgs/srv/_device_info_s.c.o[0m
[ 93%] [32m[1mLinking C shared library rosidl_generator_py/eddog_msgs/libeddog_msgs__rosidl_generator_py.so[0m
[ 93%] Built target eddog_msgs__rosidl_generator_py
[ 95%] [32mBuilding C object CMakeFiles/eddog_msgs__rosidl_typesupport_introspection_c__pyext.dir/rosidl_generator_py/eddog_msgs/_eddog_msgs_s.ep.rosidl_typesupport_introspection_c.c.o[0m
[ 95%] [32mBuilding C object CMakeFiles/eddog_msgs__rosidl_typesupport_c__pyext.dir/rosidl_generator_py/eddog_msgs/_eddog_msgs_s.ep.rosidl_typesupport_c.c.o[0m
[ 96%] [32mBuilding C object CMakeFiles/eddog_msgs__rosidl_typesupport_fastrtps_c__pyext.dir/rosidl_generator_py/eddog_msgs/_eddog_msgs_s.ep.rosidl_typesupport_fastrtps_c.c.o[0m
[ 97%] [32m[1mLinking C shared library rosidl_generator_py/eddog_msgs/eddog_msgs_s__rosidl_typesupport_introspection_c.cpython-310-x86_64-linux-gnu.so[0m
[ 98%] [32m[1mLinking C shared library rosidl_generator_py/eddog_msgs/eddog_msgs_s__rosidl_typesupport_fastrtps_c.cpython-310-x86_64-linux-gnu.so[0m
[100%] [32m[1mLinking C shared library rosidl_generator_py/eddog_msgs/eddog_msgs_s__rosidl_typesupport_c.cpython-310-x86_64-linux-gnu.so[0m
[100%] Built target eddog_msgs__rosidl_typesupport_introspection_c__pyext
[100%] Built target eddog_msgs__rosidl_typesupport_fastrtps_c__pyext
[100%] Built target eddog_msgs__rosidl_typesupport_c__pyext
-- Install configuration: ""
-- Installing: /home/edsols/Ed-dogws/install/eddog_msgs/share/ament_index/resource_index/rosidl_interfaces/eddog_msgs
-- Installing: /home/edsols/Ed-dogws/install/eddog_msgs/include/eddog_msgs/eddog_msgs
-- Installing: /home/edsols/Ed-dogws/install/eddog_msgs/include/eddog_msgs/eddog_msgs/msg
-- Installing: /home/edsols/Ed-dogws/install/eddog_msgs/include/eddog_msgs/eddog_msgs/msg/geometry.h
-- Installing: /home/edsols/Ed-dogws/install/eddog_msgs/include/eddog_msgs/eddog_msgs/msg/rosidl_generator_c__visibility_control.h
-- Installing: /home/edsols/Ed-dogws/install/eddog_msgs/include/eddog_msgs/eddog_msgs/msg/rgbd.h
-- Installing: /home/edsols/Ed-dogws/install/eddog_msgs/include/eddog_msgs/eddog_msgs/msg/limits.h
-- Installing: /home/edsols/Ed-dogws/install/eddog_msgs/include/eddog_msgs/eddog_msgs/msg/joy_ctrl_cmds.h
-- Installing: /home/edsols/Ed-dogws/install/eddog_msgs/include/eddog_msgs/eddog_msgs/msg/detail
-- Installing: /home/edsols/Ed-dogws/install/eddog_msgs/include/eddog_msgs/eddog_msgs/msg/detail/extrinsics__struct.h
-- Installing: /home/edsols/Ed-dogws/install/eddog_msgs/include/eddog_msgs/eddog_msgs/msg/detail/extrinsics__functions.h
-- Installing: /home/edsols/Ed-dogws/install/eddog_msgs/include/eddog_msgs/eddog_msgs/msg/detail/metadata__type_support.h
-- Installing: /home/edsols/Ed-dogws/install/eddog_msgs/include/eddog_msgs/eddog_msgs/msg/detail/extrinsics__type_support.h
-- Installing: /home/edsols/Ed-dogws/install/eddog_msgs/include/eddog_msgs/eddog_msgs/msg/detail/limits__functions.c
-- Installing: /home/edsols/Ed-dogws/install/eddog_msgs/include/eddog_msgs/eddog_msgs/msg/detail/limits__functions.h
-- Installing: /home/edsols/Ed-dogws/install/eddog_msgs/include/eddog_msgs/eddog_msgs/msg/detail/geometry__functions.c
-- Installing: /home/edsols/Ed-dogws/install/eddog_msgs/include/eddog_msgs/eddog_msgs/msg/detail/joy_ctrl_cmds__functions.c
-- Installing: /home/edsols/Ed-dogws/install/eddog_msgs/include/eddog_msgs/eddog_msgs/msg/detail/rgbd__struct.h
-- Installing: /home/edsols/Ed-dogws/install/eddog_msgs/include/eddog_msgs/eddog_msgs/msg/detail/imu_info__type_support.h
-- Installing: /home/edsols/Ed-dogws/install/eddog_msgs/include/eddog_msgs/eddog_msgs/msg/detail/imu_info__functions.c
-- Installing: /home/edsols/Ed-dogws/install/eddog_msgs/include/eddog_msgs/eddog_msgs/msg/detail/geometry__type_support.h
-- Installing: /home/edsols/Ed-dogws/install/eddog_msgs/include/eddog_msgs/eddog_msgs/msg/detail/rgbd__type_support.h
-- Installing: /home/edsols/Ed-dogws/install/eddog_msgs/include/eddog_msgs/eddog_msgs/msg/detail/metadata__struct.h
-- Installing: /home/edsols/Ed-dogws/install/eddog_msgs/include/eddog_msgs/eddog_msgs/msg/detail/limits__struct.h
-- Installing: /home/edsols/Ed-dogws/install/eddog_msgs/include/eddog_msgs/eddog_msgs/msg/detail/joy_ctrl_cmds__type_support.h
-- Installing: /home/edsols/Ed-dogws/install/eddog_msgs/include/eddog_msgs/eddog_msgs/msg/detail/rgbd__functions.c
-- Installing: /home/edsols/Ed-dogws/install/eddog_msgs/include/eddog_msgs/eddog_msgs/msg/detail/limits__type_support.h
-- Installing: /home/edsols/Ed-dogws/install/eddog_msgs/include/eddog_msgs/eddog_msgs/msg/detail/geometry__functions.h
-- Installing: /home/edsols/Ed-dogws/install/eddog_msgs/include/eddog_msgs/eddog_msgs/msg/detail/geometry__struct.h
-- Installing: /home/edsols/Ed-dogws/install/eddog_msgs/include/eddog_msgs/eddog_msgs/msg/detail/rgbd__functions.h
-- Installing: /home/edsols/Ed-dogws/install/eddog_msgs/include/eddog_msgs/eddog_msgs/msg/detail/extrinsics__functions.c
-- Installing: /home/edsols/Ed-dogws/install/eddog_msgs/include/eddog_msgs/eddog_msgs/msg/detail/metadata__functions.h
-- Installing: /home/edsols/Ed-dogws/install/eddog_msgs/include/eddog_msgs/eddog_msgs/msg/detail/joy_ctrl_cmds__struct.h
-- Installing: /home/edsols/Ed-dogws/install/eddog_msgs/include/eddog_msgs/eddog_msgs/msg/detail/joy_ctrl_cmds__functions.h
-- Installing: /home/edsols/Ed-dogws/install/eddog_msgs/include/eddog_msgs/eddog_msgs/msg/detail/metadata__functions.c
-- Installing: /home/edsols/Ed-dogws/install/eddog_msgs/include/eddog_msgs/eddog_msgs/msg/detail/imu_info__functions.h
-- Installing: /home/edsols/Ed-dogws/install/eddog_msgs/include/eddog_msgs/eddog_msgs/msg/detail/imu_info__struct.h
-- Installing: /home/edsols/Ed-dogws/install/eddog_msgs/include/eddog_msgs/eddog_msgs/msg/extrinsics.h
-- Installing: /home/edsols/Ed-dogws/install/eddog_msgs/include/eddog_msgs/eddog_msgs/msg/metadata.h
-- Installing: /home/edsols/Ed-dogws/install/eddog_msgs/include/eddog_msgs/eddog_msgs/msg/imu_info.h
-- Installing: /home/edsols/Ed-dogws/install/eddog_msgs/include/eddog_msgs/eddog_msgs/srv
-- Installing: /home/edsols/Ed-dogws/install/eddog_msgs/include/eddog_msgs/eddog_msgs/srv/device_info.h
-- Installing: /home/edsols/Ed-dogws/install/eddog_msgs/include/eddog_msgs/eddog_msgs/srv/detail
-- Installing: /home/edsols/Ed-dogws/install/eddog_msgs/include/eddog_msgs/eddog_msgs/srv/detail/device_info__functions.h
-- Installing: /home/edsols/Ed-dogws/install/eddog_msgs/include/eddog_msgs/eddog_msgs/srv/detail/device_info__functions.c
-- Installing: /home/edsols/Ed-dogws/install/eddog_msgs/include/eddog_msgs/eddog_msgs/srv/detail/device_info__struct.h
-- Installing: /home/edsols/Ed-dogws/install/eddog_msgs/include/eddog_msgs/eddog_msgs/srv/detail/device_info__type_support.h
-- Installing: /home/edsols/Ed-dogws/install/eddog_msgs/share/eddog_msgs/environment/library_path.sh
-- Installing: /home/edsols/Ed-dogws/install/eddog_msgs/share/eddog_msgs/environment/library_path.dsv
-- Installing: /home/edsols/Ed-dogws/install/eddog_msgs/lib/libeddog_msgs__rosidl_generator_c.so
-- Set runtime path of "/home/edsols/Ed-dogws/install/eddog_msgs/lib/libeddog_msgs__rosidl_generator_c.so" to ""
-- Up-to-date: /home/edsols/Ed-dogws/install/eddog_msgs/include/eddog_msgs/eddog_msgs
-- Up-to-date: /home/edsols/Ed-dogws/install/eddog_msgs/include/eddog_msgs/eddog_msgs/msg
-- Up-to-date: /home/edsols/Ed-dogws/install/eddog_msgs/include/eddog_msgs/eddog_msgs/msg/detail
-- Installing: /home/edsols/Ed-dogws/install/eddog_msgs/include/eddog_msgs/eddog_msgs/msg/detail/rgbd__rosidl_typesupport_fastrtps_c.h
-- Installing: /home/edsols/Ed-dogws/install/eddog_msgs/include/eddog_msgs/eddog_msgs/msg/detail/geometry__rosidl_typesupport_fastrtps_c.h
-- Installing: /home/edsols/Ed-dogws/install/eddog_msgs/include/eddog_msgs/eddog_msgs/msg/detail/joy_ctrl_cmds__rosidl_typesupport_fastrtps_c.h
-- Installing: /home/edsols/Ed-dogws/install/eddog_msgs/include/eddog_msgs/eddog_msgs/msg/detail/metadata__rosidl_typesupport_fastrtps_c.h
-- Installing: /home/edsols/Ed-dogws/install/eddog_msgs/include/eddog_msgs/eddog_msgs/msg/detail/limits__rosidl_typesupport_fastrtps_c.h
-- Installing: /home/edsols/Ed-dogws/install/eddog_msgs/include/eddog_msgs/eddog_msgs/msg/detail/imu_info__rosidl_typesupport_fastrtps_c.h
-- Installing: /home/edsols/Ed-dogws/install/eddog_msgs/include/eddog_msgs/eddog_msgs/msg/detail/extrinsics__rosidl_typesupport_fastrtps_c.h
-- Installing: /home/edsols/Ed-dogws/install/eddog_msgs/include/eddog_msgs/eddog_msgs/msg/rosidl_typesupport_fastrtps_c__visibility_control.h
-- Up-to-date: /home/edsols/Ed-dogws/install/eddog_msgs/include/eddog_msgs/eddog_msgs/srv
-- Up-to-date: /home/edsols/Ed-dogws/install/eddog_msgs/include/eddog_msgs/eddog_msgs/srv/detail
-- Installing: /home/edsols/Ed-dogws/install/eddog_msgs/include/eddog_msgs/eddog_msgs/srv/detail/device_info__rosidl_typesupport_fastrtps_c.h
-- Installing: /home/edsols/Ed-dogws/install/eddog_msgs/lib/libeddog_msgs__rosidl_typesupport_fastrtps_c.so
-- Set runtime path of "/home/edsols/Ed-dogws/install/eddog_msgs/lib/libeddog_msgs__rosidl_typesupport_fastrtps_c.so" to ""
-- Up-to-date: /home/edsols/Ed-dogws/install/eddog_msgs/include/eddog_msgs/eddog_msgs
-- Up-to-date: /home/edsols/Ed-dogws/install/eddog_msgs/include/eddog_msgs/eddog_msgs/msg
-- Installing: /home/edsols/Ed-dogws/install/eddog_msgs/include/eddog_msgs/eddog_msgs/msg/joy_ctrl_cmds.hpp
-- Installing: /home/edsols/Ed-dogws/install/eddog_msgs/include/eddog_msgs/eddog_msgs/msg/imu_info.hpp
-- Installing: /home/edsols/Ed-dogws/install/eddog_msgs/include/eddog_msgs/eddog_msgs/msg/extrinsics.hpp
-- Installing: /home/edsols/Ed-dogws/install/eddog_msgs/include/eddog_msgs/eddog_msgs/msg/rgbd.hpp
-- Installing: /home/edsols/Ed-dogws/install/eddog_msgs/include/eddog_msgs/eddog_msgs/msg/metadata.hpp
-- Up-to-date: /home/edsols/Ed-dogws/install/eddog_msgs/include/eddog_msgs/eddog_msgs/msg/detail
-- Installing: /home/edsols/Ed-dogws/install/eddog_msgs/include/eddog_msgs/eddog_msgs/msg/detail/rgbd__traits.hpp
-- Installing: /home/edsols/Ed-dogws/install/eddog_msgs/include/eddog_msgs/eddog_msgs/msg/detail/metadata__traits.hpp
-- Installing: /home/edsols/Ed-dogws/install/eddog_msgs/include/eddog_msgs/eddog_msgs/msg/detail/limits__builder.hpp
-- Installing: /home/edsols/Ed-dogws/install/eddog_msgs/include/eddog_msgs/eddog_msgs/msg/detail/metadata__builder.hpp
-- Installing: /home/edsols/Ed-dogws/install/eddog_msgs/include/eddog_msgs/eddog_msgs/msg/detail/joy_ctrl_cmds__struct.hpp
-- Installing: /home/edsols/Ed-dogws/install/eddog_msgs/include/eddog_msgs/eddog_msgs/msg/detail/limits__struct.hpp
-- Installing: /home/edsols/Ed-dogws/install/eddog_msgs/include/eddog_msgs/eddog_msgs/msg/detail/geometry__struct.hpp
-- Installing: /home/edsols/Ed-dogws/install/eddog_msgs/include/eddog_msgs/eddog_msgs/msg/detail/extrinsics__struct.hpp
-- Installing: /home/edsols/Ed-dogws/install/eddog_msgs/include/eddog_msgs/eddog_msgs/msg/detail/metadata__struct.hpp
-- Installing: /home/edsols/Ed-dogws/install/eddog_msgs/include/eddog_msgs/eddog_msgs/msg/detail/imu_info__builder.hpp
-- Installing: /home/edsols/Ed-dogws/install/eddog_msgs/include/eddog_msgs/eddog_msgs/msg/detail/extrinsics__traits.hpp
-- Installing: /home/edsols/Ed-dogws/install/eddog_msgs/include/eddog_msgs/eddog_msgs/msg/detail/imu_info__traits.hpp
-- Installing: /home/edsols/Ed-dogws/install/eddog_msgs/include/eddog_msgs/eddog_msgs/msg/detail/imu_info__struct.hpp
-- Installing: /home/edsols/Ed-dogws/install/eddog_msgs/include/eddog_msgs/eddog_msgs/msg/detail/geometry__builder.hpp
-- Installing: /home/edsols/Ed-dogws/install/eddog_msgs/include/eddog_msgs/eddog_msgs/msg/detail/rgbd__builder.hpp
-- Installing: /home/edsols/Ed-dogws/install/eddog_msgs/include/eddog_msgs/eddog_msgs/msg/detail/joy_ctrl_cmds__builder.hpp
-- Installing: /home/edsols/Ed-dogws/install/eddog_msgs/include/eddog_msgs/eddog_msgs/msg/detail/joy_ctrl_cmds__traits.hpp
-- Installing: /home/edsols/Ed-dogws/install/eddog_msgs/include/eddog_msgs/eddog_msgs/msg/detail/limits__traits.hpp
-- Installing: /home/edsols/Ed-dogws/install/eddog_msgs/include/eddog_msgs/eddog_msgs/msg/detail/rgbd__struct.hpp
-- Installing: /home/edsols/Ed-dogws/install/eddog_msgs/include/eddog_msgs/eddog_msgs/msg/detail/geometry__traits.hpp
-- Installing: /home/edsols/Ed-dogws/install/eddog_msgs/include/eddog_msgs/eddog_msgs/msg/detail/extrinsics__builder.hpp
-- Installing: /home/edsols/Ed-dogws/install/eddog_msgs/include/eddog_msgs/eddog_msgs/msg/limits.hpp
-- Installing: /home/edsols/Ed-dogws/install/eddog_msgs/include/eddog_msgs/eddog_msgs/msg/geometry.hpp
-- Up-to-date: /home/edsols/Ed-dogws/install/eddog_msgs/include/eddog_msgs/eddog_msgs/srv
-- Up-to-date: /home/edsols/Ed-dogws/install/eddog_msgs/include/eddog_msgs/eddog_msgs/srv/detail
-- Installing: /home/edsols/Ed-dogws/install/eddog_msgs/include/eddog_msgs/eddog_msgs/srv/detail/device_info__builder.hpp
-- Installing: /home/edsols/Ed-dogws/install/eddog_msgs/include/eddog_msgs/eddog_msgs/srv/detail/device_info__traits.hpp
-- Installing: /home/edsols/Ed-dogws/install/eddog_msgs/include/eddog_msgs/eddog_msgs/srv/detail/device_info__struct.hpp
-- Installing: /home/edsols/Ed-dogws/install/eddog_msgs/include/eddog_msgs/eddog_msgs/srv/device_info.hpp
-- Up-to-date: /home/edsols/Ed-dogws/install/eddog_msgs/include/eddog_msgs/eddog_msgs
-- Up-to-date: /home/edsols/Ed-dogws/install/eddog_msgs/include/eddog_msgs/eddog_msgs/msg
-- Up-to-date: /home/edsols/Ed-dogws/install/eddog_msgs/include/eddog_msgs/eddog_msgs/msg/detail
-- Installing: /home/edsols/Ed-dogws/install/eddog_msgs/include/eddog_msgs/eddog_msgs/msg/detail/joy_ctrl_cmds__rosidl_typesupport_fastrtps_cpp.hpp
-- Installing: /home/edsols/Ed-dogws/install/eddog_msgs/include/eddog_msgs/eddog_msgs/msg/detail/extrinsics__rosidl_typesupport_fastrtps_cpp.hpp
-- Installing: /home/edsols/Ed-dogws/install/eddog_msgs/include/eddog_msgs/eddog_msgs/msg/detail/rgbd__rosidl_typesupport_fastrtps_cpp.hpp
-- Installing: /home/edsols/Ed-dogws/install/eddog_msgs/include/eddog_msgs/eddog_msgs/msg/detail/geometry__rosidl_typesupport_fastrtps_cpp.hpp
-- Installing: /home/edsols/Ed-dogws/install/eddog_msgs/include/eddog_msgs/eddog_msgs/msg/detail/limits__rosidl_typesupport_fastrtps_cpp.hpp
-- Installing: /home/edsols/Ed-dogws/install/eddog_msgs/include/eddog_msgs/eddog_msgs/msg/detail/metadata__rosidl_typesupport_fastrtps_cpp.hpp
-- Installing: /home/edsols/Ed-dogws/install/eddog_msgs/include/eddog_msgs/eddog_msgs/msg/detail/dds_fastrtps
-- Installing: /home/edsols/Ed-dogws/install/eddog_msgs/include/eddog_msgs/eddog_msgs/msg/detail/imu_info__rosidl_typesupport_fastrtps_cpp.hpp
-- Installing: /home/edsols/Ed-dogws/install/eddog_msgs/include/eddog_msgs/eddog_msgs/msg/rosidl_typesupport_fastrtps_cpp__visibility_control.h
-- Up-to-date: /home/edsols/Ed-dogws/install/eddog_msgs/include/eddog_msgs/eddog_msgs/srv
-- Up-to-date: /home/edsols/Ed-dogws/install/eddog_msgs/include/eddog_msgs/eddog_msgs/srv/detail
-- Installing: /home/edsols/Ed-dogws/install/eddog_msgs/include/eddog_msgs/eddog_msgs/srv/detail/device_info__rosidl_typesupport_fastrtps_cpp.hpp
-- Installing: /home/edsols/Ed-dogws/install/eddog_msgs/include/eddog_msgs/eddog_msgs/srv/detail/dds_fastrtps
-- Installing: /home/edsols/Ed-dogws/install/eddog_msgs/lib/libeddog_msgs__rosidl_typesupport_fastrtps_cpp.so
-- Set runtime path of "/home/edsols/Ed-dogws/install/eddog_msgs/lib/libeddog_msgs__rosidl_typesupport_fastrtps_cpp.so" to ""
-- Up-to-date: /home/edsols/Ed-dogws/install/eddog_msgs/include/eddog_msgs/eddog_msgs
-- Up-to-date: /home/edsols/Ed-dogws/install/eddog_msgs/include/eddog_msgs/eddog_msgs/msg
-- Installing: /home/edsols/Ed-dogws/install/eddog_msgs/include/eddog_msgs/eddog_msgs/msg/rosidl_typesupport_introspection_c__visibility_control.h
-- Up-to-date: /home/edsols/Ed-dogws/install/eddog_msgs/include/eddog_msgs/eddog_msgs/msg/detail
-- Installing: /home/edsols/Ed-dogws/install/eddog_msgs/include/eddog_msgs/eddog_msgs/msg/detail/metadata__rosidl_typesupport_introspection_c.h
-- Installing: /home/edsols/Ed-dogws/install/eddog_msgs/include/eddog_msgs/eddog_msgs/msg/detail/limits__type_support.c
-- Installing: /home/edsols/Ed-dogws/install/eddog_msgs/include/eddog_msgs/eddog_msgs/msg/detail/rgbd__rosidl_typesupport_introspection_c.h
-- Installing: /home/edsols/Ed-dogws/install/eddog_msgs/include/eddog_msgs/eddog_msgs/msg/detail/imu_info__rosidl_typesupport_introspection_c.h
-- Installing: /home/edsols/Ed-dogws/install/eddog_msgs/include/eddog_msgs/eddog_msgs/msg/detail/joy_ctrl_cmds__type_support.c
-- Installing: /home/edsols/Ed-dogws/install/eddog_msgs/include/eddog_msgs/eddog_msgs/msg/detail/limits__rosidl_typesupport_introspection_c.h
-- Installing: /home/edsols/Ed-dogws/install/eddog_msgs/include/eddog_msgs/eddog_msgs/msg/detail/extrinsics__rosidl_typesupport_introspection_c.h
-- Installing: /home/edsols/Ed-dogws/install/eddog_msgs/include/eddog_msgs/eddog_msgs/msg/detail/geometry__type_support.c
-- Installing: /home/edsols/Ed-dogws/install/eddog_msgs/include/eddog_msgs/eddog_msgs/msg/detail/joy_ctrl_cmds__rosidl_typesupport_introspection_c.h
-- Installing: /home/edsols/Ed-dogws/install/eddog_msgs/include/eddog_msgs/eddog_msgs/msg/detail/metadata__type_support.c
-- Installing: /home/edsols/Ed-dogws/install/eddog_msgs/include/eddog_msgs/eddog_msgs/msg/detail/geometry__rosidl_typesupport_introspection_c.h
-- Installing: /home/edsols/Ed-dogws/install/eddog_msgs/include/eddog_msgs/eddog_msgs/msg/detail/extrinsics__type_support.c
-- Installing: /home/edsols/Ed-dogws/install/eddog_msgs/include/eddog_msgs/eddog_msgs/msg/detail/imu_info__type_support.c
-- Installing: /home/edsols/Ed-dogws/install/eddog_msgs/include/eddog_msgs/eddog_msgs/msg/detail/rgbd__type_support.c
-- Up-to-date: /home/edsols/Ed-dogws/install/eddog_msgs/include/eddog_msgs/eddog_msgs/srv
-- Up-to-date: /home/edsols/Ed-dogws/install/eddog_msgs/include/eddog_msgs/eddog_msgs/srv/detail
-- Installing: /home/edsols/Ed-dogws/install/eddog_msgs/include/eddog_msgs/eddog_msgs/srv/detail/device_info__type_support.c
-- Installing: /home/edsols/Ed-dogws/install/eddog_msgs/include/eddog_msgs/eddog_msgs/srv/detail/device_info__rosidl_typesupport_introspection_c.h
-- Installing: /home/edsols/Ed-dogws/install/eddog_msgs/lib/libeddog_msgs__rosidl_typesupport_introspection_c.so
-- Set runtime path of "/home/edsols/Ed-dogws/install/eddog_msgs/lib/libeddog_msgs__rosidl_typesupport_introspection_c.so" to ""
-- Installing: /home/edsols/Ed-dogws/install/eddog_msgs/lib/libeddog_msgs__rosidl_typesupport_c.so
-- Set runtime path of "/home/edsols/Ed-dogws/install/eddog_msgs/lib/libeddog_msgs__rosidl_typesupport_c.so" to ""
-- Up-to-date: /home/edsols/Ed-dogws/install/eddog_msgs/include/eddog_msgs/eddog_msgs
-- Up-to-date: /home/edsols/Ed-dogws/install/eddog_msgs/include/eddog_msgs/eddog_msgs/msg
-- Up-to-date: /home/edsols/Ed-dogws/install/eddog_msgs/include/eddog_msgs/eddog_msgs/msg/detail
-- Installing: /home/edsols/Ed-dogws/install/eddog_msgs/include/eddog_msgs/eddog_msgs/msg/detail/limits__type_support.cpp
-- Installing: /home/edsols/Ed-dogws/install/eddog_msgs/include/eddog_msgs/eddog_msgs/msg/detail/imu_info__type_support.cpp
-- Installing: /home/edsols/Ed-dogws/install/eddog_msgs/include/eddog_msgs/eddog_msgs/msg/detail/rgbd__rosidl_typesupport_introspection_cpp.hpp
-- Installing: /home/edsols/Ed-dogws/install/eddog_msgs/include/eddog_msgs/eddog_msgs/msg/detail/geometry__rosidl_typesupport_introspection_cpp.hpp
-- Installing: /home/edsols/Ed-dogws/install/eddog_msgs/include/eddog_msgs/eddog_msgs/msg/detail/imu_info__rosidl_typesupport_introspection_cpp.hpp
-- Installing: /home/edsols/Ed-dogws/install/eddog_msgs/include/eddog_msgs/eddog_msgs/msg/detail/extrinsics__rosidl_typesupport_introspection_cpp.hpp
-- Installing: /home/edsols/Ed-dogws/install/eddog_msgs/include/eddog_msgs/eddog_msgs/msg/detail/metadata__type_support.cpp
-- Installing: /home/edsols/Ed-dogws/install/eddog_msgs/include/eddog_msgs/eddog_msgs/msg/detail/extrinsics__type_support.cpp
-- Installing: /home/edsols/Ed-dogws/install/eddog_msgs/include/eddog_msgs/eddog_msgs/msg/detail/geometry__type_support.cpp
-- Installing: /home/edsols/Ed-dogws/install/eddog_msgs/include/eddog_msgs/eddog_msgs/msg/detail/limits__rosidl_typesupport_introspection_cpp.hpp
-- Installing: /home/edsols/Ed-dogws/install/eddog_msgs/include/eddog_msgs/eddog_msgs/msg/detail/metadata__rosidl_typesupport_introspection_cpp.hpp
-- Installing: /home/edsols/Ed-dogws/install/eddog_msgs/include/eddog_msgs/eddog_msgs/msg/detail/rgbd__type_support.cpp
-- Installing: /home/edsols/Ed-dogws/install/eddog_msgs/include/eddog_msgs/eddog_msgs/msg/detail/joy_ctrl_cmds__rosidl_typesupport_introspection_cpp.hpp
-- Installing: /home/edsols/Ed-dogws/install/eddog_msgs/include/eddog_msgs/eddog_msgs/msg/detail/joy_ctrl_cmds__type_support.cpp
-- Up-to-date: /home/edsols/Ed-dogws/install/eddog_msgs/include/eddog_msgs/eddog_msgs/srv
-- Up-to-date: /home/edsols/Ed-dogws/install/eddog_msgs/include/eddog_msgs/eddog_msgs/srv/detail
-- Installing: /home/edsols/Ed-dogws/install/eddog_msgs/include/eddog_msgs/eddog_msgs/srv/detail/device_info__rosidl_typesupport_introspection_cpp.hpp
-- Installing: /home/edsols/Ed-dogws/install/eddog_msgs/include/eddog_msgs/eddog_msgs/srv/detail/device_info__type_support.cpp
-- Installing: /home/edsols/Ed-dogws/install/eddog_msgs/lib/libeddog_msgs__rosidl_typesupport_introspection_cpp.so
-- Set runtime path of "/home/edsols/Ed-dogws/install/eddog_msgs/lib/libeddog_msgs__rosidl_typesupport_introspection_cpp.so" to ""
-- Installing: /home/edsols/Ed-dogws/install/eddog_msgs/lib/libeddog_msgs__rosidl_typesupport_cpp.so
-- Set runtime path of "/home/edsols/Ed-dogws/install/eddog_msgs/lib/libeddog_msgs__rosidl_typesupport_cpp.so" to ""
-- Installing: /home/edsols/Ed-dogws/install/eddog_msgs/share/eddog_msgs/environment/pythonpath.sh
-- Installing: /home/edsols/Ed-dogws/install/eddog_msgs/share/eddog_msgs/environment/pythonpath.dsv
-- Installing: /home/edsols/Ed-dogws/install/eddog_msgs/local/lib/python3.10/dist-packages/eddog_msgs-0.0.0-py3.10.egg-info
-- Installing: /home/edsols/Ed-dogws/install/eddog_msgs/local/lib/python3.10/dist-packages/eddog_msgs-0.0.0-py3.10.egg-info/dependency_links.txt
-- Installing: /home/edsols/Ed-dogws/install/eddog_msgs/local/lib/python3.10/dist-packages/eddog_msgs-0.0.0-py3.10.egg-info/PKG-INFO
-- Installing: /home/edsols/Ed-dogws/install/eddog_msgs/local/lib/python3.10/dist-packages/eddog_msgs-0.0.0-py3.10.egg-info/SOURCES.txt
-- Installing: /home/edsols/Ed-dogws/install/eddog_msgs/local/lib/python3.10/dist-packages/eddog_msgs-0.0.0-py3.10.egg-info/top_level.txt
-- Installing: /home/edsols/Ed-dogws/install/eddog_msgs/local/lib/python3.10/dist-packages/eddog_msgs
-- Installing: /home/edsols/Ed-dogws/install/eddog_msgs/local/lib/python3.10/dist-packages/eddog_msgs/libeddog_msgs__rosidl_generator_py.so
-- Installing: /home/edsols/Ed-dogws/install/eddog_msgs/local/lib/python3.10/dist-packages/eddog_msgs/_eddog_msgs_s.ep.rosidl_typesupport_c.c
-- Installing: /home/edsols/Ed-dogws/install/eddog_msgs/local/lib/python3.10/dist-packages/eddog_msgs/__init__.py
-- Installing: /home/edsols/Ed-dogws/install/eddog_msgs/local/lib/python3.10/dist-packages/eddog_msgs/_eddog_msgs_s.ep.rosidl_typesupport_fastrtps_c.c
-- Installing: /home/edsols/Ed-dogws/install/eddog_msgs/local/lib/python3.10/dist-packages/eddog_msgs/msg
-- Installing: /home/edsols/Ed-dogws/install/eddog_msgs/local/lib/python3.10/dist-packages/eddog_msgs/msg/_limits.py
-- Installing: /home/edsols/Ed-dogws/install/eddog_msgs/local/lib/python3.10/dist-packages/eddog_msgs/msg/_metadata.py
-- Installing: /home/edsols/Ed-dogws/install/eddog_msgs/local/lib/python3.10/dist-packages/eddog_msgs/msg/_rgbd.py
-- Installing: /home/edsols/Ed-dogws/install/eddog_msgs/local/lib/python3.10/dist-packages/eddog_msgs/msg/_joy_ctrl_cmds.py
-- Installing: /home/edsols/Ed-dogws/install/eddog_msgs/local/lib/python3.10/dist-packages/eddog_msgs/msg/_imu_info_s.c
-- Installing: /home/edsols/Ed-dogws/install/eddog_msgs/local/lib/python3.10/dist-packages/eddog_msgs/msg/__init__.py
-- Installing: /home/edsols/Ed-dogws/install/eddog_msgs/local/lib/python3.10/dist-packages/eddog_msgs/msg/_geometry_s.c
-- Installing: /home/edsols/Ed-dogws/install/eddog_msgs/local/lib/python3.10/dist-packages/eddog_msgs/msg/_rgbd_s.c
-- Installing: /home/edsols/Ed-dogws/install/eddog_msgs/local/lib/python3.10/dist-packages/eddog_msgs/msg/_imu_info.py
-- Installing: /home/edsols/Ed-dogws/install/eddog_msgs/local/lib/python3.10/dist-packages/eddog_msgs/msg/_metadata_s.c
-- Installing: /home/edsols/Ed-dogws/install/eddog_msgs/local/lib/python3.10/dist-packages/eddog_msgs/msg/_joy_ctrl_cmds_s.c
-- Installing: /home/edsols/Ed-dogws/install/eddog_msgs/local/lib/python3.10/dist-packages/eddog_msgs/msg/_geometry.py
-- Installing: /home/edsols/Ed-dogws/install/eddog_msgs/local/lib/python3.10/dist-packages/eddog_msgs/msg/_extrinsics.py
-- Installing: /home/edsols/Ed-dogws/install/eddog_msgs/local/lib/python3.10/dist-packages/eddog_msgs/msg/_extrinsics_s.c
-- Installing: /home/edsols/Ed-dogws/install/eddog_msgs/local/lib/python3.10/dist-packages/eddog_msgs/msg/_limits_s.c
-- Installing: /home/edsols/Ed-dogws/install/eddog_msgs/local/lib/python3.10/dist-packages/eddog_msgs/eddog_msgs_s__rosidl_typesupport_introspection_c.cpython-310-x86_64-linux-gnu.so
-- Installing: /home/edsols/Ed-dogws/install/eddog_msgs/local/lib/python3.10/dist-packages/eddog_msgs/srv
-- Installing: /home/edsols/Ed-dogws/install/eddog_msgs/local/lib/python3.10/dist-packages/eddog_msgs/srv/__init__.py
-- Installing: /home/edsols/Ed-dogws/install/eddog_msgs/local/lib/python3.10/dist-packages/eddog_msgs/srv/_device_info_s.c
-- Installing: /home/edsols/Ed-dogws/install/eddog_msgs/local/lib/python3.10/dist-packages/eddog_msgs/srv/_device_info.py
-- Installing: /home/edsols/Ed-dogws/install/eddog_msgs/local/lib/python3.10/dist-packages/eddog_msgs/_eddog_msgs_s.ep.rosidl_typesupport_introspection_c.c
-- Installing: /home/edsols/Ed-dogws/install/eddog_msgs/local/lib/python3.10/dist-packages/eddog_msgs/eddog_msgs_s__rosidl_typesupport_c.cpython-310-x86_64-linux-gnu.so
-- Installing: /home/edsols/Ed-dogws/install/eddog_msgs/local/lib/python3.10/dist-packages/eddog_msgs/eddog_msgs_s__rosidl_typesupport_fastrtps_c.cpython-310-x86_64-linux-gnu.so
Listing '/home/edsols/Ed-dogws/install/eddog_msgs/local/lib/python3.10/dist-packages/eddog_msgs'...
Compiling '/home/edsols/Ed-dogws/install/eddog_msgs/local/lib/python3.10/dist-packages/eddog_msgs/__init__.py'...
Listing '/home/edsols/Ed-dogws/install/eddog_msgs/local/lib/python3.10/dist-packages/eddog_msgs/msg'...
Compiling '/home/edsols/Ed-dogws/install/eddog_msgs/local/lib/python3.10/dist-packages/eddog_msgs/msg/__init__.py'...
Compiling '/home/edsols/Ed-dogws/install/eddog_msgs/local/lib/python3.10/dist-packages/eddog_msgs/msg/_extrinsics.py'...
Compiling '/home/edsols/Ed-dogws/install/eddog_msgs/local/lib/python3.10/dist-packages/eddog_msgs/msg/_geometry.py'...
Compiling '/home/edsols/Ed-dogws/install/eddog_msgs/local/lib/python3.10/dist-packages/eddog_msgs/msg/_imu_info.py'...
Compiling '/home/edsols/Ed-dogws/install/eddog_msgs/local/lib/python3.10/dist-packages/eddog_msgs/msg/_joy_ctrl_cmds.py'...
Compiling '/home/edsols/Ed-dogws/install/eddog_msgs/local/lib/python3.10/dist-packages/eddog_msgs/msg/_limits.py'...
Compiling '/home/edsols/Ed-dogws/install/eddog_msgs/local/lib/python3.10/dist-packages/eddog_msgs/msg/_metadata.py'...
Compiling '/home/edsols/Ed-dogws/install/eddog_msgs/local/lib/python3.10/dist-packages/eddog_msgs/msg/_rgbd.py'...
Listing '/home/edsols/Ed-dogws/install/eddog_msgs/local/lib/python3.10/dist-packages/eddog_msgs/srv'...
Compiling '/home/edsols/Ed-dogws/install/eddog_msgs/local/lib/python3.10/dist-packages/eddog_msgs/srv/__init__.py'...
Compiling '/home/edsols/Ed-dogws/install/eddog_msgs/local/lib/python3.10/dist-packages/eddog_msgs/srv/_device_info.py'...
-- Installing: /home/edsols/Ed-dogws/install/eddog_msgs/local/lib/python3.10/dist-packages/eddog_msgs/eddog_msgs_s__rosidl_typesupport_fastrtps_c.cpython-310-x86_64-linux-gnu.so
-- Set runtime path of "/home/edsols/Ed-dogws/install/eddog_msgs/local/lib/python3.10/dist-packages/eddog_msgs/eddog_msgs_s__rosidl_typesupport_fastrtps_c.cpython-310-x86_64-linux-gnu.so" to ""
-- Installing: /home/edsols/Ed-dogws/install/eddog_msgs/local/lib/python3.10/dist-packages/eddog_msgs/eddog_msgs_s__rosidl_typesupport_introspection_c.cpython-310-x86_64-linux-gnu.so
-- Set runtime path of "/home/edsols/Ed-dogws/install/eddog_msgs/local/lib/python3.10/dist-packages/eddog_msgs/eddog_msgs_s__rosidl_typesupport_introspection_c.cpython-310-x86_64-linux-gnu.so" to ""
-- Installing: /home/edsols/Ed-dogws/install/eddog_msgs/local/lib/python3.10/dist-packages/eddog_msgs/eddog_msgs_s__rosidl_typesupport_c.cpython-310-x86_64-linux-gnu.so
-- Set runtime path of "/home/edsols/Ed-dogws/install/eddog_msgs/local/lib/python3.10/dist-packages/eddog_msgs/eddog_msgs_s__rosidl_typesupport_c.cpython-310-x86_64-linux-gnu.so" to ""
-- Installing: /home/edsols/Ed-dogws/install/eddog_msgs/lib/libeddog_msgs__rosidl_generator_py.so
-- Set runtime path of "/home/edsols/Ed-dogws/install/eddog_msgs/lib/libeddog_msgs__rosidl_generator_py.so" to ""
-- Installing: /home/edsols/Ed-dogws/install/eddog_msgs/share/eddog_msgs/msg/JoyCtrlCmds.idl
-- Installing: /home/edsols/Ed-dogws/install/eddog_msgs/share/eddog_msgs/msg/Limits.idl
-- Installing: /home/edsols/Ed-dogws/install/eddog_msgs/share/eddog_msgs/msg/Geometry.idl
-- Installing: /home/edsols/Ed-dogws/install/eddog_msgs/share/eddog_msgs/msg/IMUInfo.idl
-- Installing: /home/edsols/Ed-dogws/install/eddog_msgs/share/eddog_msgs/msg/Extrinsics.idl
-- Installing: /home/edsols/Ed-dogws/install/eddog_msgs/share/eddog_msgs/msg/Metadata.idl
-- Installing: /home/edsols/Ed-dogws/install/eddog_msgs/share/eddog_msgs/msg/RGBD.idl
-- Installing: /home/edsols/Ed-dogws/install/eddog_msgs/share/eddog_msgs/srv/DeviceInfo.idl
-- Installing: /home/edsols/Ed-dogws/install/eddog_msgs/share/eddog_msgs/msg/JoyCtrlCmds.msg
-- Installing: /home/edsols/Ed-dogws/install/eddog_msgs/share/eddog_msgs/msg/Limits.msg
-- Installing: /home/edsols/Ed-dogws/install/eddog_msgs/share/eddog_msgs/msg/Geometry.msg
-- Installing: /home/edsols/Ed-dogws/install/eddog_msgs/share/eddog_msgs/msg/IMUInfo.msg
-- Installing: /home/edsols/Ed-dogws/install/eddog_msgs/share/eddog_msgs/msg/Extrinsics.msg
-- Installing: /home/edsols/Ed-dogws/install/eddog_msgs/share/eddog_msgs/msg/Metadata.msg
-- Installing: /home/edsols/Ed-dogws/install/eddog_msgs/share/eddog_msgs/msg/RGBD.msg
-- Installing: /home/edsols/Ed-dogws/install/eddog_msgs/share/eddog_msgs/srv/DeviceInfo.srv
-- Installing: /home/edsols/Ed-dogws/install/eddog_msgs/share/eddog_msgs/srv/DeviceInfo_Request.msg
-- Installing: /home/edsols/Ed-dogws/install/eddog_msgs/share/eddog_msgs/srv/DeviceInfo_Response.msg
-- Installing: /home/edsols/Ed-dogws/install/eddog_msgs/share/ament_index/resource_index/package_run_dependencies/eddog_msgs
-- Installing: /home/edsols/Ed-dogws/install/eddog_msgs/share/ament_index/resource_index/parent_prefix_path/eddog_msgs
-- Installing: /home/edsols/Ed-dogws/install/eddog_msgs/share/eddog_msgs/environment/ament_prefix_path.sh
-- Installing: /home/edsols/Ed-dogws/install/eddog_msgs/share/eddog_msgs/environment/ament_prefix_path.dsv
-- Installing: /home/edsols/Ed-dogws/install/eddog_msgs/share/eddog_msgs/environment/path.sh
-- Installing: /home/edsols/Ed-dogws/install/eddog_msgs/share/eddog_msgs/environment/path.dsv
-- Installing: /home/edsols/Ed-dogws/install/eddog_msgs/share/eddog_msgs/local_setup.bash
-- Installing: /home/edsols/Ed-dogws/install/eddog_msgs/share/eddog_msgs/local_setup.sh
-- Installing: /home/edsols/Ed-dogws/install/eddog_msgs/share/eddog_msgs/local_setup.zsh
-- Installing: /home/edsols/Ed-dogws/install/eddog_msgs/share/eddog_msgs/local_setup.dsv
-- Installing: /home/edsols/Ed-dogws/install/eddog_msgs/share/eddog_msgs/package.dsv
-- Installing: /home/edsols/Ed-dogws/install/eddog_msgs/share/ament_index/resource_index/packages/eddog_msgs
-- Installing: /home/edsols/Ed-dogws/install/eddog_msgs/share/eddog_msgs/cmake/export_eddog_msgs__rosidl_generator_cExport.cmake
-- Installing: /home/edsols/Ed-dogws/install/eddog_msgs/share/eddog_msgs/cmake/export_eddog_msgs__rosidl_generator_cExport-noconfig.cmake
-- Installing: /home/edsols/Ed-dogws/install/eddog_msgs/share/eddog_msgs/cmake/export_eddog_msgs__rosidl_typesupport_fastrtps_cExport.cmake
-- Installing: /home/edsols/Ed-dogws/install/eddog_msgs/share/eddog_msgs/cmake/export_eddog_msgs__rosidl_typesupport_fastrtps_cExport-noconfig.cmake
-- Installing: /home/edsols/Ed-dogws/install/eddog_msgs/share/eddog_msgs/cmake/export_eddog_msgs__rosidl_generator_cppExport.cmake
-- Installing: /home/edsols/Ed-dogws/install/eddog_msgs/share/eddog_msgs/cmake/export_eddog_msgs__rosidl_typesupport_fastrtps_cppExport.cmake
-- Installing: /home/edsols/Ed-dogws/install/eddog_msgs/share/eddog_msgs/cmake/export_eddog_msgs__rosidl_typesupport_fastrtps_cppExport-noconfig.cmake
-- Installing: /home/edsols/Ed-dogws/install/eddog_msgs/share/eddog_msgs/cmake/eddog_msgs__rosidl_typesupport_introspection_cExport.cmake
-- Installing: /home/edsols/Ed-dogws/install/eddog_msgs/share/eddog_msgs/cmake/eddog_msgs__rosidl_typesupport_introspection_cExport-noconfig.cmake
-- Installing: /home/edsols/Ed-dogws/install/eddog_msgs/share/eddog_msgs/cmake/eddog_msgs__rosidl_typesupport_cExport.cmake
-- Installing: /home/edsols/Ed-dogws/install/eddog_msgs/share/eddog_msgs/cmake/eddog_msgs__rosidl_typesupport_cExport-noconfig.cmake
-- Installing: /home/edsols/Ed-dogws/install/eddog_msgs/share/eddog_msgs/cmake/eddog_msgs__rosidl_typesupport_introspection_cppExport.cmake
-- Installing: /home/edsols/Ed-dogws/install/eddog_msgs/share/eddog_msgs/cmake/eddog_msgs__rosidl_typesupport_introspection_cppExport-noconfig.cmake
-- Installing: /home/edsols/Ed-dogws/install/eddog_msgs/share/eddog_msgs/cmake/eddog_msgs__rosidl_typesupport_cppExport.cmake
-- Installing: /home/edsols/Ed-dogws/install/eddog_msgs/share/eddog_msgs/cmake/eddog_msgs__rosidl_typesupport_cppExport-noconfig.cmake
-- Installing: /home/edsols/Ed-dogws/install/eddog_msgs/share/eddog_msgs/cmake/export_eddog_msgs__rosidl_generator_pyExport.cmake
-- Installing: /home/edsols/Ed-dogws/install/eddog_msgs/share/eddog_msgs/cmake/export_eddog_msgs__rosidl_generator_pyExport-noconfig.cmake
-- Installing: /home/edsols/Ed-dogws/install/eddog_msgs/share/eddog_msgs/cmake/rosidl_cmake-extras.cmake
-- Installing: /home/edsols/Ed-dogws/install/eddog_msgs/share/eddog_msgs/cmake/ament_cmake_export_dependencies-extras.cmake
-- Installing: /home/edsols/Ed-dogws/install/eddog_msgs/share/eddog_msgs/cmake/ament_cmake_export_include_directories-extras.cmake
-- Installing: /home/edsols/Ed-dogws/install/eddog_msgs/share/eddog_msgs/cmake/ament_cmake_export_libraries-extras.cmake
-- Installing: /home/edsols/Ed-dogws/install/eddog_msgs/share/eddog_msgs/cmake/ament_cmake_export_targets-extras.cmake
-- Installing: /home/edsols/Ed-dogws/install/eddog_msgs/share/eddog_msgs/cmake/rosidl_cmake_export_typesupport_targets-extras.cmake
-- Installing: /home/edsols/Ed-dogws/install/eddog_msgs/share/eddog_msgs/cmake/rosidl_cmake_export_typesupport_libraries-extras.cmake
-- Installing: /home/edsols/Ed-dogws/install/eddog_msgs/share/eddog_msgs/cmake/eddog_msgsConfig.cmake
-- Installing: /home/edsols/Ed-dogws/install/eddog_msgs/share/eddog_msgs/cmake/eddog_msgsConfig-version.cmake
-- Installing: /home/edsols/Ed-dogws/install/eddog_msgs/share/eddog_msgs/package.xml
