[0.167s] Invoking command in '/home/edsols/Ed-dogws/build/eddog_msgs': CMAKE_PREFIX_PATH=${CMAKE_PREFIX_PATH}:/opt/ros/humble /usr/bin/cmake /home/edsols/Ed-dogws/eddog_msgs -DCMAKE_INSTALL_PREFIX=/home/edsols/Ed-dogws/install/eddog_msgs
[0.177s] -- Found ament_cmake: 1.3.6 (/opt/ros/humble/share/ament_cmake/cmake)
[0.302s] -- Found rclcpp: 16.0.7 (/opt/ros/humble/share/rclcpp/cmake)
[0.327s] -- Found rosidl_generator_c: 3.1.5 (/opt/ros/humble/share/rosidl_generator_c/cmake)
[0.330s] -- Found rosidl_adapter: 3.1.5 (/opt/ros/humble/share/rosidl_adapter/cmake)
[0.334s] -- Found rosidl_generator_cpp: 3.1.5 (/opt/ros/humble/share/rosidl_generator_cpp/cmake)
[0.343s] -- Using all available rosidl_typesupport_c: rosidl_typesupport_fastrtps_c;rosidl_typesupport_introspection_c
[0.356s] -- Using all available rosidl_typesupport_cpp: rosidl_typesupport_fastrtps_cpp;rosidl_typesupport_introspection_cpp
[0.405s] -- Found rmw_implementation_cmake: 6.1.1 (/opt/ros/humble/share/rmw_implementation_cmake/cmake)
[0.406s] -- Found rmw_fastrtps_cpp: 6.2.5 (/opt/ros/humble/share/rmw_fastrtps_cpp/cmake)
[0.507s] -- Using RMW implementation 'rmw_fastrtps_cpp' as default
[0.643s] -- Found sensor_msgs: 4.2.3 (/opt/ros/humble/share/sensor_msgs/cmake)
[0.750s] -- Found rosidl_default_generators: 1.2.0 (/opt/ros/humble/share/rosidl_default_generators/cmake)
[1.039s] -- Found ament_cmake_cppcheck: 0.12.9 (/opt/ros/humble/share/ament_cmake_cppcheck/cmake)
[1.041s] -- Found ament_cmake_cpplint: 0.12.9 (/opt/ros/humble/share/ament_cmake_cpplint/cmake)
[1.042s] -- Found ament_cmake_uncrustify: 0.12.9 (/opt/ros/humble/share/ament_cmake_uncrustify/cmake)
[1.043s] -- Found ament_cmake_ros: 0.10.0 (/opt/ros/humble/share/ament_cmake_ros/cmake)
[1.438s] -- Using all available rosidl_typesupport_c: rosidl_typesupport_fastrtps_c;rosidl_typesupport_introspection_c
[1.601s] -- Using all available rosidl_typesupport_cpp: rosidl_typesupport_fastrtps_cpp;rosidl_typesupport_introspection_cpp
[1.624s] -- Found python_cmake_module: 0.10.0 (/opt/ros/humble/share/python_cmake_module/cmake)
[1.647s] -- Using PYTHON_EXECUTABLE: /usr/bin/python3
[1.647s] -- Using PYTHON_INCLUDE_DIRS: /usr/include/python3.10
[1.647s] -- Using PYTHON_LIBRARIES: /usr/lib/x86_64-linux-gnu/libpython3.10.so
[1.697s] -- Found ament_cmake_flake8: 0.12.9 (/opt/ros/humble/share/ament_cmake_flake8/cmake)
[1.699s] -- Found ament_cmake_pep257: 0.12.9 (/opt/ros/humble/share/ament_cmake_pep257/cmake)
[1.708s] -- Configuring done
[1.752s] -- Generating done
[1.755s] -- Build files have been written to: /home/edsols/Ed-dogws/build/eddog_msgs
[1.768s] Invoked command in '/home/edsols/Ed-dogws/build/eddog_msgs' returned '0': CMAKE_PREFIX_PATH=${CMAKE_PREFIX_PATH}:/opt/ros/humble /usr/bin/cmake /home/edsols/Ed-dogws/eddog_msgs -DCMAKE_INSTALL_PREFIX=/home/edsols/Ed-dogws/install/eddog_msgs
[1.768s] Invoking command in '/home/edsols/Ed-dogws/build/eddog_msgs': CMAKE_PREFIX_PATH=${CMAKE_PREFIX_PATH}:/opt/ros/humble /usr/bin/cmake --build /home/edsols/Ed-dogws/build/eddog_msgs -- -j6 -l6
[1.805s] [  1%] [34m[1mGenerating C code for ROS interfaces[0m
[1.815s] [  2%] [34m[1mGenerating C++ code for ROS interfaces[0m
[1.835s] [  2%] Built target ament_cmake_python_copy_eddog_msgs
[2.064s] running egg_info
[2.064s] creating eddog_msgs.egg-info
[2.064s] writing eddog_msgs.egg-info/PKG-INFO
[2.065s] writing dependency_links to eddog_msgs.egg-info/dependency_links.txt
[2.065s] writing top-level names to eddog_msgs.egg-info/top_level.txt
[2.065s] writing manifest file 'eddog_msgs.egg-info/SOURCES.txt'
[2.067s] reading manifest file 'eddog_msgs.egg-info/SOURCES.txt'
[2.068s] writing manifest file 'eddog_msgs.egg-info/SOURCES.txt'
[2.095s] [  2%] Built target ament_cmake_python_build_eddog_msgs_egg
[2.584s] [  2%] Built target eddog_msgs__cpp
[2.603s] [  3%] [34m[1mGenerating C++ type support for eProsima Fast-RTPS[0m
[2.605s] [  4%] [34m[1mGenerating C++ type support dispatch for ROS interfaces[0m
[2.609s] [  5%] [34m[1mGenerating C++ introspection for ROS interfaces[0m
[2.691s] [  6%] [32mBuilding C object CMakeFiles/eddog_msgs__rosidl_generator_c.dir/rosidl_generator_c/eddog_msgs/msg/detail/limits__functions.c.o[0m
[2.702s] [  8%] [32mBuilding C object CMakeFiles/eddog_msgs__rosidl_generator_c.dir/rosidl_generator_c/eddog_msgs/msg/detail/geometry__functions.c.o[0m
[2.707s] [  9%] [32mBuilding C object CMakeFiles/eddog_msgs__rosidl_generator_c.dir/rosidl_generator_c/eddog_msgs/msg/detail/joy_ctrl_cmds__functions.c.o[0m
[2.786s] [ 10%] [32mBuilding C object CMakeFiles/eddog_msgs__rosidl_generator_c.dir/rosidl_generator_c/eddog_msgs/msg/detail/imu_info__functions.c.o[0m
[2.798s] [ 11%] [32mBuilding C object CMakeFiles/eddog_msgs__rosidl_generator_c.dir/rosidl_generator_c/eddog_msgs/msg/detail/extrinsics__functions.c.o[0m
[2.855s] [ 12%] [32mBuilding C object CMakeFiles/eddog_msgs__rosidl_generator_c.dir/rosidl_generator_c/eddog_msgs/msg/detail/metadata__functions.c.o[0m
[2.861s] [ 13%] [32mBuilding C object CMakeFiles/eddog_msgs__rosidl_generator_c.dir/rosidl_generator_c/eddog_msgs/msg/detail/rgbd__functions.c.o[0m
[2.905s] [ 14%] [32mBuilding C object CMakeFiles/eddog_msgs__rosidl_generator_c.dir/rosidl_generator_c/eddog_msgs/srv/detail/device_info__functions.c.o[0m
[2.957s] [ 16%] [32m[1mLinking C shared library libeddog_msgs__rosidl_generator_c.so[0m
[2.997s] [ 16%] Built target eddog_msgs__rosidl_generator_c
[3.006s] [ 17%] [34m[1mGenerating C introspection for ROS interfaces[0m
[3.008s] [ 18%] [34m[1mGenerating C type support dispatch for ROS interfaces[0m
[3.024s] [ 19%] [34m[1mGenerating C type support for eProsima Fast-RTPS[0m
[3.311s] [ 20%] [32mBuilding CXX object CMakeFiles/eddog_msgs__rosidl_typesupport_cpp.dir/rosidl_typesupport_cpp/eddog_msgs/msg/joy_ctrl_cmds__type_support.cpp.o[0m
[3.416s] [ 21%] [32mBuilding CXX object CMakeFiles/eddog_msgs__rosidl_typesupport_introspection_cpp.dir/rosidl_typesupport_introspection_cpp/eddog_msgs/msg/detail/joy_ctrl_cmds__type_support.cpp.o[0m
[3.540s] [ 22%] [32mBuilding CXX object CMakeFiles/eddog_msgs__rosidl_typesupport_fastrtps_cpp.dir/rosidl_typesupport_fastrtps_cpp/eddog_msgs/msg/detail/dds_fastrtps/joy_ctrl_cmds__type_support.cpp.o[0m
[3.546s] [ 24%] [32mBuilding CXX object CMakeFiles/eddog_msgs__rosidl_typesupport_cpp.dir/rosidl_typesupport_cpp/eddog_msgs/msg/limits__type_support.cpp.o[0m
[3.598s] [ 25%] [32mBuilding CXX object CMakeFiles/eddog_msgs__rosidl_typesupport_c.dir/rosidl_typesupport_c/eddog_msgs/msg/joy_ctrl_cmds__type_support.cpp.o[0m
[3.664s] [ 26%] [32mBuilding CXX object CMakeFiles/eddog_msgs__rosidl_typesupport_c.dir/rosidl_typesupport_c/eddog_msgs/msg/limits__type_support.cpp.o[0m
[3.731s] [ 27%] [32mBuilding CXX object CMakeFiles/eddog_msgs__rosidl_typesupport_c.dir/rosidl_typesupport_c/eddog_msgs/msg/geometry__type_support.cpp.o[0m
[3.746s] [ 28%] [32mBuilding CXX object CMakeFiles/eddog_msgs__rosidl_typesupport_introspection_cpp.dir/rosidl_typesupport_introspection_cpp/eddog_msgs/msg/detail/limits__type_support.cpp.o[0m
[3.761s] [ 29%] [32mBuilding CXX object CMakeFiles/eddog_msgs__rosidl_typesupport_c.dir/rosidl_typesupport_c/eddog_msgs/msg/imu_info__type_support.cpp.o[0m
[3.801s] [ 31%] [32mBuilding CXX object CMakeFiles/eddog_msgs__rosidl_typesupport_c.dir/rosidl_typesupport_c/eddog_msgs/msg/extrinsics__type_support.cpp.o[0m
[3.806s] [ 32%] [32mBuilding CXX object CMakeFiles/eddog_msgs__rosidl_typesupport_cpp.dir/rosidl_typesupport_cpp/eddog_msgs/msg/geometry__type_support.cpp.o[0m
[3.814s] [ 33%] [32mBuilding C object CMakeFiles/eddog_msgs__rosidl_typesupport_introspection_c.dir/rosidl_typesupport_introspection_c/eddog_msgs/msg/detail/joy_ctrl_cmds__type_support.c.o[0m
[3.857s] [ 34%] [32mBuilding CXX object CMakeFiles/eddog_msgs__rosidl_typesupport_c.dir/rosidl_typesupport_c/eddog_msgs/msg/metadata__type_support.cpp.o[0m
[3.877s] [ 35%] [32mBuilding C object CMakeFiles/eddog_msgs__rosidl_typesupport_introspection_c.dir/rosidl_typesupport_introspection_c/eddog_msgs/msg/detail/limits__type_support.c.o[0m
[3.912s] [ 36%] [32mBuilding CXX object CMakeFiles/eddog_msgs__rosidl_typesupport_c.dir/rosidl_typesupport_c/eddog_msgs/msg/rgbd__type_support.cpp.o[0m
[3.917s] [ 37%] [32mBuilding CXX object CMakeFiles/eddog_msgs__rosidl_typesupport_fastrtps_cpp.dir/rosidl_typesupport_fastrtps_cpp/eddog_msgs/msg/detail/dds_fastrtps/limits__type_support.cpp.o[0m
[3.920s] [ 39%] [32mBuilding C object CMakeFiles/eddog_msgs__rosidl_typesupport_introspection_c.dir/rosidl_typesupport_introspection_c/eddog_msgs/msg/detail/geometry__type_support.c.o[0m
[3.951s] [ 40%] [32mBuilding CXX object CMakeFiles/eddog_msgs__rosidl_typesupport_c.dir/rosidl_typesupport_c/eddog_msgs/srv/device_info__type_support.cpp.o[0m
[3.959s] [ 41%] [32mBuilding CXX object CMakeFiles/eddog_msgs__rosidl_typesupport_fastrtps_c.dir/rosidl_typesupport_fastrtps_c/eddog_msgs/msg/detail/joy_ctrl_cmds__type_support_c.cpp.o[0m
[3.980s] [ 42%] [32mBuilding C object CMakeFiles/eddog_msgs__rosidl_typesupport_introspection_c.dir/rosidl_typesupport_introspection_c/eddog_msgs/msg/detail/imu_info__type_support.c.o[0m
[4.017s] [ 43%] [32m[1mLinking CXX shared library libeddog_msgs__rosidl_typesupport_c.so[0m
[4.032s] [ 44%] [32mBuilding C object CMakeFiles/eddog_msgs__rosidl_typesupport_introspection_c.dir/rosidl_typesupport_introspection_c/eddog_msgs/msg/detail/extrinsics__type_support.c.o[0m
[4.039s] [ 45%] [32mBuilding CXX object CMakeFiles/eddog_msgs__rosidl_typesupport_cpp.dir/rosidl_typesupport_cpp/eddog_msgs/msg/imu_info__type_support.cpp.o[0m
[4.077s] [ 45%] Built target eddog_msgs__rosidl_typesupport_c
[4.084s] [ 47%] [32mBuilding C object CMakeFiles/eddog_msgs__rosidl_typesupport_introspection_c.dir/rosidl_typesupport_introspection_c/eddog_msgs/msg/detail/metadata__type_support.c.o[0m
[4.093s] [ 48%] [32mBuilding CXX object CMakeFiles/eddog_msgs__rosidl_typesupport_cpp.dir/rosidl_typesupport_cpp/eddog_msgs/msg/extrinsics__type_support.cpp.o[0m
[4.101s] [ 49%] [32mBuilding CXX object CMakeFiles/eddog_msgs__rosidl_typesupport_introspection_cpp.dir/rosidl_typesupport_introspection_cpp/eddog_msgs/msg/detail/geometry__type_support.cpp.o[0m
[4.146s] [ 50%] [32mBuilding C object CMakeFiles/eddog_msgs__rosidl_typesupport_introspection_c.dir/rosidl_typesupport_introspection_c/eddog_msgs/msg/detail/rgbd__type_support.c.o[0m
[4.258s] [ 51%] [32mBuilding C object CMakeFiles/eddog_msgs__rosidl_typesupport_introspection_c.dir/rosidl_typesupport_introspection_c/eddog_msgs/srv/detail/device_info__type_support.c.o[0m
[4.278s] [ 52%] [32mBuilding CXX object CMakeFiles/eddog_msgs__rosidl_typesupport_fastrtps_cpp.dir/rosidl_typesupport_fastrtps_cpp/eddog_msgs/msg/detail/dds_fastrtps/geometry__type_support.cpp.o[0m
[4.307s] [ 54%] [32mBuilding CXX object CMakeFiles/eddog_msgs__rosidl_typesupport_fastrtps_c.dir/rosidl_typesupport_fastrtps_c/eddog_msgs/msg/detail/limits__type_support_c.cpp.o[0m
[4.310s] [ 55%] [32m[1mLinking C shared library libeddog_msgs__rosidl_typesupport_introspection_c.so[0m
[4.320s] [ 56%] [32mBuilding CXX object CMakeFiles/eddog_msgs__rosidl_typesupport_cpp.dir/rosidl_typesupport_cpp/eddog_msgs/msg/metadata__type_support.cpp.o[0m
[4.328s] [ 57%] [32mBuilding CXX object CMakeFiles/eddog_msgs__rosidl_typesupport_cpp.dir/rosidl_typesupport_cpp/eddog_msgs/msg/rgbd__type_support.cpp.o[0m
[4.409s] [ 57%] Built target eddog_msgs__rosidl_typesupport_introspection_c
[4.442s] [ 58%] [32mBuilding CXX object CMakeFiles/eddog_msgs__rosidl_typesupport_cpp.dir/rosidl_typesupport_cpp/eddog_msgs/srv/device_info__type_support.cpp.o[0m
[4.475s] [ 59%] [32mBuilding CXX object CMakeFiles/eddog_msgs__rosidl_typesupport_introspection_cpp.dir/rosidl_typesupport_introspection_cpp/eddog_msgs/msg/detail/imu_info__type_support.cpp.o[0m
[4.587s] [ 60%] [32mBuilding CXX object CMakeFiles/eddog_msgs__rosidl_typesupport_fastrtps_c.dir/rosidl_typesupport_fastrtps_c/eddog_msgs/msg/detail/geometry__type_support_c.cpp.o[0m
[4.592s] [ 62%] [32mBuilding CXX object CMakeFiles/eddog_msgs__rosidl_typesupport_introspection_cpp.dir/rosidl_typesupport_introspection_cpp/eddog_msgs/msg/detail/extrinsics__type_support.cpp.o[0m
[4.620s] [ 63%] [32mBuilding CXX object CMakeFiles/eddog_msgs__rosidl_typesupport_fastrtps_cpp.dir/rosidl_typesupport_fastrtps_cpp/eddog_msgs/msg/detail/dds_fastrtps/imu_info__type_support.cpp.o[0m
[4.664s] [ 64%] [32mBuilding CXX object CMakeFiles/eddog_msgs__rosidl_typesupport_fastrtps_c.dir/rosidl_typesupport_fastrtps_c/eddog_msgs/msg/detail/imu_info__type_support_c.cpp.o[0m
[4.759s] [ 65%] [32m[1mLinking CXX shared library libeddog_msgs__rosidl_typesupport_cpp.so[0m
[4.865s] [ 66%] [32mBuilding CXX object CMakeFiles/eddog_msgs__rosidl_typesupport_introspection_cpp.dir/rosidl_typesupport_introspection_cpp/eddog_msgs/msg/detail/metadata__type_support.cpp.o[0m
[4.898s] [ 66%] Built target eddog_msgs__rosidl_typesupport_cpp
[4.918s] [ 67%] [32mBuilding CXX object CMakeFiles/eddog_msgs__rosidl_typesupport_introspection_cpp.dir/rosidl_typesupport_introspection_cpp/eddog_msgs/msg/detail/rgbd__type_support.cpp.o[0m
[4.948s] [ 68%] [32mBuilding CXX object CMakeFiles/eddog_msgs__rosidl_typesupport_fastrtps_c.dir/rosidl_typesupport_fastrtps_c/eddog_msgs/msg/detail/extrinsics__type_support_c.cpp.o[0m
[4.967s] [ 71%] [32mBuilding CXX object CMakeFiles/eddog_msgs__rosidl_typesupport_fastrtps_cpp.dir/rosidl_typesupport_fastrtps_cpp/eddog_msgs/msg/detail/dds_fastrtps/extrinsics__type_support.cpp.o[0m
[4.968s] [ 71%] [32mBuilding CXX object CMakeFiles/eddog_msgs__rosidl_typesupport_fastrtps_cpp.dir/rosidl_typesupport_fastrtps_cpp/eddog_msgs/msg/detail/dds_fastrtps/metadata__type_support.cpp.o[0m
[5.052s] [ 72%] [32mBuilding CXX object CMakeFiles/eddog_msgs__rosidl_typesupport_fastrtps_cpp.dir/rosidl_typesupport_fastrtps_cpp/eddog_msgs/msg/detail/dds_fastrtps/rgbd__type_support.cpp.o[0m
[5.270s] [ 73%] [32mBuilding CXX object CMakeFiles/eddog_msgs__rosidl_typesupport_fastrtps_c.dir/rosidl_typesupport_fastrtps_c/eddog_msgs/msg/detail/metadata__type_support_c.cpp.o[0m
[5.302s] [ 74%] [32mBuilding CXX object CMakeFiles/eddog_msgs__rosidl_typesupport_fastrtps_cpp.dir/rosidl_typesupport_fastrtps_cpp/eddog_msgs/srv/detail/dds_fastrtps/device_info__type_support.cpp.o[0m
[5.325s] [ 75%] [32mBuilding CXX object CMakeFiles/eddog_msgs__rosidl_typesupport_introspection_cpp.dir/rosidl_typesupport_introspection_cpp/eddog_msgs/srv/detail/device_info__type_support.cpp.o[0m
[5.351s] [ 77%] [32mBuilding CXX object CMakeFiles/eddog_msgs__rosidl_typesupport_fastrtps_c.dir/rosidl_typesupport_fastrtps_c/eddog_msgs/msg/detail/rgbd__type_support_c.cpp.o[0m
[5.359s] [ 78%] [32mBuilding CXX object CMakeFiles/eddog_msgs__rosidl_typesupport_fastrtps_c.dir/rosidl_typesupport_fastrtps_c/eddog_msgs/srv/detail/device_info__type_support_c.cpp.o[0m
[5.658s] [ 79%] [32m[1mLinking CXX shared library libeddog_msgs__rosidl_typesupport_introspection_cpp.so[0m
[5.693s] [ 80%] [32m[1mLinking CXX shared library libeddog_msgs__rosidl_typesupport_fastrtps_cpp.so[0m
[5.731s] [ 81%] [32m[1mLinking CXX shared library libeddog_msgs__rosidl_typesupport_fastrtps_c.so[0m
[5.737s] [ 81%] Built target eddog_msgs__rosidl_typesupport_introspection_cpp
[5.770s] [ 81%] Built target eddog_msgs__rosidl_typesupport_fastrtps_cpp
[5.799s] [ 81%] Built target eddog_msgs__rosidl_typesupport_fastrtps_c
[5.815s] [ 81%] Built target eddog_msgs
[5.831s] [ 82%] [34m[1mGenerating Python code for ROS interfaces[0m
[6.879s] [ 82%] Built target eddog_msgs__py
[6.896s] [ 86%] [32mBuilding C object CMakeFiles/eddog_msgs__rosidl_generator_py.dir/rosidl_generator_py/eddog_msgs/msg/_geometry_s.c.o[0m
[6.896s] [ 88%] [32mBuilding C object CMakeFiles/eddog_msgs__rosidl_generator_py.dir/rosidl_generator_py/eddog_msgs/msg/_imu_info_s.c.o[0m
[6.896s] [ 88%] [32mBuilding C object CMakeFiles/eddog_msgs__rosidl_generator_py.dir/rosidl_generator_py/eddog_msgs/msg/_extrinsics_s.c.o[0m
[6.897s] [ 86%] [32mBuilding C object CMakeFiles/eddog_msgs__rosidl_generator_py.dir/rosidl_generator_py/eddog_msgs/msg/_limits_s.c.o[0m
[6.897s] [ 88%] [32mBuilding C object CMakeFiles/eddog_msgs__rosidl_generator_py.dir/rosidl_generator_py/eddog_msgs/msg/_joy_ctrl_cmds_s.c.o[0m
[6.903s] [ 89%] [32mBuilding C object CMakeFiles/eddog_msgs__rosidl_generator_py.dir/rosidl_generator_py/eddog_msgs/msg/_metadata_s.c.o[0m
[6.992s] [ 90%] [32mBuilding C object CMakeFiles/eddog_msgs__rosidl_generator_py.dir/rosidl_generator_py/eddog_msgs/msg/_rgbd_s.c.o[0m
[6.993s] [ 91%] [32mBuilding C object CMakeFiles/eddog_msgs__rosidl_generator_py.dir/rosidl_generator_py/eddog_msgs/srv/_device_info_s.c.o[0m
[7.086s] [ 93%] [32m[1mLinking C shared library rosidl_generator_py/eddog_msgs/libeddog_msgs__rosidl_generator_py.so[0m
[7.125s] [ 93%] Built target eddog_msgs__rosidl_generator_py
[7.142s] [ 95%] [32mBuilding C object CMakeFiles/eddog_msgs__rosidl_typesupport_introspection_c__pyext.dir/rosidl_generator_py/eddog_msgs/_eddog_msgs_s.ep.rosidl_typesupport_introspection_c.c.o[0m
[7.143s] [ 95%] [32mBuilding C object CMakeFiles/eddog_msgs__rosidl_typesupport_c__pyext.dir/rosidl_generator_py/eddog_msgs/_eddog_msgs_s.ep.rosidl_typesupport_c.c.o[0m
[7.146s] [ 96%] [32mBuilding C object CMakeFiles/eddog_msgs__rosidl_typesupport_fastrtps_c__pyext.dir/rosidl_generator_py/eddog_msgs/_eddog_msgs_s.ep.rosidl_typesupport_fastrtps_c.c.o[0m
[7.250s] [ 97%] [32m[1mLinking C shared library rosidl_generator_py/eddog_msgs/eddog_msgs_s__rosidl_typesupport_introspection_c.cpython-310-x86_64-linux-gnu.so[0m
[7.258s] [ 98%] [32m[1mLinking C shared library rosidl_generator_py/eddog_msgs/eddog_msgs_s__rosidl_typesupport_fastrtps_c.cpython-310-x86_64-linux-gnu.so[0m
[7.270s] [100%] [32m[1mLinking C shared library rosidl_generator_py/eddog_msgs/eddog_msgs_s__rosidl_typesupport_c.cpython-310-x86_64-linux-gnu.so[0m
[7.290s] [100%] Built target eddog_msgs__rosidl_typesupport_introspection_c__pyext
[7.303s] [100%] Built target eddog_msgs__rosidl_typesupport_fastrtps_c__pyext
[7.310s] [100%] Built target eddog_msgs__rosidl_typesupport_c__pyext
[7.328s] Invoked command in '/home/edsols/Ed-dogws/build/eddog_msgs' returned '0': CMAKE_PREFIX_PATH=${CMAKE_PREFIX_PATH}:/opt/ros/humble /usr/bin/cmake --build /home/edsols/Ed-dogws/build/eddog_msgs -- -j6 -l6
[7.510s] Invoking command in '/home/edsols/Ed-dogws/build/eddog_msgs': CMAKE_PREFIX_PATH=${CMAKE_PREFIX_PATH}:/opt/ros/humble /usr/bin/cmake --install /home/edsols/Ed-dogws/build/eddog_msgs
[7.518s] -- Install configuration: ""
[7.518s] -- Installing: /home/edsols/Ed-dogws/install/eddog_msgs/share/ament_index/resource_index/rosidl_interfaces/eddog_msgs
[7.519s] -- Installing: /home/edsols/Ed-dogws/install/eddog_msgs/include/eddog_msgs/eddog_msgs
[7.519s] -- Installing: /home/edsols/Ed-dogws/install/eddog_msgs/include/eddog_msgs/eddog_msgs/msg
[7.519s] -- Installing: /home/edsols/Ed-dogws/install/eddog_msgs/include/eddog_msgs/eddog_msgs/msg/geometry.h
[7.519s] -- Installing: /home/edsols/Ed-dogws/install/eddog_msgs/include/eddog_msgs/eddog_msgs/msg/rosidl_generator_c__visibility_control.h
[7.519s] -- Installing: /home/edsols/Ed-dogws/install/eddog_msgs/include/eddog_msgs/eddog_msgs/msg/rgbd.h
[7.520s] -- Installing: /home/edsols/Ed-dogws/install/eddog_msgs/include/eddog_msgs/eddog_msgs/msg/limits.h
[7.520s] -- Installing: /home/edsols/Ed-dogws/install/eddog_msgs/include/eddog_msgs/eddog_msgs/msg/joy_ctrl_cmds.h
[7.520s] -- Installing: /home/edsols/Ed-dogws/install/eddog_msgs/include/eddog_msgs/eddog_msgs/msg/detail
[7.520s] -- Installing: /home/edsols/Ed-dogws/install/eddog_msgs/include/eddog_msgs/eddog_msgs/msg/detail/extrinsics__struct.h
[7.520s] -- Installing: /home/edsols/Ed-dogws/install/eddog_msgs/include/eddog_msgs/eddog_msgs/msg/detail/extrinsics__functions.h
[7.521s] -- Installing: /home/edsols/Ed-dogws/install/eddog_msgs/include/eddog_msgs/eddog_msgs/msg/detail/metadata__type_support.h
[7.521s] -- Installing: /home/edsols/Ed-dogws/install/eddog_msgs/include/eddog_msgs/eddog_msgs/msg/detail/extrinsics__type_support.h
[7.521s] -- Installing: /home/edsols/Ed-dogws/install/eddog_msgs/include/eddog_msgs/eddog_msgs/msg/detail/limits__functions.c
[7.521s] -- Installing: /home/edsols/Ed-dogws/install/eddog_msgs/include/eddog_msgs/eddog_msgs/msg/detail/limits__functions.h
[7.521s] -- Installing: /home/edsols/Ed-dogws/install/eddog_msgs/include/eddog_msgs/eddog_msgs/msg/detail/geometry__functions.c
[7.522s] -- Installing: /home/edsols/Ed-dogws/install/eddog_msgs/include/eddog_msgs/eddog_msgs/msg/detail/joy_ctrl_cmds__functions.c
[7.522s] -- Installing: /home/edsols/Ed-dogws/install/eddog_msgs/include/eddog_msgs/eddog_msgs/msg/detail/rgbd__struct.h
[7.522s] -- Installing: /home/edsols/Ed-dogws/install/eddog_msgs/include/eddog_msgs/eddog_msgs/msg/detail/imu_info__type_support.h
[7.522s] -- Installing: /home/edsols/Ed-dogws/install/eddog_msgs/include/eddog_msgs/eddog_msgs/msg/detail/imu_info__functions.c
[7.522s] -- Installing: /home/edsols/Ed-dogws/install/eddog_msgs/include/eddog_msgs/eddog_msgs/msg/detail/geometry__type_support.h
[7.523s] -- Installing: /home/edsols/Ed-dogws/install/eddog_msgs/include/eddog_msgs/eddog_msgs/msg/detail/rgbd__type_support.h
[7.523s] -- Installing: /home/edsols/Ed-dogws/install/eddog_msgs/include/eddog_msgs/eddog_msgs/msg/detail/metadata__struct.h
[7.523s] -- Installing: /home/edsols/Ed-dogws/install/eddog_msgs/include/eddog_msgs/eddog_msgs/msg/detail/limits__struct.h
[7.523s] -- Installing: /home/edsols/Ed-dogws/install/eddog_msgs/include/eddog_msgs/eddog_msgs/msg/detail/joy_ctrl_cmds__type_support.h
[7.523s] -- Installing: /home/edsols/Ed-dogws/install/eddog_msgs/include/eddog_msgs/eddog_msgs/msg/detail/rgbd__functions.c
[7.524s] -- Installing: /home/edsols/Ed-dogws/install/eddog_msgs/include/eddog_msgs/eddog_msgs/msg/detail/limits__type_support.h
[7.524s] -- Installing: /home/edsols/Ed-dogws/install/eddog_msgs/include/eddog_msgs/eddog_msgs/msg/detail/geometry__functions.h
[7.524s] -- Installing: /home/edsols/Ed-dogws/install/eddog_msgs/include/eddog_msgs/eddog_msgs/msg/detail/geometry__struct.h
[7.524s] -- Installing: /home/edsols/Ed-dogws/install/eddog_msgs/include/eddog_msgs/eddog_msgs/msg/detail/rgbd__functions.h
[7.525s] -- Installing: /home/edsols/Ed-dogws/install/eddog_msgs/include/eddog_msgs/eddog_msgs/msg/detail/extrinsics__functions.c
[7.525s] -- Installing: /home/edsols/Ed-dogws/install/eddog_msgs/include/eddog_msgs/eddog_msgs/msg/detail/metadata__functions.h
[7.525s] -- Installing: /home/edsols/Ed-dogws/install/eddog_msgs/include/eddog_msgs/eddog_msgs/msg/detail/joy_ctrl_cmds__struct.h
[7.525s] -- Installing: /home/edsols/Ed-dogws/install/eddog_msgs/include/eddog_msgs/eddog_msgs/msg/detail/joy_ctrl_cmds__functions.h
[7.525s] -- Installing: /home/edsols/Ed-dogws/install/eddog_msgs/include/eddog_msgs/eddog_msgs/msg/detail/metadata__functions.c
[7.525s] -- Installing: /home/edsols/Ed-dogws/install/eddog_msgs/include/eddog_msgs/eddog_msgs/msg/detail/imu_info__functions.h
[7.526s] -- Installing: /home/edsols/Ed-dogws/install/eddog_msgs/include/eddog_msgs/eddog_msgs/msg/detail/imu_info__struct.h
[7.526s] -- Installing: /home/edsols/Ed-dogws/install/eddog_msgs/include/eddog_msgs/eddog_msgs/msg/extrinsics.h
[7.526s] -- Installing: /home/edsols/Ed-dogws/install/eddog_msgs/include/eddog_msgs/eddog_msgs/msg/metadata.h
[7.526s] -- Installing: /home/edsols/Ed-dogws/install/eddog_msgs/include/eddog_msgs/eddog_msgs/msg/imu_info.h
[7.526s] -- Installing: /home/edsols/Ed-dogws/install/eddog_msgs/include/eddog_msgs/eddog_msgs/srv
[7.526s] -- Installing: /home/edsols/Ed-dogws/install/eddog_msgs/include/eddog_msgs/eddog_msgs/srv/device_info.h
[7.526s] -- Installing: /home/edsols/Ed-dogws/install/eddog_msgs/include/eddog_msgs/eddog_msgs/srv/detail
[7.526s] -- Installing: /home/edsols/Ed-dogws/install/eddog_msgs/include/eddog_msgs/eddog_msgs/srv/detail/device_info__functions.h
[7.526s] -- Installing: /home/edsols/Ed-dogws/install/eddog_msgs/include/eddog_msgs/eddog_msgs/srv/detail/device_info__functions.c
[7.526s] -- Installing: /home/edsols/Ed-dogws/install/eddog_msgs/include/eddog_msgs/eddog_msgs/srv/detail/device_info__struct.h
[7.526s] -- Installing: /home/edsols/Ed-dogws/install/eddog_msgs/include/eddog_msgs/eddog_msgs/srv/detail/device_info__type_support.h
[7.526s] -- Installing: /home/edsols/Ed-dogws/install/eddog_msgs/share/eddog_msgs/environment/library_path.sh
[7.527s] -- Installing: /home/edsols/Ed-dogws/install/eddog_msgs/share/eddog_msgs/environment/library_path.dsv
[7.527s] -- Installing: /home/edsols/Ed-dogws/install/eddog_msgs/lib/libeddog_msgs__rosidl_generator_c.so
[7.527s] -- Set runtime path of "/home/edsols/Ed-dogws/install/eddog_msgs/lib/libeddog_msgs__rosidl_generator_c.so" to ""
[7.527s] -- Up-to-date: /home/edsols/Ed-dogws/install/eddog_msgs/include/eddog_msgs/eddog_msgs
[7.527s] -- Up-to-date: /home/edsols/Ed-dogws/install/eddog_msgs/include/eddog_msgs/eddog_msgs/msg
[7.527s] -- Up-to-date: /home/edsols/Ed-dogws/install/eddog_msgs/include/eddog_msgs/eddog_msgs/msg/detail
[7.527s] -- Installing: /home/edsols/Ed-dogws/install/eddog_msgs/include/eddog_msgs/eddog_msgs/msg/detail/rgbd__rosidl_typesupport_fastrtps_c.h
[7.527s] -- Installing: /home/edsols/Ed-dogws/install/eddog_msgs/include/eddog_msgs/eddog_msgs/msg/detail/geometry__rosidl_typesupport_fastrtps_c.h
[7.527s] -- Installing: /home/edsols/Ed-dogws/install/eddog_msgs/include/eddog_msgs/eddog_msgs/msg/detail/joy_ctrl_cmds__rosidl_typesupport_fastrtps_c.h
[7.528s] -- Installing: /home/edsols/Ed-dogws/install/eddog_msgs/include/eddog_msgs/eddog_msgs/msg/detail/metadata__rosidl_typesupport_fastrtps_c.h
[7.528s] -- Installing: /home/edsols/Ed-dogws/install/eddog_msgs/include/eddog_msgs/eddog_msgs/msg/detail/limits__rosidl_typesupport_fastrtps_c.h
[7.528s] -- Installing: /home/edsols/Ed-dogws/install/eddog_msgs/include/eddog_msgs/eddog_msgs/msg/detail/imu_info__rosidl_typesupport_fastrtps_c.h
[7.528s] -- Installing: /home/edsols/Ed-dogws/install/eddog_msgs/include/eddog_msgs/eddog_msgs/msg/detail/extrinsics__rosidl_typesupport_fastrtps_c.h
[7.528s] -- Installing: /home/edsols/Ed-dogws/install/eddog_msgs/include/eddog_msgs/eddog_msgs/msg/rosidl_typesupport_fastrtps_c__visibility_control.h
[7.528s] -- Up-to-date: /home/edsols/Ed-dogws/install/eddog_msgs/include/eddog_msgs/eddog_msgs/srv
[7.528s] -- Up-to-date: /home/edsols/Ed-dogws/install/eddog_msgs/include/eddog_msgs/eddog_msgs/srv/detail
[7.528s] -- Installing: /home/edsols/Ed-dogws/install/eddog_msgs/include/eddog_msgs/eddog_msgs/srv/detail/device_info__rosidl_typesupport_fastrtps_c.h
[7.528s] -- Installing: /home/edsols/Ed-dogws/install/eddog_msgs/lib/libeddog_msgs__rosidl_typesupport_fastrtps_c.so
[7.528s] -- Set runtime path of "/home/edsols/Ed-dogws/install/eddog_msgs/lib/libeddog_msgs__rosidl_typesupport_fastrtps_c.so" to ""
[7.528s] -- Up-to-date: /home/edsols/Ed-dogws/install/eddog_msgs/include/eddog_msgs/eddog_msgs
[7.529s] -- Up-to-date: /home/edsols/Ed-dogws/install/eddog_msgs/include/eddog_msgs/eddog_msgs/msg
[7.529s] -- Installing: /home/edsols/Ed-dogws/install/eddog_msgs/include/eddog_msgs/eddog_msgs/msg/joy_ctrl_cmds.hpp
[7.529s] -- Installing: /home/edsols/Ed-dogws/install/eddog_msgs/include/eddog_msgs/eddog_msgs/msg/imu_info.hpp
[7.529s] -- Installing: /home/edsols/Ed-dogws/install/eddog_msgs/include/eddog_msgs/eddog_msgs/msg/extrinsics.hpp
[7.529s] -- Installing: /home/edsols/Ed-dogws/install/eddog_msgs/include/eddog_msgs/eddog_msgs/msg/rgbd.hpp
[7.529s] -- Installing: /home/edsols/Ed-dogws/install/eddog_msgs/include/eddog_msgs/eddog_msgs/msg/metadata.hpp
[7.529s] -- Up-to-date: /home/edsols/Ed-dogws/install/eddog_msgs/include/eddog_msgs/eddog_msgs/msg/detail
[7.529s] -- Installing: /home/edsols/Ed-dogws/install/eddog_msgs/include/eddog_msgs/eddog_msgs/msg/detail/rgbd__traits.hpp
[7.529s] -- Installing: /home/edsols/Ed-dogws/install/eddog_msgs/include/eddog_msgs/eddog_msgs/msg/detail/metadata__traits.hpp
[7.529s] -- Installing: /home/edsols/Ed-dogws/install/eddog_msgs/include/eddog_msgs/eddog_msgs/msg/detail/limits__builder.hpp
[7.529s] -- Installing: /home/edsols/Ed-dogws/install/eddog_msgs/include/eddog_msgs/eddog_msgs/msg/detail/metadata__builder.hpp
[7.529s] -- Installing: /home/edsols/Ed-dogws/install/eddog_msgs/include/eddog_msgs/eddog_msgs/msg/detail/joy_ctrl_cmds__struct.hpp
[7.529s] -- Installing: /home/edsols/Ed-dogws/install/eddog_msgs/include/eddog_msgs/eddog_msgs/msg/detail/limits__struct.hpp
[7.529s] -- Installing: /home/edsols/Ed-dogws/install/eddog_msgs/include/eddog_msgs/eddog_msgs/msg/detail/geometry__struct.hpp
[7.530s] -- Installing: /home/edsols/Ed-dogws/install/eddog_msgs/include/eddog_msgs/eddog_msgs/msg/detail/extrinsics__struct.hpp
[7.530s] -- Installing: /home/edsols/Ed-dogws/install/eddog_msgs/include/eddog_msgs/eddog_msgs/msg/detail/metadata__struct.hpp
[7.530s] -- Installing: /home/edsols/Ed-dogws/install/eddog_msgs/include/eddog_msgs/eddog_msgs/msg/detail/imu_info__builder.hpp
[7.530s] -- Installing: /home/edsols/Ed-dogws/install/eddog_msgs/include/eddog_msgs/eddog_msgs/msg/detail/extrinsics__traits.hpp
[7.530s] -- Installing: /home/edsols/Ed-dogws/install/eddog_msgs/include/eddog_msgs/eddog_msgs/msg/detail/imu_info__traits.hpp
[7.530s] -- Installing: /home/edsols/Ed-dogws/install/eddog_msgs/include/eddog_msgs/eddog_msgs/msg/detail/imu_info__struct.hpp
[7.530s] -- Installing: /home/edsols/Ed-dogws/install/eddog_msgs/include/eddog_msgs/eddog_msgs/msg/detail/geometry__builder.hpp
[7.530s] -- Installing: /home/edsols/Ed-dogws/install/eddog_msgs/include/eddog_msgs/eddog_msgs/msg/detail/rgbd__builder.hpp
[7.530s] -- Installing: /home/edsols/Ed-dogws/install/eddog_msgs/include/eddog_msgs/eddog_msgs/msg/detail/joy_ctrl_cmds__builder.hpp
[7.531s] -- Installing: /home/edsols/Ed-dogws/install/eddog_msgs/include/eddog_msgs/eddog_msgs/msg/detail/joy_ctrl_cmds__traits.hpp
[7.531s] -- Installing: /home/edsols/Ed-dogws/install/eddog_msgs/include/eddog_msgs/eddog_msgs/msg/detail/limits__traits.hpp
[7.531s] -- Installing: /home/edsols/Ed-dogws/install/eddog_msgs/include/eddog_msgs/eddog_msgs/msg/detail/rgbd__struct.hpp
[7.531s] -- Installing: /home/edsols/Ed-dogws/install/eddog_msgs/include/eddog_msgs/eddog_msgs/msg/detail/geometry__traits.hpp
[7.531s] -- Installing: /home/edsols/Ed-dogws/install/eddog_msgs/include/eddog_msgs/eddog_msgs/msg/detail/extrinsics__builder.hpp
[7.531s] -- Installing: /home/edsols/Ed-dogws/install/eddog_msgs/include/eddog_msgs/eddog_msgs/msg/limits.hpp
[7.531s] -- Installing: /home/edsols/Ed-dogws/install/eddog_msgs/include/eddog_msgs/eddog_msgs/msg/geometry.hpp
[7.531s] -- Up-to-date: /home/edsols/Ed-dogws/install/eddog_msgs/include/eddog_msgs/eddog_msgs/srv
[7.531s] -- Up-to-date: /home/edsols/Ed-dogws/install/eddog_msgs/include/eddog_msgs/eddog_msgs/srv/detail
[7.531s] -- Installing: /home/edsols/Ed-dogws/install/eddog_msgs/include/eddog_msgs/eddog_msgs/srv/detail/device_info__builder.hpp
[7.531s] -- Installing: /home/edsols/Ed-dogws/install/eddog_msgs/include/eddog_msgs/eddog_msgs/srv/detail/device_info__traits.hpp
[7.531s] -- Installing: /home/edsols/Ed-dogws/install/eddog_msgs/include/eddog_msgs/eddog_msgs/srv/detail/device_info__struct.hpp
[7.532s] -- Installing: /home/edsols/Ed-dogws/install/eddog_msgs/include/eddog_msgs/eddog_msgs/srv/device_info.hpp
[7.532s] -- Up-to-date: /home/edsols/Ed-dogws/install/eddog_msgs/include/eddog_msgs/eddog_msgs
[7.532s] -- Up-to-date: /home/edsols/Ed-dogws/install/eddog_msgs/include/eddog_msgs/eddog_msgs/msg
[7.532s] -- Up-to-date: /home/edsols/Ed-dogws/install/eddog_msgs/include/eddog_msgs/eddog_msgs/msg/detail
[7.532s] -- Installing: /home/edsols/Ed-dogws/install/eddog_msgs/include/eddog_msgs/eddog_msgs/msg/detail/joy_ctrl_cmds__rosidl_typesupport_fastrtps_cpp.hpp
[7.532s] -- Installing: /home/edsols/Ed-dogws/install/eddog_msgs/include/eddog_msgs/eddog_msgs/msg/detail/extrinsics__rosidl_typesupport_fastrtps_cpp.hpp
[7.532s] -- Installing: /home/edsols/Ed-dogws/install/eddog_msgs/include/eddog_msgs/eddog_msgs/msg/detail/rgbd__rosidl_typesupport_fastrtps_cpp.hpp
[7.532s] -- Installing: /home/edsols/Ed-dogws/install/eddog_msgs/include/eddog_msgs/eddog_msgs/msg/detail/geometry__rosidl_typesupport_fastrtps_cpp.hpp
[7.532s] -- Installing: /home/edsols/Ed-dogws/install/eddog_msgs/include/eddog_msgs/eddog_msgs/msg/detail/limits__rosidl_typesupport_fastrtps_cpp.hpp
[7.532s] -- Installing: /home/edsols/Ed-dogws/install/eddog_msgs/include/eddog_msgs/eddog_msgs/msg/detail/metadata__rosidl_typesupport_fastrtps_cpp.hpp
[7.532s] -- Installing: /home/edsols/Ed-dogws/install/eddog_msgs/include/eddog_msgs/eddog_msgs/msg/detail/dds_fastrtps
[7.532s] -- Installing: /home/edsols/Ed-dogws/install/eddog_msgs/include/eddog_msgs/eddog_msgs/msg/detail/imu_info__rosidl_typesupport_fastrtps_cpp.hpp
[7.532s] -- Installing: /home/edsols/Ed-dogws/install/eddog_msgs/include/eddog_msgs/eddog_msgs/msg/rosidl_typesupport_fastrtps_cpp__visibility_control.h
[7.533s] -- Up-to-date: /home/edsols/Ed-dogws/install/eddog_msgs/include/eddog_msgs/eddog_msgs/srv
[7.533s] -- Up-to-date: /home/edsols/Ed-dogws/install/eddog_msgs/include/eddog_msgs/eddog_msgs/srv/detail
[7.533s] -- Installing: /home/edsols/Ed-dogws/install/eddog_msgs/include/eddog_msgs/eddog_msgs/srv/detail/device_info__rosidl_typesupport_fastrtps_cpp.hpp
[7.533s] -- Installing: /home/edsols/Ed-dogws/install/eddog_msgs/include/eddog_msgs/eddog_msgs/srv/detail/dds_fastrtps
[7.533s] -- Installing: /home/edsols/Ed-dogws/install/eddog_msgs/lib/libeddog_msgs__rosidl_typesupport_fastrtps_cpp.so
[7.533s] -- Set runtime path of "/home/edsols/Ed-dogws/install/eddog_msgs/lib/libeddog_msgs__rosidl_typesupport_fastrtps_cpp.so" to ""
[7.533s] -- Up-to-date: /home/edsols/Ed-dogws/install/eddog_msgs/include/eddog_msgs/eddog_msgs
[7.533s] -- Up-to-date: /home/edsols/Ed-dogws/install/eddog_msgs/include/eddog_msgs/eddog_msgs/msg
[7.533s] -- Installing: /home/edsols/Ed-dogws/install/eddog_msgs/include/eddog_msgs/eddog_msgs/msg/rosidl_typesupport_introspection_c__visibility_control.h
[7.534s] -- Up-to-date: /home/edsols/Ed-dogws/install/eddog_msgs/include/eddog_msgs/eddog_msgs/msg/detail
[7.534s] -- Installing: /home/edsols/Ed-dogws/install/eddog_msgs/include/eddog_msgs/eddog_msgs/msg/detail/metadata__rosidl_typesupport_introspection_c.h
[7.534s] -- Installing: /home/edsols/Ed-dogws/install/eddog_msgs/include/eddog_msgs/eddog_msgs/msg/detail/limits__type_support.c
[7.534s] -- Installing: /home/edsols/Ed-dogws/install/eddog_msgs/include/eddog_msgs/eddog_msgs/msg/detail/rgbd__rosidl_typesupport_introspection_c.h
[7.534s] -- Installing: /home/edsols/Ed-dogws/install/eddog_msgs/include/eddog_msgs/eddog_msgs/msg/detail/imu_info__rosidl_typesupport_introspection_c.h
[7.534s] -- Installing: /home/edsols/Ed-dogws/install/eddog_msgs/include/eddog_msgs/eddog_msgs/msg/detail/joy_ctrl_cmds__type_support.c
[7.534s] -- Installing: /home/edsols/Ed-dogws/install/eddog_msgs/include/eddog_msgs/eddog_msgs/msg/detail/limits__rosidl_typesupport_introspection_c.h
[7.534s] -- Installing: /home/edsols/Ed-dogws/install/eddog_msgs/include/eddog_msgs/eddog_msgs/msg/detail/extrinsics__rosidl_typesupport_introspection_c.h
[7.534s] -- Installing: /home/edsols/Ed-dogws/install/eddog_msgs/include/eddog_msgs/eddog_msgs/msg/detail/geometry__type_support.c
[7.534s] -- Installing: /home/edsols/Ed-dogws/install/eddog_msgs/include/eddog_msgs/eddog_msgs/msg/detail/joy_ctrl_cmds__rosidl_typesupport_introspection_c.h
[7.535s] -- Installing: /home/edsols/Ed-dogws/install/eddog_msgs/include/eddog_msgs/eddog_msgs/msg/detail/metadata__type_support.c
[7.535s] -- Installing: /home/edsols/Ed-dogws/install/eddog_msgs/include/eddog_msgs/eddog_msgs/msg/detail/geometry__rosidl_typesupport_introspection_c.h
[7.535s] -- Installing: /home/edsols/Ed-dogws/install/eddog_msgs/include/eddog_msgs/eddog_msgs/msg/detail/extrinsics__type_support.c
[7.535s] -- Installing: /home/edsols/Ed-dogws/install/eddog_msgs/include/eddog_msgs/eddog_msgs/msg/detail/imu_info__type_support.c
[7.535s] -- Installing: /home/edsols/Ed-dogws/install/eddog_msgs/include/eddog_msgs/eddog_msgs/msg/detail/rgbd__type_support.c
[7.538s] -- Up-to-date: /home/edsols/Ed-dogws/install/eddog_msgs/include/eddog_msgs/eddog_msgs/srv
[7.538s] -- Up-to-date: /home/edsols/Ed-dogws/install/eddog_msgs/include/eddog_msgs/eddog_msgs/srv/detail
[7.538s] -- Installing: /home/edsols/Ed-dogws/install/eddog_msgs/include/eddog_msgs/eddog_msgs/srv/detail/device_info__type_support.c
[7.538s] -- Installing: /home/edsols/Ed-dogws/install/eddog_msgs/include/eddog_msgs/eddog_msgs/srv/detail/device_info__rosidl_typesupport_introspection_c.h
[7.538s] -- Installing: /home/edsols/Ed-dogws/install/eddog_msgs/lib/libeddog_msgs__rosidl_typesupport_introspection_c.so
[7.538s] -- Set runtime path of "/home/edsols/Ed-dogws/install/eddog_msgs/lib/libeddog_msgs__rosidl_typesupport_introspection_c.so" to ""
[7.538s] -- Installing: /home/edsols/Ed-dogws/install/eddog_msgs/lib/libeddog_msgs__rosidl_typesupport_c.so
[7.538s] -- Set runtime path of "/home/edsols/Ed-dogws/install/eddog_msgs/lib/libeddog_msgs__rosidl_typesupport_c.so" to ""
[7.538s] -- Up-to-date: /home/edsols/Ed-dogws/install/eddog_msgs/include/eddog_msgs/eddog_msgs
[7.538s] -- Up-to-date: /home/edsols/Ed-dogws/install/eddog_msgs/include/eddog_msgs/eddog_msgs/msg
[7.538s] -- Up-to-date: /home/edsols/Ed-dogws/install/eddog_msgs/include/eddog_msgs/eddog_msgs/msg/detail
[7.538s] -- Installing: /home/edsols/Ed-dogws/install/eddog_msgs/include/eddog_msgs/eddog_msgs/msg/detail/limits__type_support.cpp
[7.538s] -- Installing: /home/edsols/Ed-dogws/install/eddog_msgs/include/eddog_msgs/eddog_msgs/msg/detail/imu_info__type_support.cpp
[7.538s] -- Installing: /home/edsols/Ed-dogws/install/eddog_msgs/include/eddog_msgs/eddog_msgs/msg/detail/rgbd__rosidl_typesupport_introspection_cpp.hpp
[7.538s] -- Installing: /home/edsols/Ed-dogws/install/eddog_msgs/include/eddog_msgs/eddog_msgs/msg/detail/geometry__rosidl_typesupport_introspection_cpp.hpp
[7.538s] -- Installing: /home/edsols/Ed-dogws/install/eddog_msgs/include/eddog_msgs/eddog_msgs/msg/detail/imu_info__rosidl_typesupport_introspection_cpp.hpp
[7.538s] -- Installing: /home/edsols/Ed-dogws/install/eddog_msgs/include/eddog_msgs/eddog_msgs/msg/detail/extrinsics__rosidl_typesupport_introspection_cpp.hpp
[7.539s] -- Installing: /home/edsols/Ed-dogws/install/eddog_msgs/include/eddog_msgs/eddog_msgs/msg/detail/metadata__type_support.cpp
[7.539s] -- Installing: /home/edsols/Ed-dogws/install/eddog_msgs/include/eddog_msgs/eddog_msgs/msg/detail/extrinsics__type_support.cpp
[7.539s] -- Installing: /home/edsols/Ed-dogws/install/eddog_msgs/include/eddog_msgs/eddog_msgs/msg/detail/geometry__type_support.cpp
[7.539s] -- Installing: /home/edsols/Ed-dogws/install/eddog_msgs/include/eddog_msgs/eddog_msgs/msg/detail/limits__rosidl_typesupport_introspection_cpp.hpp
[7.539s] -- Installing: /home/edsols/Ed-dogws/install/eddog_msgs/include/eddog_msgs/eddog_msgs/msg/detail/metadata__rosidl_typesupport_introspection_cpp.hpp
[7.539s] -- Installing: /home/edsols/Ed-dogws/install/eddog_msgs/include/eddog_msgs/eddog_msgs/msg/detail/rgbd__type_support.cpp
[7.539s] -- Installing: /home/edsols/Ed-dogws/install/eddog_msgs/include/eddog_msgs/eddog_msgs/msg/detail/joy_ctrl_cmds__rosidl_typesupport_introspection_cpp.hpp
[7.539s] -- Installing: /home/edsols/Ed-dogws/install/eddog_msgs/include/eddog_msgs/eddog_msgs/msg/detail/joy_ctrl_cmds__type_support.cpp
[7.539s] -- Up-to-date: /home/edsols/Ed-dogws/install/eddog_msgs/include/eddog_msgs/eddog_msgs/srv
[7.539s] -- Up-to-date: /home/edsols/Ed-dogws/install/eddog_msgs/include/eddog_msgs/eddog_msgs/srv/detail
[7.540s] -- Installing: /home/edsols/Ed-dogws/install/eddog_msgs/include/eddog_msgs/eddog_msgs/srv/detail/device_info__rosidl_typesupport_introspection_cpp.hpp
[7.540s] -- Installing: /home/edsols/Ed-dogws/install/eddog_msgs/include/eddog_msgs/eddog_msgs/srv/detail/device_info__type_support.cpp
[7.540s] -- Installing: /home/edsols/Ed-dogws/install/eddog_msgs/lib/libeddog_msgs__rosidl_typesupport_introspection_cpp.so
[7.540s] -- Set runtime path of "/home/edsols/Ed-dogws/install/eddog_msgs/lib/libeddog_msgs__rosidl_typesupport_introspection_cpp.so" to ""
[7.540s] -- Installing: /home/edsols/Ed-dogws/install/eddog_msgs/lib/libeddog_msgs__rosidl_typesupport_cpp.so
[7.540s] -- Set runtime path of "/home/edsols/Ed-dogws/install/eddog_msgs/lib/libeddog_msgs__rosidl_typesupport_cpp.so" to ""
[7.540s] -- Installing: /home/edsols/Ed-dogws/install/eddog_msgs/share/eddog_msgs/environment/pythonpath.sh
[7.540s] -- Installing: /home/edsols/Ed-dogws/install/eddog_msgs/share/eddog_msgs/environment/pythonpath.dsv
[7.540s] -- Installing: /home/edsols/Ed-dogws/install/eddog_msgs/local/lib/python3.10/dist-packages/eddog_msgs-0.0.0-py3.10.egg-info
[7.540s] -- Installing: /home/edsols/Ed-dogws/install/eddog_msgs/local/lib/python3.10/dist-packages/eddog_msgs-0.0.0-py3.10.egg-info/dependency_links.txt
[7.540s] -- Installing: /home/edsols/Ed-dogws/install/eddog_msgs/local/lib/python3.10/dist-packages/eddog_msgs-0.0.0-py3.10.egg-info/PKG-INFO
[7.540s] -- Installing: /home/edsols/Ed-dogws/install/eddog_msgs/local/lib/python3.10/dist-packages/eddog_msgs-0.0.0-py3.10.egg-info/SOURCES.txt
[7.540s] -- Installing: /home/edsols/Ed-dogws/install/eddog_msgs/local/lib/python3.10/dist-packages/eddog_msgs-0.0.0-py3.10.egg-info/top_level.txt
[7.540s] -- Installing: /home/edsols/Ed-dogws/install/eddog_msgs/local/lib/python3.10/dist-packages/eddog_msgs
[7.540s] -- Installing: /home/edsols/Ed-dogws/install/eddog_msgs/local/lib/python3.10/dist-packages/eddog_msgs/libeddog_msgs__rosidl_generator_py.so
[7.540s] -- Installing: /home/edsols/Ed-dogws/install/eddog_msgs/local/lib/python3.10/dist-packages/eddog_msgs/_eddog_msgs_s.ep.rosidl_typesupport_c.c
[7.544s] -- Installing: /home/edsols/Ed-dogws/install/eddog_msgs/local/lib/python3.10/dist-packages/eddog_msgs/__init__.py
[7.545s] -- Installing: /home/edsols/Ed-dogws/install/eddog_msgs/local/lib/python3.10/dist-packages/eddog_msgs/_eddog_msgs_s.ep.rosidl_typesupport_fastrtps_c.c
[7.545s] -- Installing: /home/edsols/Ed-dogws/install/eddog_msgs/local/lib/python3.10/dist-packages/eddog_msgs/msg
[7.545s] -- Installing: /home/edsols/Ed-dogws/install/eddog_msgs/local/lib/python3.10/dist-packages/eddog_msgs/msg/_limits.py
[7.545s] -- Installing: /home/edsols/Ed-dogws/install/eddog_msgs/local/lib/python3.10/dist-packages/eddog_msgs/msg/_metadata.py
[7.545s] -- Installing: /home/edsols/Ed-dogws/install/eddog_msgs/local/lib/python3.10/dist-packages/eddog_msgs/msg/_rgbd.py
[7.545s] -- Installing: /home/edsols/Ed-dogws/install/eddog_msgs/local/lib/python3.10/dist-packages/eddog_msgs/msg/_joy_ctrl_cmds.py
[7.545s] -- Installing: /home/edsols/Ed-dogws/install/eddog_msgs/local/lib/python3.10/dist-packages/eddog_msgs/msg/_imu_info_s.c
[7.545s] -- Installing: /home/edsols/Ed-dogws/install/eddog_msgs/local/lib/python3.10/dist-packages/eddog_msgs/msg/__init__.py
[7.545s] -- Installing: /home/edsols/Ed-dogws/install/eddog_msgs/local/lib/python3.10/dist-packages/eddog_msgs/msg/_geometry_s.c
[7.545s] -- Installing: /home/edsols/Ed-dogws/install/eddog_msgs/local/lib/python3.10/dist-packages/eddog_msgs/msg/_rgbd_s.c
[7.545s] -- Installing: /home/edsols/Ed-dogws/install/eddog_msgs/local/lib/python3.10/dist-packages/eddog_msgs/msg/_imu_info.py
[7.545s] -- Installing: /home/edsols/Ed-dogws/install/eddog_msgs/local/lib/python3.10/dist-packages/eddog_msgs/msg/_metadata_s.c
[7.545s] -- Installing: /home/edsols/Ed-dogws/install/eddog_msgs/local/lib/python3.10/dist-packages/eddog_msgs/msg/_joy_ctrl_cmds_s.c
[7.545s] -- Installing: /home/edsols/Ed-dogws/install/eddog_msgs/local/lib/python3.10/dist-packages/eddog_msgs/msg/_geometry.py
[7.545s] -- Installing: /home/edsols/Ed-dogws/install/eddog_msgs/local/lib/python3.10/dist-packages/eddog_msgs/msg/_extrinsics.py
[7.545s] -- Installing: /home/edsols/Ed-dogws/install/eddog_msgs/local/lib/python3.10/dist-packages/eddog_msgs/msg/_extrinsics_s.c
[7.545s] -- Installing: /home/edsols/Ed-dogws/install/eddog_msgs/local/lib/python3.10/dist-packages/eddog_msgs/msg/_limits_s.c
[7.545s] -- Installing: /home/edsols/Ed-dogws/install/eddog_msgs/local/lib/python3.10/dist-packages/eddog_msgs/eddog_msgs_s__rosidl_typesupport_introspection_c.cpython-310-x86_64-linux-gnu.so
[7.545s] -- Installing: /home/edsols/Ed-dogws/install/eddog_msgs/local/lib/python3.10/dist-packages/eddog_msgs/srv
[7.545s] -- Installing: /home/edsols/Ed-dogws/install/eddog_msgs/local/lib/python3.10/dist-packages/eddog_msgs/srv/__init__.py
[7.546s] -- Installing: /home/edsols/Ed-dogws/install/eddog_msgs/local/lib/python3.10/dist-packages/eddog_msgs/srv/_device_info_s.c
[7.546s] -- Installing: /home/edsols/Ed-dogws/install/eddog_msgs/local/lib/python3.10/dist-packages/eddog_msgs/srv/_device_info.py
[7.546s] -- Installing: /home/edsols/Ed-dogws/install/eddog_msgs/local/lib/python3.10/dist-packages/eddog_msgs/_eddog_msgs_s.ep.rosidl_typesupport_introspection_c.c
[7.546s] -- Installing: /home/edsols/Ed-dogws/install/eddog_msgs/local/lib/python3.10/dist-packages/eddog_msgs/eddog_msgs_s__rosidl_typesupport_c.cpython-310-x86_64-linux-gnu.so
[7.546s] -- Installing: /home/edsols/Ed-dogws/install/eddog_msgs/local/lib/python3.10/dist-packages/eddog_msgs/eddog_msgs_s__rosidl_typesupport_fastrtps_c.cpython-310-x86_64-linux-gnu.so
[7.582s] Listing '/home/edsols/Ed-dogws/install/eddog_msgs/local/lib/python3.10/dist-packages/eddog_msgs'...
[7.582s] Compiling '/home/edsols/Ed-dogws/install/eddog_msgs/local/lib/python3.10/dist-packages/eddog_msgs/__init__.py'...
[7.582s] Listing '/home/edsols/Ed-dogws/install/eddog_msgs/local/lib/python3.10/dist-packages/eddog_msgs/msg'...
[7.582s] Compiling '/home/edsols/Ed-dogws/install/eddog_msgs/local/lib/python3.10/dist-packages/eddog_msgs/msg/__init__.py'...
[7.582s] Compiling '/home/edsols/Ed-dogws/install/eddog_msgs/local/lib/python3.10/dist-packages/eddog_msgs/msg/_extrinsics.py'...
[7.582s] Compiling '/home/edsols/Ed-dogws/install/eddog_msgs/local/lib/python3.10/dist-packages/eddog_msgs/msg/_geometry.py'...
[7.582s] Compiling '/home/edsols/Ed-dogws/install/eddog_msgs/local/lib/python3.10/dist-packages/eddog_msgs/msg/_imu_info.py'...
[7.582s] Compiling '/home/edsols/Ed-dogws/install/eddog_msgs/local/lib/python3.10/dist-packages/eddog_msgs/msg/_joy_ctrl_cmds.py'...
[7.582s] Compiling '/home/edsols/Ed-dogws/install/eddog_msgs/local/lib/python3.10/dist-packages/eddog_msgs/msg/_limits.py'...
[7.582s] Compiling '/home/edsols/Ed-dogws/install/eddog_msgs/local/lib/python3.10/dist-packages/eddog_msgs/msg/_metadata.py'...
[7.582s] Compiling '/home/edsols/Ed-dogws/install/eddog_msgs/local/lib/python3.10/dist-packages/eddog_msgs/msg/_rgbd.py'...
[7.582s] Listing '/home/edsols/Ed-dogws/install/eddog_msgs/local/lib/python3.10/dist-packages/eddog_msgs/srv'...
[7.583s] Compiling '/home/edsols/Ed-dogws/install/eddog_msgs/local/lib/python3.10/dist-packages/eddog_msgs/srv/__init__.py'...
[7.583s] Compiling '/home/edsols/Ed-dogws/install/eddog_msgs/local/lib/python3.10/dist-packages/eddog_msgs/srv/_device_info.py'...
[7.587s] -- Installing: /home/edsols/Ed-dogws/install/eddog_msgs/local/lib/python3.10/dist-packages/eddog_msgs/eddog_msgs_s__rosidl_typesupport_fastrtps_c.cpython-310-x86_64-linux-gnu.so
[7.587s] -- Set runtime path of "/home/edsols/Ed-dogws/install/eddog_msgs/local/lib/python3.10/dist-packages/eddog_msgs/eddog_msgs_s__rosidl_typesupport_fastrtps_c.cpython-310-x86_64-linux-gnu.so" to ""
[7.587s] -- Installing: /home/edsols/Ed-dogws/install/eddog_msgs/local/lib/python3.10/dist-packages/eddog_msgs/eddog_msgs_s__rosidl_typesupport_introspection_c.cpython-310-x86_64-linux-gnu.so
[7.587s] -- Set runtime path of "/home/edsols/Ed-dogws/install/eddog_msgs/local/lib/python3.10/dist-packages/eddog_msgs/eddog_msgs_s__rosidl_typesupport_introspection_c.cpython-310-x86_64-linux-gnu.so" to ""
[7.588s] -- Installing: /home/edsols/Ed-dogws/install/eddog_msgs/local/lib/python3.10/dist-packages/eddog_msgs/eddog_msgs_s__rosidl_typesupport_c.cpython-310-x86_64-linux-gnu.so
[7.588s] -- Set runtime path of "/home/edsols/Ed-dogws/install/eddog_msgs/local/lib/python3.10/dist-packages/eddog_msgs/eddog_msgs_s__rosidl_typesupport_c.cpython-310-x86_64-linux-gnu.so" to ""
[7.588s] -- Installing: /home/edsols/Ed-dogws/install/eddog_msgs/lib/libeddog_msgs__rosidl_generator_py.so
[7.588s] -- Set runtime path of "/home/edsols/Ed-dogws/install/eddog_msgs/lib/libeddog_msgs__rosidl_generator_py.so" to ""
[7.589s] -- Installing: /home/edsols/Ed-dogws/install/eddog_msgs/share/eddog_msgs/msg/JoyCtrlCmds.idl
[7.589s] -- Installing: /home/edsols/Ed-dogws/install/eddog_msgs/share/eddog_msgs/msg/Limits.idl
[7.589s] -- Installing: /home/edsols/Ed-dogws/install/eddog_msgs/share/eddog_msgs/msg/Geometry.idl
[7.589s] -- Installing: /home/edsols/Ed-dogws/install/eddog_msgs/share/eddog_msgs/msg/IMUInfo.idl
[7.589s] -- Installing: /home/edsols/Ed-dogws/install/eddog_msgs/share/eddog_msgs/msg/Extrinsics.idl
[7.589s] -- Installing: /home/edsols/Ed-dogws/install/eddog_msgs/share/eddog_msgs/msg/Metadata.idl
[7.589s] -- Installing: /home/edsols/Ed-dogws/install/eddog_msgs/share/eddog_msgs/msg/RGBD.idl
[7.589s] -- Installing: /home/edsols/Ed-dogws/install/eddog_msgs/share/eddog_msgs/srv/DeviceInfo.idl
[7.589s] -- Installing: /home/edsols/Ed-dogws/install/eddog_msgs/share/eddog_msgs/msg/JoyCtrlCmds.msg
[7.590s] -- Installing: /home/edsols/Ed-dogws/install/eddog_msgs/share/eddog_msgs/msg/Limits.msg
[7.590s] -- Installing: /home/edsols/Ed-dogws/install/eddog_msgs/share/eddog_msgs/msg/Geometry.msg
[7.590s] -- Installing: /home/edsols/Ed-dogws/install/eddog_msgs/share/eddog_msgs/msg/IMUInfo.msg
[7.590s] -- Installing: /home/edsols/Ed-dogws/install/eddog_msgs/share/eddog_msgs/msg/Extrinsics.msg
[7.590s] -- Installing: /home/edsols/Ed-dogws/install/eddog_msgs/share/eddog_msgs/msg/Metadata.msg
[7.590s] -- Installing: /home/edsols/Ed-dogws/install/eddog_msgs/share/eddog_msgs/msg/RGBD.msg
[7.590s] -- Installing: /home/edsols/Ed-dogws/install/eddog_msgs/share/eddog_msgs/srv/DeviceInfo.srv
[7.591s] -- Installing: /home/edsols/Ed-dogws/install/eddog_msgs/share/eddog_msgs/srv/DeviceInfo_Request.msg
[7.591s] -- Installing: /home/edsols/Ed-dogws/install/eddog_msgs/share/eddog_msgs/srv/DeviceInfo_Response.msg
[7.591s] -- Installing: /home/edsols/Ed-dogws/install/eddog_msgs/share/ament_index/resource_index/package_run_dependencies/eddog_msgs
[7.591s] -- Installing: /home/edsols/Ed-dogws/install/eddog_msgs/share/ament_index/resource_index/parent_prefix_path/eddog_msgs
[7.591s] -- Installing: /home/edsols/Ed-dogws/install/eddog_msgs/share/eddog_msgs/environment/ament_prefix_path.sh
[7.591s] -- Installing: /home/edsols/Ed-dogws/install/eddog_msgs/share/eddog_msgs/environment/ament_prefix_path.dsv
[7.591s] -- Installing: /home/edsols/Ed-dogws/install/eddog_msgs/share/eddog_msgs/environment/path.sh
[7.592s] -- Installing: /home/edsols/Ed-dogws/install/eddog_msgs/share/eddog_msgs/environment/path.dsv
[7.592s] -- Installing: /home/edsols/Ed-dogws/install/eddog_msgs/share/eddog_msgs/local_setup.bash
[7.592s] -- Installing: /home/edsols/Ed-dogws/install/eddog_msgs/share/eddog_msgs/local_setup.sh
[7.592s] -- Installing: /home/edsols/Ed-dogws/install/eddog_msgs/share/eddog_msgs/local_setup.zsh
[7.592s] -- Installing: /home/edsols/Ed-dogws/install/eddog_msgs/share/eddog_msgs/local_setup.dsv
[7.592s] -- Installing: /home/edsols/Ed-dogws/install/eddog_msgs/share/eddog_msgs/package.dsv
[7.592s] -- Installing: /home/edsols/Ed-dogws/install/eddog_msgs/share/ament_index/resource_index/packages/eddog_msgs
[7.593s] -- Installing: /home/edsols/Ed-dogws/install/eddog_msgs/share/eddog_msgs/cmake/export_eddog_msgs__rosidl_generator_cExport.cmake
[7.593s] -- Installing: /home/edsols/Ed-dogws/install/eddog_msgs/share/eddog_msgs/cmake/export_eddog_msgs__rosidl_generator_cExport-noconfig.cmake
[7.593s] -- Installing: /home/edsols/Ed-dogws/install/eddog_msgs/share/eddog_msgs/cmake/export_eddog_msgs__rosidl_typesupport_fastrtps_cExport.cmake
[7.593s] -- Installing: /home/edsols/Ed-dogws/install/eddog_msgs/share/eddog_msgs/cmake/export_eddog_msgs__rosidl_typesupport_fastrtps_cExport-noconfig.cmake
[7.593s] -- Installing: /home/edsols/Ed-dogws/install/eddog_msgs/share/eddog_msgs/cmake/export_eddog_msgs__rosidl_generator_cppExport.cmake
[7.593s] -- Installing: /home/edsols/Ed-dogws/install/eddog_msgs/share/eddog_msgs/cmake/export_eddog_msgs__rosidl_typesupport_fastrtps_cppExport.cmake
[7.618s] -- Installing: /home/edsols/Ed-dogws/install/eddog_msgs/share/eddog_msgs/cmake/export_eddog_msgs__rosidl_typesupport_fastrtps_cppExport-noconfig.cmake
[7.618s] -- Installing: /home/edsols/Ed-dogws/install/eddog_msgs/share/eddog_msgs/cmake/eddog_msgs__rosidl_typesupport_introspection_cExport.cmake
[7.618s] -- Installing: /home/edsols/Ed-dogws/install/eddog_msgs/share/eddog_msgs/cmake/eddog_msgs__rosidl_typesupport_introspection_cExport-noconfig.cmake
[7.618s] -- Installing: /home/edsols/Ed-dogws/install/eddog_msgs/share/eddog_msgs/cmake/eddog_msgs__rosidl_typesupport_cExport.cmake
[7.618s] -- Installing: /home/edsols/Ed-dogws/install/eddog_msgs/share/eddog_msgs/cmake/eddog_msgs__rosidl_typesupport_cExport-noconfig.cmake
[7.618s] -- Installing: /home/edsols/Ed-dogws/install/eddog_msgs/share/eddog_msgs/cmake/eddog_msgs__rosidl_typesupport_introspection_cppExport.cmake
[7.618s] -- Installing: /home/edsols/Ed-dogws/install/eddog_msgs/share/eddog_msgs/cmake/eddog_msgs__rosidl_typesupport_introspection_cppExport-noconfig.cmake
[7.618s] -- Installing: /home/edsols/Ed-dogws/install/eddog_msgs/share/eddog_msgs/cmake/eddog_msgs__rosidl_typesupport_cppExport.cmake
[7.618s] -- Installing: /home/edsols/Ed-dogws/install/eddog_msgs/share/eddog_msgs/cmake/eddog_msgs__rosidl_typesupport_cppExport-noconfig.cmake
[7.618s] -- Installing: /home/edsols/Ed-dogws/install/eddog_msgs/share/eddog_msgs/cmake/export_eddog_msgs__rosidl_generator_pyExport.cmake
[7.618s] -- Installing: /home/edsols/Ed-dogws/install/eddog_msgs/share/eddog_msgs/cmake/export_eddog_msgs__rosidl_generator_pyExport-noconfig.cmake
[7.618s] -- Installing: /home/edsols/Ed-dogws/install/eddog_msgs/share/eddog_msgs/cmake/rosidl_cmake-extras.cmake
[7.618s] -- Installing: /home/edsols/Ed-dogws/install/eddog_msgs/share/eddog_msgs/cmake/ament_cmake_export_dependencies-extras.cmake
[7.618s] -- Installing: /home/edsols/Ed-dogws/install/eddog_msgs/share/eddog_msgs/cmake/ament_cmake_export_include_directories-extras.cmake
[7.619s] -- Installing: /home/edsols/Ed-dogws/install/eddog_msgs/share/eddog_msgs/cmake/ament_cmake_export_libraries-extras.cmake
[7.619s] -- Installing: /home/edsols/Ed-dogws/install/eddog_msgs/share/eddog_msgs/cmake/ament_cmake_export_targets-extras.cmake
[7.619s] -- Installing: /home/edsols/Ed-dogws/install/eddog_msgs/share/eddog_msgs/cmake/rosidl_cmake_export_typesupport_targets-extras.cmake
[7.619s] -- Installing: /home/edsols/Ed-dogws/install/eddog_msgs/share/eddog_msgs/cmake/rosidl_cmake_export_typesupport_libraries-extras.cmake
[7.619s] -- Installing: /home/edsols/Ed-dogws/install/eddog_msgs/share/eddog_msgs/cmake/eddog_msgsConfig.cmake
[7.619s] -- Installing: /home/edsols/Ed-dogws/install/eddog_msgs/share/eddog_msgs/cmake/eddog_msgsConfig-version.cmake
[7.619s] -- Installing: /home/edsols/Ed-dogws/install/eddog_msgs/share/eddog_msgs/package.xml
[7.619s] Invoked command in '/home/edsols/Ed-dogws/build/eddog_msgs' returned '0': CMAKE_PREFIX_PATH=${CMAKE_PREFIX_PATH}:/opt/ros/humble /usr/bin/cmake --install /home/edsols/Ed-dogws/build/eddog_msgs
