[0.122s] Invoking command in '/home/edsols/Ed-dogws/build/eddog_description': AMENT_PREFIX_PATH=/home/edsols/Ed-dogws/install/eddog_msgs:${AMENT_PREFIX_PATH} CMAKE_PREFIX_PATH=/home/edsols/Ed-dogws/install/eddog_msgs:/home/edsols/pup/install/eddog_teleop:/home/edsols/pup/install/eddog_description:/home/edsols/pup/install/eddog_cam:/home/edsols/pup/install/eddog_msgs:/home/edsols/pup/install/eddog_controller:/opt/ros/humble LD_LIBRARY_PATH=/home/edsols/Ed-dogws/install/eddog_msgs/lib:${LD_LIBRARY_PATH} PYTHONPATH=/home/edsols/Ed-dogws/install/eddog_msgs/local/lib/python3.10/dist-packages:${PYTHONPATH} /usr/bin/cmake --build /home/edsols/Ed-dogws/build/eddog_description -- -j6 -l6
[0.161s] Built target ament_cmake_python_copy_src
[0.361s] running egg_info
[0.362s] writing src.egg-info/PKG-INFO
[0.362s] writing dependency_links to src.egg-info/dependency_links.txt
[0.362s] writing top-level names to src.egg-info/top_level.txt
[0.364s] reading manifest file 'src.egg-info/SOURCES.txt'
[0.364s] writing manifest file 'src.egg-info/SOURCES.txt'
[0.384s] Built target ament_cmake_python_build_src_egg
[0.394s] Invoked command in '/home/edsols/Ed-dogws/build/eddog_description' returned '0': AMENT_PREFIX_PATH=/home/edsols/Ed-dogws/install/eddog_msgs:${AMENT_PREFIX_PATH} CMAKE_PREFIX_PATH=/home/edsols/Ed-dogws/install/eddog_msgs:/home/edsols/pup/install/eddog_teleop:/home/edsols/pup/install/eddog_description:/home/edsols/pup/install/eddog_cam:/home/edsols/pup/install/eddog_msgs:/home/edsols/pup/install/eddog_controller:/opt/ros/humble LD_LIBRARY_PATH=/home/edsols/Ed-dogws/install/eddog_msgs/lib:${LD_LIBRARY_PATH} PYTHONPATH=/home/edsols/Ed-dogws/install/eddog_msgs/local/lib/python3.10/dist-packages:${PYTHONPATH} /usr/bin/cmake --build /home/edsols/Ed-dogws/build/eddog_description -- -j6 -l6
[0.412s] Invoking command in '/home/edsols/Ed-dogws/build/eddog_description': AMENT_PREFIX_PATH=/home/edsols/Ed-dogws/install/eddog_msgs:${AMENT_PREFIX_PATH} CMAKE_PREFIX_PATH=/home/edsols/Ed-dogws/install/eddog_msgs:/home/edsols/pup/install/eddog_teleop:/home/edsols/pup/install/eddog_description:/home/edsols/pup/install/eddog_cam:/home/edsols/pup/install/eddog_msgs:/home/edsols/pup/install/eddog_controller:/opt/ros/humble LD_LIBRARY_PATH=/home/edsols/Ed-dogws/install/eddog_msgs/lib:${LD_LIBRARY_PATH} PYTHONPATH=/home/edsols/Ed-dogws/install/eddog_msgs/local/lib/python3.10/dist-packages:${PYTHONPATH} /usr/bin/cmake --install /home/edsols/Ed-dogws/build/eddog_description
[0.418s] -- Install configuration: ""
[0.418s] -- Up-to-date: /home/edsols/Ed-dogws/install/eddog_description/share/eddog_description/environment/pythonpath.sh
[0.419s] -- Up-to-date: /home/edsols/Ed-dogws/install/eddog_description/share/eddog_description/environment/pythonpath.dsv
[0.419s] -- Up-to-date: /home/edsols/Ed-dogws/install/eddog_description/local/lib/python3.10/dist-packages/src-0.0.0-py3.10.egg-info
[0.419s] -- Installing: /home/edsols/Ed-dogws/install/eddog_description/local/lib/python3.10/dist-packages/src-0.0.0-py3.10.egg-info/dependency_links.txt
[0.419s] -- Installing: /home/edsols/Ed-dogws/install/eddog_description/local/lib/python3.10/dist-packages/src-0.0.0-py3.10.egg-info/PKG-INFO
[0.419s] -- Installing: /home/edsols/Ed-dogws/install/eddog_description/local/lib/python3.10/dist-packages/src-0.0.0-py3.10.egg-info/SOURCES.txt
[0.419s] -- Installing: /home/edsols/Ed-dogws/install/eddog_description/local/lib/python3.10/dist-packages/src-0.0.0-py3.10.egg-info/top_level.txt
[0.419s] -- Up-to-date: /home/edsols/Ed-dogws/install/eddog_description/local/lib/python3.10/dist-packages/src
[0.419s] -- Up-to-date: /home/edsols/Ed-dogws/install/eddog_description/local/lib/python3.10/dist-packages/src/fake_oden.py
[0.419s] -- Up-to-date: /home/edsols/Ed-dogws/install/eddog_description/local/lib/python3.10/dist-packages/src/__init__.py
[0.419s] -- Up-to-date: /home/edsols/Ed-dogws/install/eddog_description/local/lib/python3.10/dist-packages/src/eddog_gazebo_joint_controller.py
[0.445s] Listing '/home/edsols/Ed-dogws/install/eddog_description/local/lib/python3.10/dist-packages/src'...
[0.448s] -- Up-to-date: /home/edsols/Ed-dogws/install/eddog_description/lib/eddog_description/fake_oden.py
[0.448s] -- Up-to-date: /home/edsols/Ed-dogws/install/eddog_description/lib/eddog_description/eddog_gazebo_joint_controller.py
[0.448s] -- Up-to-date: /home/edsols/Ed-dogws/install/eddog_description/share/eddog_description/meshes
[0.448s] -- Up-to-date: /home/edsols/Ed-dogws/install/eddog_description/share/eddog_description/meshes/right_leg.stl
[0.449s] -- Up-to-date: /home/edsols/Ed-dogws/install/eddog_description/share/eddog_description/meshes/body.stl
[0.449s] -- Up-to-date: /home/edsols/Ed-dogws/install/eddog_description/share/eddog_description/meshes/left_arm.stl
[0.449s] -- Up-to-date: /home/edsols/Ed-dogws/install/eddog_description/share/eddog_description/meshes/foot.stl
[0.450s] -- Up-to-date: /home/edsols/Ed-dogws/install/eddog_description/share/eddog_description/meshes/d415.stl
[0.450s] -- Up-to-date: /home/edsols/Ed-dogws/install/eddog_description/share/eddog_description/meshes/left_leg.stl
[0.450s] -- Up-to-date: /home/edsols/Ed-dogws/install/eddog_description/share/eddog_description/meshes/left_coax.stl
[0.450s] -- Up-to-date: /home/edsols/Ed-dogws/install/eddog_description/share/eddog_description/meshes/right_coax.stl
[0.450s] -- Up-to-date: /home/edsols/Ed-dogws/install/eddog_description/share/eddog_description/meshes/right_arm.stl
[0.450s] -- Up-to-date: /home/edsols/Ed-dogws/install/eddog_description/share/eddog_description/meshes/plug_collision.stl
[0.450s] -- Up-to-date: /home/edsols/Ed-dogws/install/eddog_description/share/eddog_description/urdf
[0.450s] -- Installing: /home/edsols/Ed-dogws/install/eddog_description/share/eddog_description/urdf/_materials.urdf.xacro
[0.450s] -- Up-to-date: /home/edsols/Ed-dogws/install/eddog_description/share/eddog_description/urdf/eddog_joints.xacro
[0.450s] -- Up-to-date: /home/edsols/Ed-dogws/install/eddog_description/share/eddog_description/urdf/eddog_gazebo.xacro
[0.450s] -- Up-to-date: /home/edsols/Ed-dogws/install/eddog_description/share/eddog_description/urdf/gazebo_ros2_control_plugin.xacro
[0.451s] -- Installing: /home/edsols/Ed-dogws/install/eddog_description/share/eddog_description/urdf/test_d415_camera.urdf.xacro
[0.451s] -- Installing: /home/edsols/Ed-dogws/install/eddog_description/share/eddog_description/urdf/_d415.urdf.xacro
[0.451s] -- Up-to-date: /home/edsols/Ed-dogws/install/eddog_description/share/eddog_description/urdf/eddog_transmissions.xacro
[0.451s] -- Up-to-date: /home/edsols/Ed-dogws/install/eddog_description/share/eddog_description/urdf/eddog.urdf.xacro
[0.451s] -- Up-to-date: /home/edsols/Ed-dogws/install/eddog_description/share/eddog_description/urdf/eddog_links.xacro
[0.451s] -- Up-to-date: /home/edsols/Ed-dogws/install/eddog_description/share/eddog_description/launch
[0.451s] -- Up-to-date: /home/edsols/Ed-dogws/install/eddog_description/share/eddog_description/launch/gazebo.launch.py
[0.451s] -- Up-to-date: /home/edsols/Ed-dogws/install/eddog_description/share/eddog_description/launch/display.launch.py
[0.451s] -- Up-to-date: /home/edsols/Ed-dogws/install/eddog_description/share/eddog_description/launch/gazebo_allpkgs.launch.py
[0.451s] -- Up-to-date: /home/edsols/Ed-dogws/install/eddog_description/share/eddog_description/config
[0.451s] -- Up-to-date: /home/edsols/Ed-dogws/install/eddog_description/share/eddog_description/config/display.rviz
[0.451s] -- Up-to-date: /home/edsols/Ed-dogws/install/eddog_description/share/eddog_description/config/eddog_controller.yaml
[0.451s] -- Up-to-date: /home/edsols/Ed-dogws/install/eddog_description/share/eddog_description/src
[0.451s] -- Up-to-date: /home/edsols/Ed-dogws/install/eddog_description/share/eddog_description/src/fake_oden.py
[0.451s] -- Up-to-date: /home/edsols/Ed-dogws/install/eddog_description/share/eddog_description/src/__init__.py
[0.451s] -- Up-to-date: /home/edsols/Ed-dogws/install/eddog_description/share/eddog_description/src/eddog_gazebo_joint_controller.py
[0.451s] -- Up-to-date: /home/edsols/Ed-dogws/install/eddog_description/share/eddog_description/world
[0.451s] -- Up-to-date: /home/edsols/Ed-dogws/install/eddog_description/share/eddog_description/world/contact.world
[0.451s] -- Up-to-date: /home/edsols/Ed-dogws/install/eddog_description/share/eddog_description/world/test_world.world
[0.451s] -- Up-to-date: /home/edsols/Ed-dogws/install/eddog_description/share/eddog_description/world/realsense_camera.world
[0.452s] -- Up-to-date: /home/edsols/Ed-dogws/install/eddog_description/share/eddog_description/world/dolly_city.world
[0.452s] -- Up-to-date: /home/edsols/Ed-dogws/install/eddog_description/share/ament_index/resource_index/package_run_dependencies/eddog_description
[0.452s] -- Up-to-date: /home/edsols/Ed-dogws/install/eddog_description/share/ament_index/resource_index/parent_prefix_path/eddog_description
[0.453s] -- Up-to-date: /home/edsols/Ed-dogws/install/eddog_description/share/eddog_description/environment/ament_prefix_path.sh
[0.453s] -- Up-to-date: /home/edsols/Ed-dogws/install/eddog_description/share/eddog_description/environment/ament_prefix_path.dsv
[0.453s] -- Up-to-date: /home/edsols/Ed-dogws/install/eddog_description/share/eddog_description/environment/path.sh
[0.453s] -- Up-to-date: /home/edsols/Ed-dogws/install/eddog_description/share/eddog_description/environment/path.dsv
[0.453s] -- Up-to-date: /home/edsols/Ed-dogws/install/eddog_description/share/eddog_description/local_setup.bash
[0.453s] -- Up-to-date: /home/edsols/Ed-dogws/install/eddog_description/share/eddog_description/local_setup.sh
[0.453s] -- Up-to-date: /home/edsols/Ed-dogws/install/eddog_description/share/eddog_description/local_setup.zsh
[0.453s] -- Up-to-date: /home/edsols/Ed-dogws/install/eddog_description/share/eddog_description/local_setup.dsv
[0.454s] -- Up-to-date: /home/edsols/Ed-dogws/install/eddog_description/share/eddog_description/package.dsv
[0.454s] -- Up-to-date: /home/edsols/Ed-dogws/install/eddog_description/share/ament_index/resource_index/packages/eddog_description
[0.454s] -- Up-to-date: /home/edsols/Ed-dogws/install/eddog_description/share/eddog_description/cmake/eddog_descriptionConfig.cmake
[0.454s] -- Up-to-date: /home/edsols/Ed-dogws/install/eddog_description/share/eddog_description/cmake/eddog_descriptionConfig-version.cmake
[0.454s] -- Up-to-date: /home/edsols/Ed-dogws/install/eddog_description/share/eddog_description/package.xml
[0.454s] Invoked command in '/home/edsols/Ed-dogws/build/eddog_description' returned '0': AMENT_PREFIX_PATH=/home/edsols/Ed-dogws/install/eddog_msgs:${AMENT_PREFIX_PATH} CMAKE_PREFIX_PATH=/home/edsols/Ed-dogws/install/eddog_msgs:/home/edsols/pup/install/eddog_teleop:/home/edsols/pup/install/eddog_description:/home/edsols/pup/install/eddog_cam:/home/edsols/pup/install/eddog_msgs:/home/edsols/pup/install/eddog_controller:/opt/ros/humble LD_LIBRARY_PATH=/home/edsols/Ed-dogws/install/eddog_msgs/lib:${LD_LIBRARY_PATH} PYTHONPATH=/home/edsols/Ed-dogws/install/eddog_msgs/local/lib/python3.10/dist-packages:${PYTHONPATH} /usr/bin/cmake --install /home/edsols/Ed-dogws/build/eddog_description
