[0.113s] Invoking command in '/home/edsols/Ed-dogws/build/eddog_msgs': CMAKE_PREFIX_PATH=${CMAKE_PREFIX_PATH}:/opt/ros/humble /usr/bin/cmake --build /home/edsols/Ed-dogws/build/eddog_msgs -- -j6 -l6
[0.147s] [35m[1mConsolidate compiler generated dependencies of target eddog_msgs__rosidl_generator_c[0m
[0.155s] [  1%] Built target eddog_msgs__cpp
[0.161s] [ 12%] Built target eddog_msgs__rosidl_generator_c
[0.165s] [35m[1mConsolidate compiler generated dependencies of target eddog_msgs__rosidl_typesupport_fastrtps_cpp[0m
[0.168s] [ 12%] Built target ament_cmake_python_copy_eddog_msgs
[0.169s] [35m[1mConsolidate compiler generated dependencies of target eddog_msgs__rosidl_typesupport_cpp[0m
[0.169s] [35m[1mConsolidate compiler generated dependencies of target eddog_msgs__rosidl_typesupport_introspection_cpp[0m
[0.171s] [35m[1mConsolidate compiler generated dependencies of target eddog_msgs__rosidl_typesupport_fastrtps_c[0m
[0.182s] [35m[1mConsolidate compiler generated dependencies of target eddog_msgs__rosidl_typesupport_c[0m
[0.185s] [ 24%] Built target eddog_msgs__rosidl_typesupport_fastrtps_cpp
[0.186s] [ 35%] Built target eddog_msgs__rosidl_typesupport_introspection_cpp
[0.188s] [ 47%] Built target eddog_msgs__rosidl_typesupport_cpp
[0.190s] [ 58%] Built target eddog_msgs__rosidl_typesupport_fastrtps_c
[0.192s] [35m[1mConsolidate compiler generated dependencies of target eddog_msgs__rosidl_typesupport_introspection_c[0m
[0.193s] [ 70%] Built target eddog_msgs__rosidl_typesupport_c
[0.204s] [ 81%] Built target eddog_msgs__rosidl_typesupport_introspection_c
[0.220s] [ 81%] Built target eddog_msgs
[0.238s] [ 82%] Built target eddog_msgs__py
[0.247s] [35m[1mConsolidate compiler generated dependencies of target eddog_msgs__rosidl_generator_py[0m
[0.265s] [ 93%] Built target eddog_msgs__rosidl_generator_py
[0.275s] [35m[1mConsolidate compiler generated dependencies of target eddog_msgs__rosidl_typesupport_fastrtps_c__pyext[0m
[0.275s] [35m[1mConsolidate compiler generated dependencies of target eddog_msgs__rosidl_typesupport_introspection_c__pyext[0m
[0.278s] [35m[1mConsolidate compiler generated dependencies of target eddog_msgs__rosidl_typesupport_c__pyext[0m
[0.287s] [ 95%] Built target eddog_msgs__rosidl_typesupport_introspection_c__pyext
[0.287s] [ 97%] Built target eddog_msgs__rosidl_typesupport_fastrtps_c__pyext
[0.289s] [100%] Built target eddog_msgs__rosidl_typesupport_c__pyext
[0.416s] running egg_info
[0.416s] writing eddog_msgs.egg-info/PKG-INFO
[0.417s] writing dependency_links to eddog_msgs.egg-info/dependency_links.txt
[0.417s] writing top-level names to eddog_msgs.egg-info/top_level.txt
[0.419s] reading manifest file 'eddog_msgs.egg-info/SOURCES.txt'
[0.419s] writing manifest file 'eddog_msgs.egg-info/SOURCES.txt'
[0.444s] [100%] Built target ament_cmake_python_build_eddog_msgs_egg
[0.467s] Invoked command in '/home/edsols/Ed-dogws/build/eddog_msgs' returned '0': CMAKE_PREFIX_PATH=${CMAKE_PREFIX_PATH}:/opt/ros/humble /usr/bin/cmake --build /home/edsols/Ed-dogws/build/eddog_msgs -- -j6 -l6
[0.638s] Invoking command in '/home/edsols/Ed-dogws/build/eddog_msgs': CMAKE_PREFIX_PATH=${CMAKE_PREFIX_PATH}:/opt/ros/humble /usr/bin/cmake --install /home/edsols/Ed-dogws/build/eddog_msgs
[0.644s] -- Install configuration: ""
[0.644s] -- Up-to-date: /home/edsols/Ed-dogws/install/eddog_msgs/share/ament_index/resource_index/rosidl_interfaces/eddog_msgs
[0.645s] -- Up-to-date: /home/edsols/Ed-dogws/install/eddog_msgs/include/eddog_msgs/eddog_msgs
[0.645s] -- Up-to-date: /home/edsols/Ed-dogws/install/eddog_msgs/include/eddog_msgs/eddog_msgs/msg
[0.645s] -- Up-to-date: /home/edsols/Ed-dogws/install/eddog_msgs/include/eddog_msgs/eddog_msgs/msg/geometry.h
[0.645s] -- Up-to-date: /home/edsols/Ed-dogws/install/eddog_msgs/include/eddog_msgs/eddog_msgs/msg/rosidl_generator_c__visibility_control.h
[0.645s] -- Up-to-date: /home/edsols/Ed-dogws/install/eddog_msgs/include/eddog_msgs/eddog_msgs/msg/rgbd.h
[0.645s] -- Up-to-date: /home/edsols/Ed-dogws/install/eddog_msgs/include/eddog_msgs/eddog_msgs/msg/limits.h
[0.645s] -- Up-to-date: /home/edsols/Ed-dogws/install/eddog_msgs/include/eddog_msgs/eddog_msgs/msg/joy_ctrl_cmds.h
[0.645s] -- Up-to-date: /home/edsols/Ed-dogws/install/eddog_msgs/include/eddog_msgs/eddog_msgs/msg/detail
[0.645s] -- Up-to-date: /home/edsols/Ed-dogws/install/eddog_msgs/include/eddog_msgs/eddog_msgs/msg/detail/extrinsics__struct.h
[0.645s] -- Up-to-date: /home/edsols/Ed-dogws/install/eddog_msgs/include/eddog_msgs/eddog_msgs/msg/detail/extrinsics__functions.h
[0.645s] -- Up-to-date: /home/edsols/Ed-dogws/install/eddog_msgs/include/eddog_msgs/eddog_msgs/msg/detail/metadata__type_support.h
[0.645s] -- Up-to-date: /home/edsols/Ed-dogws/install/eddog_msgs/include/eddog_msgs/eddog_msgs/msg/detail/extrinsics__type_support.h
[0.646s] -- Up-to-date: /home/edsols/Ed-dogws/install/eddog_msgs/include/eddog_msgs/eddog_msgs/msg/detail/limits__functions.c
[0.646s] -- Up-to-date: /home/edsols/Ed-dogws/install/eddog_msgs/include/eddog_msgs/eddog_msgs/msg/detail/limits__functions.h
[0.646s] -- Up-to-date: /home/edsols/Ed-dogws/install/eddog_msgs/include/eddog_msgs/eddog_msgs/msg/detail/geometry__functions.c
[0.646s] -- Up-to-date: /home/edsols/Ed-dogws/install/eddog_msgs/include/eddog_msgs/eddog_msgs/msg/detail/joy_ctrl_cmds__functions.c
[0.646s] -- Up-to-date: /home/edsols/Ed-dogws/install/eddog_msgs/include/eddog_msgs/eddog_msgs/msg/detail/rgbd__struct.h
[0.646s] -- Up-to-date: /home/edsols/Ed-dogws/install/eddog_msgs/include/eddog_msgs/eddog_msgs/msg/detail/imu_info__type_support.h
[0.646s] -- Up-to-date: /home/edsols/Ed-dogws/install/eddog_msgs/include/eddog_msgs/eddog_msgs/msg/detail/imu_info__functions.c
[0.646s] -- Up-to-date: /home/edsols/Ed-dogws/install/eddog_msgs/include/eddog_msgs/eddog_msgs/msg/detail/geometry__type_support.h
[0.646s] -- Up-to-date: /home/edsols/Ed-dogws/install/eddog_msgs/include/eddog_msgs/eddog_msgs/msg/detail/rgbd__type_support.h
[0.646s] -- Up-to-date: /home/edsols/Ed-dogws/install/eddog_msgs/include/eddog_msgs/eddog_msgs/msg/detail/metadata__struct.h
[0.646s] -- Up-to-date: /home/edsols/Ed-dogws/install/eddog_msgs/include/eddog_msgs/eddog_msgs/msg/detail/limits__struct.h
[0.646s] -- Up-to-date: /home/edsols/Ed-dogws/install/eddog_msgs/include/eddog_msgs/eddog_msgs/msg/detail/joy_ctrl_cmds__type_support.h
[0.646s] -- Up-to-date: /home/edsols/Ed-dogws/install/eddog_msgs/include/eddog_msgs/eddog_msgs/msg/detail/rgbd__functions.c
[0.647s] -- Up-to-date: /home/edsols/Ed-dogws/install/eddog_msgs/include/eddog_msgs/eddog_msgs/msg/detail/limits__type_support.h
[0.647s] -- Up-to-date: /home/edsols/Ed-dogws/install/eddog_msgs/include/eddog_msgs/eddog_msgs/msg/detail/geometry__functions.h
[0.647s] -- Up-to-date: /home/edsols/Ed-dogws/install/eddog_msgs/include/eddog_msgs/eddog_msgs/msg/detail/geometry__struct.h
[0.647s] -- Up-to-date: /home/edsols/Ed-dogws/install/eddog_msgs/include/eddog_msgs/eddog_msgs/msg/detail/rgbd__functions.h
[0.647s] -- Up-to-date: /home/edsols/Ed-dogws/install/eddog_msgs/include/eddog_msgs/eddog_msgs/msg/detail/extrinsics__functions.c
[0.647s] -- Up-to-date: /home/edsols/Ed-dogws/install/eddog_msgs/include/eddog_msgs/eddog_msgs/msg/detail/metadata__functions.h
[0.647s] -- Up-to-date: /home/edsols/Ed-dogws/install/eddog_msgs/include/eddog_msgs/eddog_msgs/msg/detail/joy_ctrl_cmds__struct.h
[0.647s] -- Up-to-date: /home/edsols/Ed-dogws/install/eddog_msgs/include/eddog_msgs/eddog_msgs/msg/detail/joy_ctrl_cmds__functions.h
[0.647s] -- Up-to-date: /home/edsols/Ed-dogws/install/eddog_msgs/include/eddog_msgs/eddog_msgs/msg/detail/metadata__functions.c
[0.647s] -- Up-to-date: /home/edsols/Ed-dogws/install/eddog_msgs/include/eddog_msgs/eddog_msgs/msg/detail/imu_info__functions.h
[0.647s] -- Up-to-date: /home/edsols/Ed-dogws/install/eddog_msgs/include/eddog_msgs/eddog_msgs/msg/detail/imu_info__struct.h
[0.647s] -- Up-to-date: /home/edsols/Ed-dogws/install/eddog_msgs/include/eddog_msgs/eddog_msgs/msg/extrinsics.h
[0.648s] -- Up-to-date: /home/edsols/Ed-dogws/install/eddog_msgs/include/eddog_msgs/eddog_msgs/msg/metadata.h
[0.648s] -- Up-to-date: /home/edsols/Ed-dogws/install/eddog_msgs/include/eddog_msgs/eddog_msgs/msg/imu_info.h
[0.648s] -- Up-to-date: /home/edsols/Ed-dogws/install/eddog_msgs/include/eddog_msgs/eddog_msgs/srv
[0.648s] -- Up-to-date: /home/edsols/Ed-dogws/install/eddog_msgs/include/eddog_msgs/eddog_msgs/srv/device_info.h
[0.648s] -- Up-to-date: /home/edsols/Ed-dogws/install/eddog_msgs/include/eddog_msgs/eddog_msgs/srv/detail
[0.648s] -- Up-to-date: /home/edsols/Ed-dogws/install/eddog_msgs/include/eddog_msgs/eddog_msgs/srv/detail/device_info__functions.h
[0.648s] -- Up-to-date: /home/edsols/Ed-dogws/install/eddog_msgs/include/eddog_msgs/eddog_msgs/srv/detail/device_info__functions.c
[0.648s] -- Up-to-date: /home/edsols/Ed-dogws/install/eddog_msgs/include/eddog_msgs/eddog_msgs/srv/detail/device_info__struct.h
[0.648s] -- Up-to-date: /home/edsols/Ed-dogws/install/eddog_msgs/include/eddog_msgs/eddog_msgs/srv/detail/device_info__type_support.h
[0.648s] -- Up-to-date: /home/edsols/Ed-dogws/install/eddog_msgs/share/eddog_msgs/environment/library_path.sh
[0.648s] -- Up-to-date: /home/edsols/Ed-dogws/install/eddog_msgs/share/eddog_msgs/environment/library_path.dsv
[0.648s] -- Up-to-date: /home/edsols/Ed-dogws/install/eddog_msgs/lib/libeddog_msgs__rosidl_generator_c.so
[0.648s] -- Up-to-date: /home/edsols/Ed-dogws/install/eddog_msgs/include/eddog_msgs/eddog_msgs
[0.648s] -- Up-to-date: /home/edsols/Ed-dogws/install/eddog_msgs/include/eddog_msgs/eddog_msgs/msg
[0.648s] -- Up-to-date: /home/edsols/Ed-dogws/install/eddog_msgs/include/eddog_msgs/eddog_msgs/msg/detail
[0.649s] -- Up-to-date: /home/edsols/Ed-dogws/install/eddog_msgs/include/eddog_msgs/eddog_msgs/msg/detail/rgbd__rosidl_typesupport_fastrtps_c.h
[0.649s] -- Up-to-date: /home/edsols/Ed-dogws/install/eddog_msgs/include/eddog_msgs/eddog_msgs/msg/detail/geometry__rosidl_typesupport_fastrtps_c.h
[0.649s] -- Up-to-date: /home/edsols/Ed-dogws/install/eddog_msgs/include/eddog_msgs/eddog_msgs/msg/detail/joy_ctrl_cmds__rosidl_typesupport_fastrtps_c.h
[0.649s] -- Up-to-date: /home/edsols/Ed-dogws/install/eddog_msgs/include/eddog_msgs/eddog_msgs/msg/detail/metadata__rosidl_typesupport_fastrtps_c.h
[0.649s] -- Up-to-date: /home/edsols/Ed-dogws/install/eddog_msgs/include/eddog_msgs/eddog_msgs/msg/detail/limits__rosidl_typesupport_fastrtps_c.h
[0.649s] -- Up-to-date: /home/edsols/Ed-dogws/install/eddog_msgs/include/eddog_msgs/eddog_msgs/msg/detail/imu_info__rosidl_typesupport_fastrtps_c.h
[0.649s] -- Up-to-date: /home/edsols/Ed-dogws/install/eddog_msgs/include/eddog_msgs/eddog_msgs/msg/detail/extrinsics__rosidl_typesupport_fastrtps_c.h
[0.649s] -- Up-to-date: /home/edsols/Ed-dogws/install/eddog_msgs/include/eddog_msgs/eddog_msgs/msg/rosidl_typesupport_fastrtps_c__visibility_control.h
[0.649s] -- Up-to-date: /home/edsols/Ed-dogws/install/eddog_msgs/include/eddog_msgs/eddog_msgs/srv
[0.649s] -- Up-to-date: /home/edsols/Ed-dogws/install/eddog_msgs/include/eddog_msgs/eddog_msgs/srv/detail
[0.649s] -- Up-to-date: /home/edsols/Ed-dogws/install/eddog_msgs/include/eddog_msgs/eddog_msgs/srv/detail/device_info__rosidl_typesupport_fastrtps_c.h
[0.649s] -- Up-to-date: /home/edsols/Ed-dogws/install/eddog_msgs/lib/libeddog_msgs__rosidl_typesupport_fastrtps_c.so
[0.649s] -- Up-to-date: /home/edsols/Ed-dogws/install/eddog_msgs/include/eddog_msgs/eddog_msgs
[0.649s] -- Up-to-date: /home/edsols/Ed-dogws/install/eddog_msgs/include/eddog_msgs/eddog_msgs/msg
[0.649s] -- Up-to-date: /home/edsols/Ed-dogws/install/eddog_msgs/include/eddog_msgs/eddog_msgs/msg/joy_ctrl_cmds.hpp
[0.649s] -- Up-to-date: /home/edsols/Ed-dogws/install/eddog_msgs/include/eddog_msgs/eddog_msgs/msg/imu_info.hpp
[0.649s] -- Up-to-date: /home/edsols/Ed-dogws/install/eddog_msgs/include/eddog_msgs/eddog_msgs/msg/extrinsics.hpp
[0.650s] -- Up-to-date: /home/edsols/Ed-dogws/install/eddog_msgs/include/eddog_msgs/eddog_msgs/msg/rgbd.hpp
[0.650s] -- Up-to-date: /home/edsols/Ed-dogws/install/eddog_msgs/include/eddog_msgs/eddog_msgs/msg/metadata.hpp
[0.650s] -- Up-to-date: /home/edsols/Ed-dogws/install/eddog_msgs/include/eddog_msgs/eddog_msgs/msg/detail
[0.650s] -- Up-to-date: /home/edsols/Ed-dogws/install/eddog_msgs/include/eddog_msgs/eddog_msgs/msg/detail/rgbd__traits.hpp
[0.650s] -- Up-to-date: /home/edsols/Ed-dogws/install/eddog_msgs/include/eddog_msgs/eddog_msgs/msg/detail/metadata__traits.hpp
[0.650s] -- Up-to-date: /home/edsols/Ed-dogws/install/eddog_msgs/include/eddog_msgs/eddog_msgs/msg/detail/limits__builder.hpp
[0.650s] -- Up-to-date: /home/edsols/Ed-dogws/install/eddog_msgs/include/eddog_msgs/eddog_msgs/msg/detail/metadata__builder.hpp
[0.650s] -- Up-to-date: /home/edsols/Ed-dogws/install/eddog_msgs/include/eddog_msgs/eddog_msgs/msg/detail/joy_ctrl_cmds__struct.hpp
[0.650s] -- Up-to-date: /home/edsols/Ed-dogws/install/eddog_msgs/include/eddog_msgs/eddog_msgs/msg/detail/limits__struct.hpp
[0.650s] -- Up-to-date: /home/edsols/Ed-dogws/install/eddog_msgs/include/eddog_msgs/eddog_msgs/msg/detail/geometry__struct.hpp
[0.650s] -- Up-to-date: /home/edsols/Ed-dogws/install/eddog_msgs/include/eddog_msgs/eddog_msgs/msg/detail/extrinsics__struct.hpp
[0.650s] -- Up-to-date: /home/edsols/Ed-dogws/install/eddog_msgs/include/eddog_msgs/eddog_msgs/msg/detail/metadata__struct.hpp
[0.650s] -- Up-to-date: /home/edsols/Ed-dogws/install/eddog_msgs/include/eddog_msgs/eddog_msgs/msg/detail/imu_info__builder.hpp
[0.650s] -- Up-to-date: /home/edsols/Ed-dogws/install/eddog_msgs/include/eddog_msgs/eddog_msgs/msg/detail/extrinsics__traits.hpp
[0.650s] -- Up-to-date: /home/edsols/Ed-dogws/install/eddog_msgs/include/eddog_msgs/eddog_msgs/msg/detail/imu_info__traits.hpp
[0.650s] -- Up-to-date: /home/edsols/Ed-dogws/install/eddog_msgs/include/eddog_msgs/eddog_msgs/msg/detail/imu_info__struct.hpp
[0.651s] -- Up-to-date: /home/edsols/Ed-dogws/install/eddog_msgs/include/eddog_msgs/eddog_msgs/msg/detail/geometry__builder.hpp
[0.651s] -- Up-to-date: /home/edsols/Ed-dogws/install/eddog_msgs/include/eddog_msgs/eddog_msgs/msg/detail/rgbd__builder.hpp
[0.651s] -- Up-to-date: /home/edsols/Ed-dogws/install/eddog_msgs/include/eddog_msgs/eddog_msgs/msg/detail/joy_ctrl_cmds__builder.hpp
[0.651s] -- Up-to-date: /home/edsols/Ed-dogws/install/eddog_msgs/include/eddog_msgs/eddog_msgs/msg/detail/joy_ctrl_cmds__traits.hpp
[0.651s] -- Up-to-date: /home/edsols/Ed-dogws/install/eddog_msgs/include/eddog_msgs/eddog_msgs/msg/detail/limits__traits.hpp
[0.651s] -- Up-to-date: /home/edsols/Ed-dogws/install/eddog_msgs/include/eddog_msgs/eddog_msgs/msg/detail/rgbd__struct.hpp
[0.651s] -- Up-to-date: /home/edsols/Ed-dogws/install/eddog_msgs/include/eddog_msgs/eddog_msgs/msg/detail/geometry__traits.hpp
[0.651s] -- Up-to-date: /home/edsols/Ed-dogws/install/eddog_msgs/include/eddog_msgs/eddog_msgs/msg/detail/extrinsics__builder.hpp
[0.651s] -- Up-to-date: /home/edsols/Ed-dogws/install/eddog_msgs/include/eddog_msgs/eddog_msgs/msg/limits.hpp
[0.651s] -- Up-to-date: /home/edsols/Ed-dogws/install/eddog_msgs/include/eddog_msgs/eddog_msgs/msg/geometry.hpp
[0.651s] -- Up-to-date: /home/edsols/Ed-dogws/install/eddog_msgs/include/eddog_msgs/eddog_msgs/srv
[0.651s] -- Up-to-date: /home/edsols/Ed-dogws/install/eddog_msgs/include/eddog_msgs/eddog_msgs/srv/detail
[0.651s] -- Up-to-date: /home/edsols/Ed-dogws/install/eddog_msgs/include/eddog_msgs/eddog_msgs/srv/detail/device_info__builder.hpp
[0.651s] -- Up-to-date: /home/edsols/Ed-dogws/install/eddog_msgs/include/eddog_msgs/eddog_msgs/srv/detail/device_info__traits.hpp
[0.651s] -- Up-to-date: /home/edsols/Ed-dogws/install/eddog_msgs/include/eddog_msgs/eddog_msgs/srv/detail/device_info__struct.hpp
[0.651s] -- Up-to-date: /home/edsols/Ed-dogws/install/eddog_msgs/include/eddog_msgs/eddog_msgs/srv/device_info.hpp
[0.651s] -- Up-to-date: /home/edsols/Ed-dogws/install/eddog_msgs/include/eddog_msgs/eddog_msgs
[0.651s] -- Up-to-date: /home/edsols/Ed-dogws/install/eddog_msgs/include/eddog_msgs/eddog_msgs/msg
[0.651s] -- Up-to-date: /home/edsols/Ed-dogws/install/eddog_msgs/include/eddog_msgs/eddog_msgs/msg/detail
[0.651s] -- Up-to-date: /home/edsols/Ed-dogws/install/eddog_msgs/include/eddog_msgs/eddog_msgs/msg/detail/joy_ctrl_cmds__rosidl_typesupport_fastrtps_cpp.hpp
[0.651s] -- Up-to-date: /home/edsols/Ed-dogws/install/eddog_msgs/include/eddog_msgs/eddog_msgs/msg/detail/extrinsics__rosidl_typesupport_fastrtps_cpp.hpp
[0.652s] -- Up-to-date: /home/edsols/Ed-dogws/install/eddog_msgs/include/eddog_msgs/eddog_msgs/msg/detail/rgbd__rosidl_typesupport_fastrtps_cpp.hpp
[0.652s] -- Up-to-date: /home/edsols/Ed-dogws/install/eddog_msgs/include/eddog_msgs/eddog_msgs/msg/detail/geometry__rosidl_typesupport_fastrtps_cpp.hpp
[0.652s] -- Up-to-date: /home/edsols/Ed-dogws/install/eddog_msgs/include/eddog_msgs/eddog_msgs/msg/detail/limits__rosidl_typesupport_fastrtps_cpp.hpp
[0.652s] -- Up-to-date: /home/edsols/Ed-dogws/install/eddog_msgs/include/eddog_msgs/eddog_msgs/msg/detail/metadata__rosidl_typesupport_fastrtps_cpp.hpp
[0.652s] -- Up-to-date: /home/edsols/Ed-dogws/install/eddog_msgs/include/eddog_msgs/eddog_msgs/msg/detail/dds_fastrtps
[0.652s] -- Up-to-date: /home/edsols/Ed-dogws/install/eddog_msgs/include/eddog_msgs/eddog_msgs/msg/detail/imu_info__rosidl_typesupport_fastrtps_cpp.hpp
[0.652s] -- Up-to-date: /home/edsols/Ed-dogws/install/eddog_msgs/include/eddog_msgs/eddog_msgs/msg/rosidl_typesupport_fastrtps_cpp__visibility_control.h
[0.652s] -- Up-to-date: /home/edsols/Ed-dogws/install/eddog_msgs/include/eddog_msgs/eddog_msgs/srv
[0.652s] -- Up-to-date: /home/edsols/Ed-dogws/install/eddog_msgs/include/eddog_msgs/eddog_msgs/srv/detail
[0.652s] -- Up-to-date: /home/edsols/Ed-dogws/install/eddog_msgs/include/eddog_msgs/eddog_msgs/srv/detail/device_info__rosidl_typesupport_fastrtps_cpp.hpp
[0.652s] -- Up-to-date: /home/edsols/Ed-dogws/install/eddog_msgs/include/eddog_msgs/eddog_msgs/srv/detail/dds_fastrtps
[0.652s] -- Up-to-date: /home/edsols/Ed-dogws/install/eddog_msgs/lib/libeddog_msgs__rosidl_typesupport_fastrtps_cpp.so
[0.652s] -- Up-to-date: /home/edsols/Ed-dogws/install/eddog_msgs/include/eddog_msgs/eddog_msgs
[0.652s] -- Up-to-date: /home/edsols/Ed-dogws/install/eddog_msgs/include/eddog_msgs/eddog_msgs/msg
[0.652s] -- Up-to-date: /home/edsols/Ed-dogws/install/eddog_msgs/include/eddog_msgs/eddog_msgs/msg/rosidl_typesupport_introspection_c__visibility_control.h
[0.652s] -- Up-to-date: /home/edsols/Ed-dogws/install/eddog_msgs/include/eddog_msgs/eddog_msgs/msg/detail
[0.652s] -- Up-to-date: /home/edsols/Ed-dogws/install/eddog_msgs/include/eddog_msgs/eddog_msgs/msg/detail/metadata__rosidl_typesupport_introspection_c.h
[0.652s] -- Up-to-date: /home/edsols/Ed-dogws/install/eddog_msgs/include/eddog_msgs/eddog_msgs/msg/detail/limits__type_support.c
[0.652s] -- Up-to-date: /home/edsols/Ed-dogws/install/eddog_msgs/include/eddog_msgs/eddog_msgs/msg/detail/rgbd__rosidl_typesupport_introspection_c.h
[0.652s] -- Up-to-date: /home/edsols/Ed-dogws/install/eddog_msgs/include/eddog_msgs/eddog_msgs/msg/detail/imu_info__rosidl_typesupport_introspection_c.h
[0.653s] -- Up-to-date: /home/edsols/Ed-dogws/install/eddog_msgs/include/eddog_msgs/eddog_msgs/msg/detail/joy_ctrl_cmds__type_support.c
[0.653s] -- Up-to-date: /home/edsols/Ed-dogws/install/eddog_msgs/include/eddog_msgs/eddog_msgs/msg/detail/limits__rosidl_typesupport_introspection_c.h
[0.653s] -- Up-to-date: /home/edsols/Ed-dogws/install/eddog_msgs/include/eddog_msgs/eddog_msgs/msg/detail/extrinsics__rosidl_typesupport_introspection_c.h
[0.653s] -- Up-to-date: /home/edsols/Ed-dogws/install/eddog_msgs/include/eddog_msgs/eddog_msgs/msg/detail/geometry__type_support.c
[0.653s] -- Up-to-date: /home/edsols/Ed-dogws/install/eddog_msgs/include/eddog_msgs/eddog_msgs/msg/detail/joy_ctrl_cmds__rosidl_typesupport_introspection_c.h
[0.653s] -- Up-to-date: /home/edsols/Ed-dogws/install/eddog_msgs/include/eddog_msgs/eddog_msgs/msg/detail/metadata__type_support.c
[0.653s] -- Up-to-date: /home/edsols/Ed-dogws/install/eddog_msgs/include/eddog_msgs/eddog_msgs/msg/detail/geometry__rosidl_typesupport_introspection_c.h
[0.653s] -- Up-to-date: /home/edsols/Ed-dogws/install/eddog_msgs/include/eddog_msgs/eddog_msgs/msg/detail/extrinsics__type_support.c
[0.653s] -- Up-to-date: /home/edsols/Ed-dogws/install/eddog_msgs/include/eddog_msgs/eddog_msgs/msg/detail/imu_info__type_support.c
[0.653s] -- Up-to-date: /home/edsols/Ed-dogws/install/eddog_msgs/include/eddog_msgs/eddog_msgs/msg/detail/rgbd__type_support.c
[0.653s] -- Up-to-date: /home/edsols/Ed-dogws/install/eddog_msgs/include/eddog_msgs/eddog_msgs/srv
[0.653s] -- Up-to-date: /home/edsols/Ed-dogws/install/eddog_msgs/include/eddog_msgs/eddog_msgs/srv/detail
[0.653s] -- Up-to-date: /home/edsols/Ed-dogws/install/eddog_msgs/include/eddog_msgs/eddog_msgs/srv/detail/device_info__type_support.c
[0.653s] -- Up-to-date: /home/edsols/Ed-dogws/install/eddog_msgs/include/eddog_msgs/eddog_msgs/srv/detail/device_info__rosidl_typesupport_introspection_c.h
[0.653s] -- Up-to-date: /home/edsols/Ed-dogws/install/eddog_msgs/lib/libeddog_msgs__rosidl_typesupport_introspection_c.so
[0.653s] -- Up-to-date: /home/edsols/Ed-dogws/install/eddog_msgs/lib/libeddog_msgs__rosidl_typesupport_c.so
[0.653s] -- Up-to-date: /home/edsols/Ed-dogws/install/eddog_msgs/include/eddog_msgs/eddog_msgs
[0.653s] -- Up-to-date: /home/edsols/Ed-dogws/install/eddog_msgs/include/eddog_msgs/eddog_msgs/msg
[0.653s] -- Up-to-date: /home/edsols/Ed-dogws/install/eddog_msgs/include/eddog_msgs/eddog_msgs/msg/detail
[0.653s] -- Up-to-date: /home/edsols/Ed-dogws/install/eddog_msgs/include/eddog_msgs/eddog_msgs/msg/detail/limits__type_support.cpp
[0.653s] -- Up-to-date: /home/edsols/Ed-dogws/install/eddog_msgs/include/eddog_msgs/eddog_msgs/msg/detail/imu_info__type_support.cpp
[0.654s] -- Up-to-date: /home/edsols/Ed-dogws/install/eddog_msgs/include/eddog_msgs/eddog_msgs/msg/detail/rgbd__rosidl_typesupport_introspection_cpp.hpp
[0.654s] -- Up-to-date: /home/edsols/Ed-dogws/install/eddog_msgs/include/eddog_msgs/eddog_msgs/msg/detail/geometry__rosidl_typesupport_introspection_cpp.hpp
[0.654s] -- Up-to-date: /home/edsols/Ed-dogws/install/eddog_msgs/include/eddog_msgs/eddog_msgs/msg/detail/imu_info__rosidl_typesupport_introspection_cpp.hpp
[0.654s] -- Up-to-date: /home/edsols/Ed-dogws/install/eddog_msgs/include/eddog_msgs/eddog_msgs/msg/detail/extrinsics__rosidl_typesupport_introspection_cpp.hpp
[0.654s] -- Up-to-date: /home/edsols/Ed-dogws/install/eddog_msgs/include/eddog_msgs/eddog_msgs/msg/detail/metadata__type_support.cpp
[0.654s] -- Up-to-date: /home/edsols/Ed-dogws/install/eddog_msgs/include/eddog_msgs/eddog_msgs/msg/detail/extrinsics__type_support.cpp
[0.654s] -- Up-to-date: /home/edsols/Ed-dogws/install/eddog_msgs/include/eddog_msgs/eddog_msgs/msg/detail/geometry__type_support.cpp
[0.654s] -- Up-to-date: /home/edsols/Ed-dogws/install/eddog_msgs/include/eddog_msgs/eddog_msgs/msg/detail/limits__rosidl_typesupport_introspection_cpp.hpp
[0.654s] -- Up-to-date: /home/edsols/Ed-dogws/install/eddog_msgs/include/eddog_msgs/eddog_msgs/msg/detail/metadata__rosidl_typesupport_introspection_cpp.hpp
[0.654s] -- Up-to-date: /home/edsols/Ed-dogws/install/eddog_msgs/include/eddog_msgs/eddog_msgs/msg/detail/rgbd__type_support.cpp
[0.654s] -- Up-to-date: /home/edsols/Ed-dogws/install/eddog_msgs/include/eddog_msgs/eddog_msgs/msg/detail/joy_ctrl_cmds__rosidl_typesupport_introspection_cpp.hpp
[0.654s] -- Up-to-date: /home/edsols/Ed-dogws/install/eddog_msgs/include/eddog_msgs/eddog_msgs/msg/detail/joy_ctrl_cmds__type_support.cpp
[0.654s] -- Up-to-date: /home/edsols/Ed-dogws/install/eddog_msgs/include/eddog_msgs/eddog_msgs/srv
[0.654s] -- Up-to-date: /home/edsols/Ed-dogws/install/eddog_msgs/include/eddog_msgs/eddog_msgs/srv/detail
[0.654s] -- Up-to-date: /home/edsols/Ed-dogws/install/eddog_msgs/include/eddog_msgs/eddog_msgs/srv/detail/device_info__rosidl_typesupport_introspection_cpp.hpp
[0.654s] -- Up-to-date: /home/edsols/Ed-dogws/install/eddog_msgs/include/eddog_msgs/eddog_msgs/srv/detail/device_info__type_support.cpp
[0.654s] -- Up-to-date: /home/edsols/Ed-dogws/install/eddog_msgs/lib/libeddog_msgs__rosidl_typesupport_introspection_cpp.so
[0.654s] -- Up-to-date: /home/edsols/Ed-dogws/install/eddog_msgs/lib/libeddog_msgs__rosidl_typesupport_cpp.so
[0.654s] -- Up-to-date: /home/edsols/Ed-dogws/install/eddog_msgs/share/eddog_msgs/environment/pythonpath.sh
[0.654s] -- Up-to-date: /home/edsols/Ed-dogws/install/eddog_msgs/share/eddog_msgs/environment/pythonpath.dsv
[0.654s] -- Up-to-date: /home/edsols/Ed-dogws/install/eddog_msgs/local/lib/python3.10/dist-packages/eddog_msgs-0.0.0-py3.10.egg-info
[0.655s] -- Installing: /home/edsols/Ed-dogws/install/eddog_msgs/local/lib/python3.10/dist-packages/eddog_msgs-0.0.0-py3.10.egg-info/dependency_links.txt
[0.655s] -- Installing: /home/edsols/Ed-dogws/install/eddog_msgs/local/lib/python3.10/dist-packages/eddog_msgs-0.0.0-py3.10.egg-info/PKG-INFO
[0.655s] -- Installing: /home/edsols/Ed-dogws/install/eddog_msgs/local/lib/python3.10/dist-packages/eddog_msgs-0.0.0-py3.10.egg-info/SOURCES.txt
[0.655s] -- Installing: /home/edsols/Ed-dogws/install/eddog_msgs/local/lib/python3.10/dist-packages/eddog_msgs-0.0.0-py3.10.egg-info/top_level.txt
[0.655s] -- Up-to-date: /home/edsols/Ed-dogws/install/eddog_msgs/local/lib/python3.10/dist-packages/eddog_msgs
[0.655s] -- Up-to-date: /home/edsols/Ed-dogws/install/eddog_msgs/local/lib/python3.10/dist-packages/eddog_msgs/libeddog_msgs__rosidl_generator_py.so
[0.655s] -- Up-to-date: /home/edsols/Ed-dogws/install/eddog_msgs/local/lib/python3.10/dist-packages/eddog_msgs/_eddog_msgs_s.ep.rosidl_typesupport_c.c
[0.655s] -- Up-to-date: /home/edsols/Ed-dogws/install/eddog_msgs/local/lib/python3.10/dist-packages/eddog_msgs/__init__.py
[0.655s] -- Up-to-date: /home/edsols/Ed-dogws/install/eddog_msgs/local/lib/python3.10/dist-packages/eddog_msgs/_eddog_msgs_s.ep.rosidl_typesupport_fastrtps_c.c
[0.655s] -- Up-to-date: /home/edsols/Ed-dogws/install/eddog_msgs/local/lib/python3.10/dist-packages/eddog_msgs/msg
[0.655s] -- Up-to-date: /home/edsols/Ed-dogws/install/eddog_msgs/local/lib/python3.10/dist-packages/eddog_msgs/msg/_limits.py
[0.655s] -- Up-to-date: /home/edsols/Ed-dogws/install/eddog_msgs/local/lib/python3.10/dist-packages/eddog_msgs/msg/_metadata.py
[0.655s] -- Up-to-date: /home/edsols/Ed-dogws/install/eddog_msgs/local/lib/python3.10/dist-packages/eddog_msgs/msg/_rgbd.py
[0.655s] -- Up-to-date: /home/edsols/Ed-dogws/install/eddog_msgs/local/lib/python3.10/dist-packages/eddog_msgs/msg/_joy_ctrl_cmds.py
[0.655s] -- Up-to-date: /home/edsols/Ed-dogws/install/eddog_msgs/local/lib/python3.10/dist-packages/eddog_msgs/msg/_imu_info_s.c
[0.655s] -- Up-to-date: /home/edsols/Ed-dogws/install/eddog_msgs/local/lib/python3.10/dist-packages/eddog_msgs/msg/__init__.py
[0.655s] -- Up-to-date: /home/edsols/Ed-dogws/install/eddog_msgs/local/lib/python3.10/dist-packages/eddog_msgs/msg/_geometry_s.c
[0.655s] -- Up-to-date: /home/edsols/Ed-dogws/install/eddog_msgs/local/lib/python3.10/dist-packages/eddog_msgs/msg/_rgbd_s.c
[0.655s] -- Up-to-date: /home/edsols/Ed-dogws/install/eddog_msgs/local/lib/python3.10/dist-packages/eddog_msgs/msg/_imu_info.py
[0.655s] -- Up-to-date: /home/edsols/Ed-dogws/install/eddog_msgs/local/lib/python3.10/dist-packages/eddog_msgs/msg/_metadata_s.c
[0.656s] -- Up-to-date: /home/edsols/Ed-dogws/install/eddog_msgs/local/lib/python3.10/dist-packages/eddog_msgs/msg/_joy_ctrl_cmds_s.c
[0.656s] -- Up-to-date: /home/edsols/Ed-dogws/install/eddog_msgs/local/lib/python3.10/dist-packages/eddog_msgs/msg/_geometry.py
[0.656s] -- Up-to-date: /home/edsols/Ed-dogws/install/eddog_msgs/local/lib/python3.10/dist-packages/eddog_msgs/msg/_extrinsics.py
[0.656s] -- Up-to-date: /home/edsols/Ed-dogws/install/eddog_msgs/local/lib/python3.10/dist-packages/eddog_msgs/msg/_extrinsics_s.c
[0.656s] -- Up-to-date: /home/edsols/Ed-dogws/install/eddog_msgs/local/lib/python3.10/dist-packages/eddog_msgs/msg/_limits_s.c
[0.656s] -- Up-to-date: /home/edsols/Ed-dogws/install/eddog_msgs/local/lib/python3.10/dist-packages/eddog_msgs/eddog_msgs_s__rosidl_typesupport_introspection_c.cpython-310-x86_64-linux-gnu.so
[0.656s] -- Up-to-date: /home/edsols/Ed-dogws/install/eddog_msgs/local/lib/python3.10/dist-packages/eddog_msgs/srv
[0.656s] -- Up-to-date: /home/edsols/Ed-dogws/install/eddog_msgs/local/lib/python3.10/dist-packages/eddog_msgs/srv/__init__.py
[0.656s] -- Up-to-date: /home/edsols/Ed-dogws/install/eddog_msgs/local/lib/python3.10/dist-packages/eddog_msgs/srv/_device_info_s.c
[0.656s] -- Up-to-date: /home/edsols/Ed-dogws/install/eddog_msgs/local/lib/python3.10/dist-packages/eddog_msgs/srv/_device_info.py
[0.656s] -- Up-to-date: /home/edsols/Ed-dogws/install/eddog_msgs/local/lib/python3.10/dist-packages/eddog_msgs/_eddog_msgs_s.ep.rosidl_typesupport_introspection_c.c
[0.656s] -- Up-to-date: /home/edsols/Ed-dogws/install/eddog_msgs/local/lib/python3.10/dist-packages/eddog_msgs/eddog_msgs_s__rosidl_typesupport_c.cpython-310-x86_64-linux-gnu.so
[0.656s] -- Up-to-date: /home/edsols/Ed-dogws/install/eddog_msgs/local/lib/python3.10/dist-packages/eddog_msgs/eddog_msgs_s__rosidl_typesupport_fastrtps_c.cpython-310-x86_64-linux-gnu.so
[0.676s] Listing '/home/edsols/Ed-dogws/install/eddog_msgs/local/lib/python3.10/dist-packages/eddog_msgs'...
[0.676s] Listing '/home/edsols/Ed-dogws/install/eddog_msgs/local/lib/python3.10/dist-packages/eddog_msgs/msg'...
[0.676s] Listing '/home/edsols/Ed-dogws/install/eddog_msgs/local/lib/python3.10/dist-packages/eddog_msgs/srv'...
[0.679s] -- Up-to-date: /home/edsols/Ed-dogws/install/eddog_msgs/local/lib/python3.10/dist-packages/eddog_msgs/eddog_msgs_s__rosidl_typesupport_fastrtps_c.cpython-310-x86_64-linux-gnu.so
[0.679s] -- Up-to-date: /home/edsols/Ed-dogws/install/eddog_msgs/local/lib/python3.10/dist-packages/eddog_msgs/eddog_msgs_s__rosidl_typesupport_introspection_c.cpython-310-x86_64-linux-gnu.so
[0.679s] -- Up-to-date: /home/edsols/Ed-dogws/install/eddog_msgs/local/lib/python3.10/dist-packages/eddog_msgs/eddog_msgs_s__rosidl_typesupport_c.cpython-310-x86_64-linux-gnu.so
[0.679s] -- Up-to-date: /home/edsols/Ed-dogws/install/eddog_msgs/lib/libeddog_msgs__rosidl_generator_py.so
[0.680s] -- Up-to-date: /home/edsols/Ed-dogws/install/eddog_msgs/share/eddog_msgs/msg/JoyCtrlCmds.idl
[0.680s] -- Up-to-date: /home/edsols/Ed-dogws/install/eddog_msgs/share/eddog_msgs/msg/Limits.idl
[0.680s] -- Up-to-date: /home/edsols/Ed-dogws/install/eddog_msgs/share/eddog_msgs/msg/Geometry.idl
[0.680s] -- Up-to-date: /home/edsols/Ed-dogws/install/eddog_msgs/share/eddog_msgs/msg/IMUInfo.idl
[0.680s] -- Up-to-date: /home/edsols/Ed-dogws/install/eddog_msgs/share/eddog_msgs/msg/Extrinsics.idl
[0.680s] -- Up-to-date: /home/edsols/Ed-dogws/install/eddog_msgs/share/eddog_msgs/msg/Metadata.idl
[0.680s] -- Up-to-date: /home/edsols/Ed-dogws/install/eddog_msgs/share/eddog_msgs/msg/RGBD.idl
[0.680s] -- Up-to-date: /home/edsols/Ed-dogws/install/eddog_msgs/share/eddog_msgs/srv/DeviceInfo.idl
[0.680s] -- Up-to-date: /home/edsols/Ed-dogws/install/eddog_msgs/share/eddog_msgs/msg/JoyCtrlCmds.msg
[0.680s] -- Up-to-date: /home/edsols/Ed-dogws/install/eddog_msgs/share/eddog_msgs/msg/Limits.msg
[0.680s] -- Up-to-date: /home/edsols/Ed-dogws/install/eddog_msgs/share/eddog_msgs/msg/Geometry.msg
[0.681s] -- Up-to-date: /home/edsols/Ed-dogws/install/eddog_msgs/share/eddog_msgs/msg/IMUInfo.msg
[0.681s] -- Up-to-date: /home/edsols/Ed-dogws/install/eddog_msgs/share/eddog_msgs/msg/Extrinsics.msg
[0.681s] -- Up-to-date: /home/edsols/Ed-dogws/install/eddog_msgs/share/eddog_msgs/msg/Metadata.msg
[0.681s] -- Up-to-date: /home/edsols/Ed-dogws/install/eddog_msgs/share/eddog_msgs/msg/RGBD.msg
[0.681s] -- Up-to-date: /home/edsols/Ed-dogws/install/eddog_msgs/share/eddog_msgs/srv/DeviceInfo.srv
[0.681s] -- Up-to-date: /home/edsols/Ed-dogws/install/eddog_msgs/share/eddog_msgs/srv/DeviceInfo_Request.msg
[0.681s] -- Up-to-date: /home/edsols/Ed-dogws/install/eddog_msgs/share/eddog_msgs/srv/DeviceInfo_Response.msg
[0.681s] -- Up-to-date: /home/edsols/Ed-dogws/install/eddog_msgs/share/ament_index/resource_index/package_run_dependencies/eddog_msgs
[0.681s] -- Up-to-date: /home/edsols/Ed-dogws/install/eddog_msgs/share/ament_index/resource_index/parent_prefix_path/eddog_msgs
[0.681s] -- Up-to-date: /home/edsols/Ed-dogws/install/eddog_msgs/share/eddog_msgs/environment/ament_prefix_path.sh
[0.681s] -- Up-to-date: /home/edsols/Ed-dogws/install/eddog_msgs/share/eddog_msgs/environment/ament_prefix_path.dsv
[0.681s] -- Up-to-date: /home/edsols/Ed-dogws/install/eddog_msgs/share/eddog_msgs/environment/path.sh
[0.681s] -- Up-to-date: /home/edsols/Ed-dogws/install/eddog_msgs/share/eddog_msgs/environment/path.dsv
[0.681s] -- Up-to-date: /home/edsols/Ed-dogws/install/eddog_msgs/share/eddog_msgs/local_setup.bash
[0.681s] -- Up-to-date: /home/edsols/Ed-dogws/install/eddog_msgs/share/eddog_msgs/local_setup.sh
[0.681s] -- Up-to-date: /home/edsols/Ed-dogws/install/eddog_msgs/share/eddog_msgs/local_setup.zsh
[0.682s] -- Up-to-date: /home/edsols/Ed-dogws/install/eddog_msgs/share/eddog_msgs/local_setup.dsv
[0.682s] -- Installing: /home/edsols/Ed-dogws/install/eddog_msgs/share/eddog_msgs/package.dsv
[0.682s] -- Up-to-date: /home/edsols/Ed-dogws/install/eddog_msgs/share/ament_index/resource_index/packages/eddog_msgs
[0.682s] -- Up-to-date: /home/edsols/Ed-dogws/install/eddog_msgs/share/eddog_msgs/cmake/export_eddog_msgs__rosidl_generator_cExport.cmake
[0.682s] -- Up-to-date: /home/edsols/Ed-dogws/install/eddog_msgs/share/eddog_msgs/cmake/export_eddog_msgs__rosidl_generator_cExport-noconfig.cmake
[0.682s] -- Up-to-date: /home/edsols/Ed-dogws/install/eddog_msgs/share/eddog_msgs/cmake/export_eddog_msgs__rosidl_typesupport_fastrtps_cExport.cmake
[0.682s] -- Up-to-date: /home/edsols/Ed-dogws/install/eddog_msgs/share/eddog_msgs/cmake/export_eddog_msgs__rosidl_typesupport_fastrtps_cExport-noconfig.cmake
[0.682s] -- Up-to-date: /home/edsols/Ed-dogws/install/eddog_msgs/share/eddog_msgs/cmake/export_eddog_msgs__rosidl_generator_cppExport.cmake
[0.682s] -- Up-to-date: /home/edsols/Ed-dogws/install/eddog_msgs/share/eddog_msgs/cmake/export_eddog_msgs__rosidl_typesupport_fastrtps_cppExport.cmake
[0.682s] -- Up-to-date: /home/edsols/Ed-dogws/install/eddog_msgs/share/eddog_msgs/cmake/export_eddog_msgs__rosidl_typesupport_fastrtps_cppExport-noconfig.cmake
[0.682s] -- Up-to-date: /home/edsols/Ed-dogws/install/eddog_msgs/share/eddog_msgs/cmake/eddog_msgs__rosidl_typesupport_introspection_cExport.cmake
[0.682s] -- Up-to-date: /home/edsols/Ed-dogws/install/eddog_msgs/share/eddog_msgs/cmake/eddog_msgs__rosidl_typesupport_introspection_cExport-noconfig.cmake
[0.682s] -- Up-to-date: /home/edsols/Ed-dogws/install/eddog_msgs/share/eddog_msgs/cmake/eddog_msgs__rosidl_typesupport_cExport.cmake
[0.682s] -- Up-to-date: /home/edsols/Ed-dogws/install/eddog_msgs/share/eddog_msgs/cmake/eddog_msgs__rosidl_typesupport_cExport-noconfig.cmake
[0.682s] -- Up-to-date: /home/edsols/Ed-dogws/install/eddog_msgs/share/eddog_msgs/cmake/eddog_msgs__rosidl_typesupport_introspection_cppExport.cmake
[0.682s] -- Up-to-date: /home/edsols/Ed-dogws/install/eddog_msgs/share/eddog_msgs/cmake/eddog_msgs__rosidl_typesupport_introspection_cppExport-noconfig.cmake
[0.682s] -- Up-to-date: /home/edsols/Ed-dogws/install/eddog_msgs/share/eddog_msgs/cmake/eddog_msgs__rosidl_typesupport_cppExport.cmake
[0.682s] -- Up-to-date: /home/edsols/Ed-dogws/install/eddog_msgs/share/eddog_msgs/cmake/eddog_msgs__rosidl_typesupport_cppExport-noconfig.cmake
[0.683s] -- Up-to-date: /home/edsols/Ed-dogws/install/eddog_msgs/share/eddog_msgs/cmake/export_eddog_msgs__rosidl_generator_pyExport.cmake
[0.683s] -- Up-to-date: /home/edsols/Ed-dogws/install/eddog_msgs/share/eddog_msgs/cmake/export_eddog_msgs__rosidl_generator_pyExport-noconfig.cmake
[0.683s] -- Up-to-date: /home/edsols/Ed-dogws/install/eddog_msgs/share/eddog_msgs/cmake/rosidl_cmake-extras.cmake
[0.683s] -- Up-to-date: /home/edsols/Ed-dogws/install/eddog_msgs/share/eddog_msgs/cmake/ament_cmake_export_dependencies-extras.cmake
[0.683s] -- Up-to-date: /home/edsols/Ed-dogws/install/eddog_msgs/share/eddog_msgs/cmake/ament_cmake_export_include_directories-extras.cmake
[0.683s] -- Up-to-date: /home/edsols/Ed-dogws/install/eddog_msgs/share/eddog_msgs/cmake/ament_cmake_export_libraries-extras.cmake
[0.683s] -- Up-to-date: /home/edsols/Ed-dogws/install/eddog_msgs/share/eddog_msgs/cmake/ament_cmake_export_targets-extras.cmake
[0.683s] -- Up-to-date: /home/edsols/Ed-dogws/install/eddog_msgs/share/eddog_msgs/cmake/rosidl_cmake_export_typesupport_targets-extras.cmake
[0.683s] -- Up-to-date: /home/edsols/Ed-dogws/install/eddog_msgs/share/eddog_msgs/cmake/rosidl_cmake_export_typesupport_libraries-extras.cmake
[0.683s] -- Up-to-date: /home/edsols/Ed-dogws/install/eddog_msgs/share/eddog_msgs/cmake/eddog_msgsConfig.cmake
[0.683s] -- Up-to-date: /home/edsols/Ed-dogws/install/eddog_msgs/share/eddog_msgs/cmake/eddog_msgsConfig-version.cmake
[0.683s] -- Up-to-date: /home/edsols/Ed-dogws/install/eddog_msgs/share/eddog_msgs/package.xml
[0.684s] Invoked command in '/home/edsols/Ed-dogws/build/eddog_msgs' returned '0': CMAKE_PREFIX_PATH=${CMAKE_PREFIX_PATH}:/opt/ros/humble /usr/bin/cmake --install /home/edsols/Ed-dogws/build/eddog_msgs
