[0.116s] Invoking command in '/home/edsols/Ed-dogws/build/eddog_controller': CMAKE_PREFIX_PATH=${CMAKE_PREFIX_PATH}:/opt/ros/humble /usr/bin/cmake /home/edsols/Ed-dogws/eddog_controller -DCMAKE_INSTALL_PREFIX=/home/edsols/Ed-dogws/install/eddog_controller
[0.162s] -- The C compiler identification is GNU 11.4.0
[0.206s] -- The CXX compiler identification is GNU 11.4.0
[0.211s] -- Detecting C compiler ABI info
[0.266s] -- Detecting C compiler ABI info - done
[0.272s] -- Check for working C compiler: /usr/bin/cc - skipped
[0.273s] -- Detecting C compile features
[0.273s] -- Detecting C compile features - done
[0.275s] -- Detecting CXX compiler ABI info
[0.340s] -- Detecting CXX compiler ABI info - done
[0.346s] -- Check for working CXX compiler: /usr/bin/c++ - skipped
[0.346s] -- Detecting CXX compile features
[0.346s] -- Detecting CXX compile features - done
[0.348s] -- Found ament_cmake: 1.3.6 (/opt/ros/humble/share/ament_cmake/cmake)
[0.494s] -- Found Python3: /usr/bin/python3.10 (found version "3.10.12") found components: Interpreter 
[0.573s] -- Found rclpy: 3.3.11 (/opt/ros/humble/share/rclpy/cmake)
[0.574s] -- Found sensor_msgs: 4.2.3 (/opt/ros/humble/share/sensor_msgs/cmake)
[0.606s] -- Found rosidl_generator_c: 3.1.5 (/opt/ros/humble/share/rosidl_generator_c/cmake)
[0.611s] -- Found rosidl_adapter: 3.1.5 (/opt/ros/humble/share/rosidl_adapter/cmake)
[0.619s] -- Found rosidl_generator_cpp: 3.1.5 (/opt/ros/humble/share/rosidl_generator_cpp/cmake)
[0.631s] -- Using all available rosidl_typesupport_c: rosidl_typesupport_fastrtps_c;rosidl_typesupport_introspection_c
[0.648s] -- Using all available rosidl_typesupport_cpp: rosidl_typesupport_fastrtps_cpp;rosidl_typesupport_introspection_cpp
[0.907s] -- Found ament_lint_auto: 0.12.9 (/opt/ros/humble/share/ament_lint_auto/cmake)
[0.973s] -- Added test 'flake8' to check Python code syntax and style conventions
[0.974s] -- Added test 'lint_cmake' to check CMake code style
[0.974s] -- Added test 'pep257' to check Python code against some of the docstring style conventions in PEP 257
[0.975s] -- Added test 'xmllint' to check XML markup files
[0.976s] -- Configuring done
[0.980s] -- Generating done
[0.981s] -- Build files have been written to: /home/edsols/Ed-dogws/build/eddog_controller
[0.987s] Invoked command in '/home/edsols/Ed-dogws/build/eddog_controller' returned '0': CMAKE_PREFIX_PATH=${CMAKE_PREFIX_PATH}:/opt/ros/humble /usr/bin/cmake /home/edsols/Ed-dogws/eddog_controller -DCMAKE_INSTALL_PREFIX=/home/edsols/Ed-dogws/install/eddog_controller
[0.988s] Invoking command in '/home/edsols/Ed-dogws/build/eddog_controller': CMAKE_PREFIX_PATH=${CMAKE_PREFIX_PATH}:/opt/ros/humble /usr/bin/cmake --build /home/edsols/Ed-dogws/build/eddog_controller -- -j6 -l6
[1.034s] Built target ament_cmake_python_copy_Scripts
[1.237s] running egg_info
[1.238s] creating Scripts.egg-info
[1.238s] writing Scripts.egg-info/PKG-INFO
[1.238s] writing dependency_links to Scripts.egg-info/dependency_links.txt
[1.238s] writing top-level names to Scripts.egg-info/top_level.txt
[1.238s] writing manifest file 'Scripts.egg-info/SOURCES.txt'
[1.240s] reading manifest file 'Scripts.egg-info/SOURCES.txt'
[1.240s] writing manifest file 'Scripts.egg-info/SOURCES.txt'
[1.262s] Built target ament_cmake_python_build_Scripts_egg
[1.270s] Invoked command in '/home/edsols/Ed-dogws/build/eddog_controller' returned '0': CMAKE_PREFIX_PATH=${CMAKE_PREFIX_PATH}:/opt/ros/humble /usr/bin/cmake --build /home/edsols/Ed-dogws/build/eddog_controller -- -j6 -l6
[1.290s] Invoking command in '/home/edsols/Ed-dogws/build/eddog_controller': CMAKE_PREFIX_PATH=${CMAKE_PREFIX_PATH}:/opt/ros/humble /usr/bin/cmake --install /home/edsols/Ed-dogws/build/eddog_controller
[1.295s] -- Install configuration: ""
[1.295s] -- Installing: /home/edsols/Ed-dogws/install/eddog_controller/share/eddog_controller/environment/pythonpath.sh
[1.296s] -- Installing: /home/edsols/Ed-dogws/install/eddog_controller/share/eddog_controller/environment/pythonpath.dsv
[1.296s] -- Installing: /home/edsols/Ed-dogws/install/eddog_controller/local/lib/python3.10/dist-packages/Scripts-0.0.0-py3.10.egg-info
[1.296s] -- Installing: /home/edsols/Ed-dogws/install/eddog_controller/local/lib/python3.10/dist-packages/Scripts-0.0.0-py3.10.egg-info/dependency_links.txt
[1.296s] -- Installing: /home/edsols/Ed-dogws/install/eddog_controller/local/lib/python3.10/dist-packages/Scripts-0.0.0-py3.10.egg-info/PKG-INFO
[1.296s] -- Installing: /home/edsols/Ed-dogws/install/eddog_controller/local/lib/python3.10/dist-packages/Scripts-0.0.0-py3.10.egg-info/SOURCES.txt
[1.296s] -- Installing: /home/edsols/Ed-dogws/install/eddog_controller/local/lib/python3.10/dist-packages/Scripts-0.0.0-py3.10.egg-info/top_level.txt
[1.296s] -- Installing: /home/edsols/Ed-dogws/install/eddog_controller/local/lib/python3.10/dist-packages/Scripts
[1.296s] -- Installing: /home/edsols/Ed-dogws/install/eddog_controller/local/lib/python3.10/dist-packages/Scripts/InverseKinematics
[1.296s] -- Installing: /home/edsols/Ed-dogws/install/eddog_controller/local/lib/python3.10/dist-packages/Scripts/InverseKinematics/__init__.py
[1.296s] -- Installing: /home/edsols/Ed-dogws/install/eddog_controller/local/lib/python3.10/dist-packages/Scripts/InverseKinematics/robot_IK.py
[1.296s] -- Installing: /home/edsols/Ed-dogws/install/eddog_controller/local/lib/python3.10/dist-packages/Scripts/__init__.py
[1.296s] -- Installing: /home/edsols/Ed-dogws/install/eddog_controller/local/lib/python3.10/dist-packages/Scripts/RobotController
[1.296s] -- Installing: /home/edsols/Ed-dogws/install/eddog_controller/local/lib/python3.10/dist-packages/Scripts/RobotController/CrawlGaitController.py
[1.296s] -- Installing: /home/edsols/Ed-dogws/install/eddog_controller/local/lib/python3.10/dist-packages/Scripts/RobotController/PIDController.py
[1.297s] -- Installing: /home/edsols/Ed-dogws/install/eddog_controller/local/lib/python3.10/dist-packages/Scripts/RobotController/__init__.py
[1.297s] -- Installing: /home/edsols/Ed-dogws/install/eddog_controller/local/lib/python3.10/dist-packages/Scripts/RobotController/StateController.py
[1.297s] -- Installing: /home/edsols/Ed-dogws/install/eddog_controller/local/lib/python3.10/dist-packages/Scripts/RobotController/RobotController.py
[1.297s] -- Installing: /home/edsols/Ed-dogws/install/eddog_controller/local/lib/python3.10/dist-packages/Scripts/RobotController/GaitController.py
[1.297s] -- Installing: /home/edsols/Ed-dogws/install/eddog_controller/local/lib/python3.10/dist-packages/Scripts/RobotController/RestController.py
[1.297s] -- Installing: /home/edsols/Ed-dogws/install/eddog_controller/local/lib/python3.10/dist-packages/Scripts/RobotController/TrotGaitController.py
[1.297s] -- Installing: /home/edsols/Ed-dogws/install/eddog_controller/local/lib/python3.10/dist-packages/Scripts/RobotController/StandController.py
[1.297s] -- Installing: /home/edsols/Ed-dogws/install/eddog_controller/local/lib/python3.10/dist-packages/Scripts/robot_controller_gazebo.py
[1.297s] -- Installing: /home/edsols/Ed-dogws/install/eddog_controller/local/lib/python3.10/dist-packages/Scripts/RoboticsUtilities
[1.297s] -- Installing: /home/edsols/Ed-dogws/install/eddog_controller/local/lib/python3.10/dist-packages/Scripts/RoboticsUtilities/Transformations.py
[1.297s] -- Installing: /home/edsols/Ed-dogws/install/eddog_controller/local/lib/python3.10/dist-packages/Scripts/RoboticsUtilities/__init__.py
[1.329s] Listing '/home/edsols/Ed-dogws/install/eddog_controller/local/lib/python3.10/dist-packages/Scripts'...
[1.329s] Listing '/home/edsols/Ed-dogws/install/eddog_controller/local/lib/python3.10/dist-packages/Scripts/InverseKinematics'...
[1.329s] Compiling '/home/edsols/Ed-dogws/install/eddog_controller/local/lib/python3.10/dist-packages/Scripts/InverseKinematics/__init__.py'...
[1.329s] Compiling '/home/edsols/Ed-dogws/install/eddog_controller/local/lib/python3.10/dist-packages/Scripts/InverseKinematics/robot_IK.py'...
[1.329s] Listing '/home/edsols/Ed-dogws/install/eddog_controller/local/lib/python3.10/dist-packages/Scripts/RobotController'...
[1.329s] Compiling '/home/edsols/Ed-dogws/install/eddog_controller/local/lib/python3.10/dist-packages/Scripts/RobotController/CrawlGaitController.py'...
[1.329s] Compiling '/home/edsols/Ed-dogws/install/eddog_controller/local/lib/python3.10/dist-packages/Scripts/RobotController/GaitController.py'...
[1.329s] Compiling '/home/edsols/Ed-dogws/install/eddog_controller/local/lib/python3.10/dist-packages/Scripts/RobotController/PIDController.py'...
[1.329s] Compiling '/home/edsols/Ed-dogws/install/eddog_controller/local/lib/python3.10/dist-packages/Scripts/RobotController/RestController.py'...
[1.329s] Compiling '/home/edsols/Ed-dogws/install/eddog_controller/local/lib/python3.10/dist-packages/Scripts/RobotController/RobotController.py'...
[1.330s] Compiling '/home/edsols/Ed-dogws/install/eddog_controller/local/lib/python3.10/dist-packages/Scripts/RobotController/StandController.py'...
[1.330s] Compiling '/home/edsols/Ed-dogws/install/eddog_controller/local/lib/python3.10/dist-packages/Scripts/RobotController/StateController.py'...
[1.330s] Compiling '/home/edsols/Ed-dogws/install/eddog_controller/local/lib/python3.10/dist-packages/Scripts/RobotController/TrotGaitController.py'...
[1.330s] Compiling '/home/edsols/Ed-dogws/install/eddog_controller/local/lib/python3.10/dist-packages/Scripts/RobotController/__init__.py'...
[1.330s] Listing '/home/edsols/Ed-dogws/install/eddog_controller/local/lib/python3.10/dist-packages/Scripts/RoboticsUtilities'...
[1.330s] Compiling '/home/edsols/Ed-dogws/install/eddog_controller/local/lib/python3.10/dist-packages/Scripts/RoboticsUtilities/Transformations.py'...
[1.330s] Compiling '/home/edsols/Ed-dogws/install/eddog_controller/local/lib/python3.10/dist-packages/Scripts/RoboticsUtilities/__init__.py'...
[1.330s] Compiling '/home/edsols/Ed-dogws/install/eddog_controller/local/lib/python3.10/dist-packages/Scripts/__init__.py'...
[1.330s] Compiling '/home/edsols/Ed-dogws/install/eddog_controller/local/lib/python3.10/dist-packages/Scripts/robot_controller_gazebo.py'...
[1.333s] -- Installing: /home/edsols/Ed-dogws/install/eddog_controller/lib/eddog_controller/robot_controller_gazebo.py
[1.333s] -- Installing: /home/edsols/Ed-dogws/install/eddog_controller/share/eddog_controller/Scripts
[1.333s] -- Installing: /home/edsols/Ed-dogws/install/eddog_controller/share/eddog_controller/Scripts/InverseKinematics
[1.333s] -- Installing: /home/edsols/Ed-dogws/install/eddog_controller/share/eddog_controller/Scripts/InverseKinematics/__init__.py
[1.333s] -- Installing: /home/edsols/Ed-dogws/install/eddog_controller/share/eddog_controller/Scripts/InverseKinematics/robot_IK.py
[1.333s] -- Installing: /home/edsols/Ed-dogws/install/eddog_controller/share/eddog_controller/Scripts/__init__.py
[1.333s] -- Installing: /home/edsols/Ed-dogws/install/eddog_controller/share/eddog_controller/Scripts/RobotController
[1.333s] -- Installing: /home/edsols/Ed-dogws/install/eddog_controller/share/eddog_controller/Scripts/RobotController/CrawlGaitController.py
[1.333s] -- Installing: /home/edsols/Ed-dogws/install/eddog_controller/share/eddog_controller/Scripts/RobotController/PIDController.py
[1.333s] -- Installing: /home/edsols/Ed-dogws/install/eddog_controller/share/eddog_controller/Scripts/RobotController/__init__.py
[1.333s] -- Installing: /home/edsols/Ed-dogws/install/eddog_controller/share/eddog_controller/Scripts/RobotController/StateController.py
[1.333s] -- Installing: /home/edsols/Ed-dogws/install/eddog_controller/share/eddog_controller/Scripts/RobotController/RobotController.py
[1.333s] -- Installing: /home/edsols/Ed-dogws/install/eddog_controller/share/eddog_controller/Scripts/RobotController/GaitController.py
[1.334s] -- Installing: /home/edsols/Ed-dogws/install/eddog_controller/share/eddog_controller/Scripts/RobotController/RestController.py
[1.334s] -- Installing: /home/edsols/Ed-dogws/install/eddog_controller/share/eddog_controller/Scripts/RobotController/TrotGaitController.py
[1.334s] -- Installing: /home/edsols/Ed-dogws/install/eddog_controller/share/eddog_controller/Scripts/RobotController/StandController.py
[1.334s] -- Installing: /home/edsols/Ed-dogws/install/eddog_controller/share/eddog_controller/Scripts/robot_controller_gazebo.py
[1.334s] -- Installing: /home/edsols/Ed-dogws/install/eddog_controller/share/eddog_controller/Scripts/RoboticsUtilities
[1.334s] -- Installing: /home/edsols/Ed-dogws/install/eddog_controller/share/eddog_controller/Scripts/RoboticsUtilities/Transformations.py
[1.334s] -- Installing: /home/edsols/Ed-dogws/install/eddog_controller/share/eddog_controller/Scripts/RoboticsUtilities/__init__.py
[1.334s] -- Installing: /home/edsols/Ed-dogws/install/eddog_controller/share/ament_index/resource_index/package_run_dependencies/eddog_controller
[1.334s] -- Installing: /home/edsols/Ed-dogws/install/eddog_controller/share/ament_index/resource_index/parent_prefix_path/eddog_controller
[1.334s] -- Installing: /home/edsols/Ed-dogws/install/eddog_controller/share/eddog_controller/environment/ament_prefix_path.sh
[1.334s] -- Installing: /home/edsols/Ed-dogws/install/eddog_controller/share/eddog_controller/environment/ament_prefix_path.dsv
[1.335s] -- Installing: /home/edsols/Ed-dogws/install/eddog_controller/share/eddog_controller/environment/path.sh
[1.335s] -- Installing: /home/edsols/Ed-dogws/install/eddog_controller/share/eddog_controller/environment/path.dsv
[1.335s] -- Installing: /home/edsols/Ed-dogws/install/eddog_controller/share/eddog_controller/local_setup.bash
[1.335s] -- Installing: /home/edsols/Ed-dogws/install/eddog_controller/share/eddog_controller/local_setup.sh
[1.335s] -- Installing: /home/edsols/Ed-dogws/install/eddog_controller/share/eddog_controller/local_setup.zsh
[1.335s] -- Installing: /home/edsols/Ed-dogws/install/eddog_controller/share/eddog_controller/local_setup.dsv
[1.335s] -- Installing: /home/edsols/Ed-dogws/install/eddog_controller/share/eddog_controller/package.dsv
[1.335s] -- Installing: /home/edsols/Ed-dogws/install/eddog_controller/share/ament_index/resource_index/packages/eddog_controller
[1.335s] -- Installing: /home/edsols/Ed-dogws/install/eddog_controller/share/eddog_controller/cmake/eddog_controllerConfig.cmake
[1.335s] -- Installing: /home/edsols/Ed-dogws/install/eddog_controller/share/eddog_controller/cmake/eddog_controllerConfig-version.cmake
[1.335s] -- Installing: /home/edsols/Ed-dogws/install/eddog_controller/share/eddog_controller/package.xml
[1.337s] Invoked command in '/home/edsols/Ed-dogws/build/eddog_controller' returned '0': CMAKE_PREFIX_PATH=${CMAKE_PREFIX_PATH}:/opt/ros/humble /usr/bin/cmake --install /home/edsols/Ed-dogws/build/eddog_controller
