-- The C compiler identification is GNU 11.4.0
-- The CXX compiler identification is GNU 11.4.0
-- Detecting C compiler ABI info
-- Detecting C compiler ABI info - done
-- Check for working C compiler: /usr/bin/cc - skipped
-- Detecting C compile features
-- Detecting C compile features - done
-- Detecting CXX compiler ABI info
-- Detecting CXX compiler ABI info - done
-- Check for working CXX compiler: /usr/bin/c++ - skipped
-- Detecting CXX compile features
-- Detecting CXX compile features - done
-- Found ament_cmake: 1.3.6 (/opt/ros/humble/share/ament_cmake/cmake)
-- Found Python3: /usr/bin/python3.10 (found version "3.10.12") found components: Interpreter 
-- Found ament_lint_auto: 0.12.9 (/opt/ros/humble/share/ament_lint_auto/cmake)
-- Added test 'lint_cmake' to check CMake code style
-- Added test 'xmllint' to check XML markup files
-- Configuring done
-- Generating done
-- Build files have been written to: /home/edsols/Ed-dogws/build/realsense2_camera
-- Install configuration: ""
-- Installing: /home/edsols/Ed-dogws/install/realsense2_camera/share/ament_index/resource_index/package_run_dependencies/realsense2_camera
-- Installing: /home/edsols/Ed-dogws/install/realsense2_camera/share/ament_index/resource_index/parent_prefix_path/realsense2_camera
-- Installing: /home/edsols/Ed-dogws/install/realsense2_camera/share/realsense2_camera/environment/ament_prefix_path.sh
-- Installing: /home/edsols/Ed-dogws/install/realsense2_camera/share/realsense2_camera/environment/ament_prefix_path.dsv
-- Installing: /home/edsols/Ed-dogws/install/realsense2_camera/share/realsense2_camera/environment/path.sh
-- Installing: /home/edsols/Ed-dogws/install/realsense2_camera/share/realsense2_camera/environment/path.dsv
-- Installing: /home/edsols/Ed-dogws/install/realsense2_camera/share/realsense2_camera/local_setup.bash
-- Installing: /home/edsols/Ed-dogws/install/realsense2_camera/share/realsense2_camera/local_setup.sh
-- Installing: /home/edsols/Ed-dogws/install/realsense2_camera/share/realsense2_camera/local_setup.zsh
-- Installing: /home/edsols/Ed-dogws/install/realsense2_camera/share/realsense2_camera/local_setup.dsv
-- Installing: /home/edsols/Ed-dogws/install/realsense2_camera/share/realsense2_camera/package.dsv
-- Installing: /home/edsols/Ed-dogws/install/realsense2_camera/share/ament_index/resource_index/packages/realsense2_camera
-- Installing: /home/edsols/Ed-dogws/install/realsense2_camera/share/realsense2_camera/cmake/realsense2_cameraConfig.cmake
-- Installing: /home/edsols/Ed-dogws/install/realsense2_camera/share/realsense2_camera/cmake/realsense2_cameraConfig-version.cmake
-- Installing: /home/edsols/Ed-dogws/install/realsense2_camera/share/realsense2_camera/package.xml
